#
# There is insufficient memory for the Java Runtime Environment to continue.
# Native memory allocation (malloc) failed to allocate 1881104 bytes for Chunk::new
# Possible reasons:
#   The system is out of physical RAM or swap space
#   The process is running with CompressedOops enabled, and the Java Heap may be blocking the growth of the native heap
# Possible solutions:
#   Reduce memory load on the system
#   Increase physical memory or swap space
#   Check if swap backing store is full
#   Decrease Java heap size (-Xmx/-Xms)
#   Decrease number of Java threads
#   Decrease Java thread stack sizes (-Xss)
#   Set larger code cache with -XX:ReservedCodeCacheSize=
#   JVM is running with Unscaled Compressed Oops mode in which the Java heap is
#     placed in the first 4GB address space. The Java Heap base address is the
#     maximum limit for the native heap growth. Please use -XX:HeapBaseMinAddress
#     to set the Java Heap base and to place the Java Heap above 4GB virtual address.
# This output file may be truncated or incomplete.
#
#  Out of Memory Error (arena.cpp:189), pid=10812, tid=14364
#
# JRE version: OpenJDK Runtime Environment Corretto-17.0.7.7.1 (17.0.7+7) (build 17.0.7+7-LTS)
# Java VM: OpenJDK 64-Bit Server VM Corretto-17.0.7.7.1 (17.0.7+7-LTS, mixed mode, sharing, tiered, compressed oops, compressed class ptrs, g1 gc, windows-amd64)
# No core dump will be written. Minidumps are not enabled by default on client versions of Windows
#

---------------  S U M M A R Y ------------

Command Line: --add-opens=java.base/java.util=ALL-UNNAMED --add-opens=java.base/java.lang=ALL-UNNAMED --add-opens=java.base/java.lang.invoke=ALL-UNNAMED --add-opens=java.base/java.util=ALL-UNNAMED --add-opens=java.prefs/java.util.prefs=ALL-UNNAMED --add-opens=java.prefs/java.util.prefs=ALL-UNNAMED --add-opens=java.base/java.nio.charset=ALL-UNNAMED --add-opens=java.base/java.net=ALL-UNNAMED --add-opens=java.base/java.util.concurrent.atomic=ALL-UNNAMED -XX:MaxMetaspaceSize=256m -XX:+HeapDumpOnOutOfMemoryError -Xms256m -Xmx512m -Dfile.encoding=windows-1251 -Duser.country=RU -Duser.language=ru -Duser.variant org.gradle.launcher.daemon.bootstrap.GradleDaemon 7.4

Host: 12th Gen Intel(R) Core(TM) i5-12500H, 16 cores, 15G,  Windows 11 , 64 bit Build 22621 (10.0.22621.2215)
Time: Wed Oct  4 20:23:49 2023 RTZ 2 (s 11 , 64 bit Build 22621 (10.0.22621.2215) elapsed time: 2.841501 seconds (0d 0h 0m 2s)

---------------  T H R E A D  ---------------

Current thread (0x000001c6bf8bd4b0):  JavaThread "C2 CompilerThread1" daemon [_thread_in_native, id=14364, stack(0x0000004741a00000,0x0000004741b00000)]


Current CompileTask:
C2:   2841 2467       4       java.net.URLClassLoader$1::run (5 bytes)

Stack: [0x0000004741a00000,0x0000004741b00000]
Native frames: (J=compiled Java code, j=interpreted, Vv=VM code, C=native code)
V  [jvm.dll+0x64b53a]
V  [jvm.dll+0x7fef54]
V  [jvm.dll+0x80070e]
V  [jvm.dll+0x800d63]
V  [jvm.dll+0x236a2b]
V  [jvm.dll+0xbd47c]
V  [jvm.dll+0xbda5c]
V  [jvm.dll+0x350c37]
V  [jvm.dll+0x31b60f]
V  [jvm.dll+0x31aa4a]
V  [jvm.dll+0x20acf5]
V  [jvm.dll+0x20a287]
V  [jvm.dll+0x19a2ed]
V  [jvm.dll+0x21967d]
V  [jvm.dll+0x2178c4]
V  [jvm.dll+0x7b7dcb]
V  [jvm.dll+0x7b237a]
V  [jvm.dll+0x64a3a5]
C  [ucrtbase.dll+0x29363]
C  [KERNEL32.DLL+0x1257d]
C  [ntdll.dll+0x5aa68]


---------------  P R O C E S S  ---------------

Threads class SMR info:
_java_thread_list=0x000001c6bfe41ed0, length=32, elements={
0x000001c69c4745f0, 0x000001c6b99dc770, 0x000001c6b99dd5e0, 0x000001c6b99f5c50,
0x000001c6b99f7720, 0x000001c6b99f82d0, 0x000001c6b99fb830, 0x000001c6b99fd370,
0x000001c6b9a00030, 0x000001c6b9a06410, 0x000001c6b99c8cc0, 0x000001c6b9cb27f0,
0x000001c6b9cb2ee0, 0x000001c6bee36310, 0x000001c6bee36820, 0x000001c6bfaa4100,
0x000001c6bee50340, 0x000001c6bf082e20, 0x000001c6beb87f20, 0x000001c6bfeb7030,
0x000001c6bf95efc0, 0x000001c6bf95f490, 0x000001c6c0903f60, 0x000001c6c09030f0,
0x000001c6c0902280, 0x000001c6c09035c0, 0x000001c6c0903a90, 0x000001c6c0901410,
0x000001c6bf8bd4b0, 0x000001c6c09018e0, 0x000001c6c0904900, 0x000001c6bfb18fb0
}

Java Threads: ( => current thread )
  0x000001c69c4745f0 JavaThread "main" [_thread_blocked, id=21392, stack(0x000000473f200000,0x000000473f300000)]
  0x000001c6b99dc770 JavaThread "Reference Handler" daemon [_thread_blocked, id=22204, stack(0x000000473f900000,0x000000473fa00000)]
  0x000001c6b99dd5e0 JavaThread "Finalizer" daemon [_thread_blocked, id=6124, stack(0x000000473fa00000,0x000000473fb00000)]
  0x000001c6b99f5c50 JavaThread "Signal Dispatcher" daemon [_thread_blocked, id=14448, stack(0x000000473fb00000,0x000000473fc00000)]
  0x000001c6b99f7720 JavaThread "Attach Listener" daemon [_thread_blocked, id=4656, stack(0x000000473fc00000,0x000000473fd00000)]
  0x000001c6b99f82d0 JavaThread "Service Thread" daemon [_thread_blocked, id=12232, stack(0x000000473fd00000,0x000000473fe00000)]
  0x000001c6b99fb830 JavaThread "Monitor Deflation Thread" daemon [_thread_blocked, id=8696, stack(0x000000473fe00000,0x000000473ff00000)]
  0x000001c6b99fd370 JavaThread "C2 CompilerThread0" daemon [_thread_in_native, id=5840, stack(0x000000473ff00000,0x0000004740000000)]
  0x000001c6b9a00030 JavaThread "C1 CompilerThread0" daemon [_thread_blocked, id=22516, stack(0x0000004740000000,0x0000004740100000)]
  0x000001c6b9a06410 JavaThread "Sweeper thread" daemon [_thread_blocked, id=10180, stack(0x0000004740100000,0x0000004740200000)]
  0x000001c6b99c8cc0 JavaThread "C1 CompilerThread1" daemon [_thread_blocked, id=3264, stack(0x0000004740200000,0x0000004740300000)]
  0x000001c6b9cb27f0 JavaThread "Common-Cleaner" daemon [_thread_blocked, id=2068, stack(0x0000004740300000,0x0000004740400000)]
  0x000001c6b9cb2ee0 JavaThread "Notification Thread" daemon [_thread_blocked, id=22068, stack(0x0000004740400000,0x0000004740500000)]
  0x000001c6bee36310 JavaThread "C1 CompilerThread2" daemon [_thread_blocked, id=22080, stack(0x0000004740800000,0x0000004740900000)]
  0x000001c6bee36820 JavaThread "C1 CompilerThread3" daemon [_thread_blocked, id=4524, stack(0x0000004740900000,0x0000004740a00000)]
  0x000001c6bfaa4100 JavaThread "Daemon health stats" [_thread_blocked, id=9260, stack(0x0000004740f00000,0x0000004741000000)]
  0x000001c6bee50340 JavaThread "Incoming local TCP Connector on port 53033" [_thread_in_native, id=7228, stack(0x0000004741000000,0x0000004741100000)]
  0x000001c6bf082e20 JavaThread "Daemon periodic checks" [_thread_blocked, id=21876, stack(0x0000004741100000,0x0000004741200000)]
  0x000001c6beb87f20 JavaThread "Daemon" [_thread_blocked, id=11280, stack(0x0000004741200000,0x0000004741300000)]
  0x000001c6bfeb7030 JavaThread "Handler for socket connection from /127.0.0.1:53033 to /127.0.0.1:53034" [_thread_in_native, id=14800, stack(0x0000004741300000,0x0000004741400000)]
  0x000001c6bf95efc0 JavaThread "Cancel handler" [_thread_blocked, id=2588, stack(0x0000004741400000,0x0000004741500000)]
  0x000001c6bf95f490 JavaThread "Daemon worker" [_thread_in_Java, id=22000, stack(0x0000004741500000,0x0000004741600000)]
  0x000001c6c0903f60 JavaThread "Asynchronous log dispatcher for DefaultDaemonConnection: socket connection from /127.0.0.1:53033 to /127.0.0.1:53034" [_thread_blocked, id=10460, stack(0x0000004741600000,0x0000004741700000)]
  0x000001c6c09030f0 JavaThread "Stdin handler" [_thread_blocked, id=16672, stack(0x0000004741700000,0x0000004741800000)]
  0x000001c6c0902280 JavaThread "Daemon client event forwarder" [_thread_blocked, id=236, stack(0x0000004741800000,0x0000004741900000)]
  0x000001c6c09035c0 JavaThread "Cache worker for journal cache (C:\Users\Lisa\.gradle\caches\journal-1)" [_thread_blocked, id=5864, stack(0x0000004740600000,0x0000004740700000)]
  0x000001c6c0903a90 JavaThread "File lock request listener" [_thread_in_native, id=6528, stack(0x0000004740700000,0x0000004740800000)]
  0x000001c6c0901410 JavaThread "Cache worker for file hash cache (C:\Users\Lisa\.gradle\caches\7.4\fileHashes)" [_thread_blocked, id=11880, stack(0x0000004741900000,0x0000004741a00000)]
=>0x000001c6bf8bd4b0 JavaThread "C2 CompilerThread1" daemon [_thread_in_native, id=14364, stack(0x0000004741a00000,0x0000004741b00000)]
  0x000001c6c09018e0 JavaThread "File watcher server" daemon [_thread_in_native, id=22504, stack(0x0000004741b00000,0x0000004741c00000)]
  0x000001c6c0904900 JavaThread "File watcher consumer" daemon [_thread_blocked, id=8024, stack(0x0000004741c00000,0x0000004741d00000)]
  0x000001c6bfb18fb0 JavaThread "C2 CompilerThread2" daemon [_thread_in_native, id=21512, stack(0x0000004741d00000,0x0000004741e00000)]

Other Threads:
  0x000001c6b99d9390 VMThread "VM Thread" [stack: 0x000000473f800000,0x000000473f900000] [id=8316]
  0x000001c6b9cb33b0 WatcherThread [stack: 0x0000004740500000,0x0000004740600000] [id=21908]
  0x000001c69c4a2c40 GCTaskThread "GC Thread#0" [stack: 0x000000473f300000,0x000000473f400000] [id=21904]
  0x000001c6bec78270 GCTaskThread "GC Thread#1" [stack: 0x0000004740a00000,0x0000004740b00000] [id=12428]
  0x000001c6bec78520 GCTaskThread "GC Thread#2" [stack: 0x0000004740b00000,0x0000004740c00000] [id=10912]
  0x000001c6bec787d0 GCTaskThread "GC Thread#3" [stack: 0x0000004740c00000,0x0000004740d00000] [id=21556]
  0x000001c6bec78a80 GCTaskThread "GC Thread#4" [stack: 0x0000004740d00000,0x0000004740e00000] [id=4392]
  0x000001c6be73d0a0 GCTaskThread "GC Thread#5" [stack: 0x0000004740e00000,0x0000004740f00000] [id=16760]
  0x000001c69c4a7b80 ConcurrentGCThread "G1 Main Marker" [stack: 0x000000473f400000,0x000000473f500000] [id=21844]
  0x000001c69c4a8590 ConcurrentGCThread "G1 Conc#0" [stack: 0x000000473f500000,0x000000473f600000] [id=12004]
  0x000001c6b989c520 ConcurrentGCThread "G1 Refine#0" [stack: 0x000000473f600000,0x000000473f700000] [id=2464]
  0x000001c6b989dd60 ConcurrentGCThread "G1 Service" [stack: 0x000000473f700000,0x000000473f800000] [id=6636]

Threads with active compile tasks:
C2 CompilerThread0     2867 2466   !   4       java.net.URLClassLoader::findClass (47 bytes)
C1 CompilerThread3     2867 2536       3       java.util.concurrent.ConcurrentHashMap$EntryIterator::next (51 bytes)
C2 CompilerThread1     2867 2467       4       java.net.URLClassLoader$1::run (5 bytes)
C2 CompilerThread2     2867 2468   !   4       java.net.URLClassLoader$1::run (81 bytes)

VM state: not at safepoint (normal execution)

VM Mutex/Monitor currently owned by a thread: None

Heap address: 0x00000000e0000000, size: 512 MB, Compressed Oops mode: 32-bit

CDS archive(s) mapped at: [0x0000000800000000-0x0000000800bc0000-0x0000000800bc0000), size 12320768, SharedBaseAddress: 0x0000000800000000, ArchiveRelocationMode: 0.
Compressed class space mapped at: 0x0000000801000000-0x000000080e000000, reserved size: 218103808
Narrow klass base: 0x0000000800000000, Narrow klass shift: 0, Narrow klass range: 0x100000000

GC Precious Log:
 CPUs: 16 total, 16 available
 Memory: 16110M
 Large Page Support: Disabled
 NUMA Support: Disabled
 Compressed Oops: Enabled (32-bit)
 Heap Region Size: 1M
 Heap Min Capacity: 256M
 Heap Initial Capacity: 256M
 Heap Max Capacity: 512M
 Pre-touch: Disabled
 Parallel Workers: 13
 Concurrent Workers: 3
 Concurrent Refinement Workers: 13
 Periodic GC: Disabled

Heap:
 garbage-first heap   total 262144K, used 92151K [0x00000000e0000000, 0x0000000100000000)
  region size 1024K, 82 young (83968K), 4 survivors (4096K)
 Metaspace       used 18372K, committed 18624K, reserved 278528K
  class space    used 2691K, committed 2816K, reserved 212992K

Heap Regions: E=young(eden), S=young(survivor), O=old, HS=humongous(starts), HC=humongous(continues), CS=collection set, F=free, OA=open archive, CA=closed archive, TAMS=top-at-mark-start (previous, next)
|   0|0x00000000e0000000, 0x00000000e0000000, 0x00000000e0100000|  0%| F|  |TAMS 0x00000000e0000000, 0x00000000e0000000| Untracked 
|   1|0x00000000e0100000, 0x00000000e0200000, 0x00000000e0200000|100%| O|  |TAMS 0x00000000e0100000, 0x00000000e0100000| Untracked 
|   2|0x00000000e0200000, 0x00000000e0300000, 0x00000000e0300000|100%| O|  |TAMS 0x00000000e0200000, 0x00000000e0200000| Untracked 
|   3|0x00000000e0300000, 0x00000000e0400000, 0x00000000e0400000|100%|HS|  |TAMS 0x00000000e0300000, 0x00000000e0300000| Complete 
|   4|0x00000000e0400000, 0x00000000e0500000, 0x00000000e0500000|100%|HC|  |TAMS 0x00000000e0400000, 0x00000000e0400000| Complete 
|   5|0x00000000e0500000, 0x00000000e0600000, 0x00000000e0600000|100%|HC|  |TAMS 0x00000000e0500000, 0x00000000e0500000| Complete 
|   6|0x00000000e0600000, 0x00000000e0700000, 0x00000000e0700000|100%| O|  |TAMS 0x00000000e0600000, 0x00000000e0600000| Untracked 
|   7|0x00000000e0700000, 0x00000000e0800000, 0x00000000e0800000|100%| O|  |TAMS 0x00000000e0700000, 0x00000000e0700000| Untracked 
|   8|0x00000000e0800000, 0x00000000e0900000, 0x00000000e0900000|100%| O|  |TAMS 0x00000000e0800000, 0x00000000e0800000| Untracked 
|   9|0x00000000e0900000, 0x00000000e09fde00, 0x00000000e0a00000| 99%| O|  |TAMS 0x00000000e0900000, 0x00000000e0900000| Untracked 
|  10|0x00000000e0a00000, 0x00000000e0a00000, 0x00000000e0b00000|  0%| F|  |TAMS 0x00000000e0a00000, 0x00000000e0a00000| Untracked 
|  11|0x00000000e0b00000, 0x00000000e0b00000, 0x00000000e0c00000|  0%| F|  |TAMS 0x00000000e0b00000, 0x00000000e0b00000| Untracked 
|  12|0x00000000e0c00000, 0x00000000e0c00000, 0x00000000e0d00000|  0%| F|  |TAMS 0x00000000e0c00000, 0x00000000e0c00000| Untracked 
|  13|0x00000000e0d00000, 0x00000000e0d00000, 0x00000000e0e00000|  0%| F|  |TAMS 0x00000000e0d00000, 0x00000000e0d00000| Untracked 
|  14|0x00000000e0e00000, 0x00000000e0e00000, 0x00000000e0f00000|  0%| F|  |TAMS 0x00000000e0e00000, 0x00000000e0e00000| Untracked 
|  15|0x00000000e0f00000, 0x00000000e0f00000, 0x00000000e1000000|  0%| F|  |TAMS 0x00000000e0f00000, 0x00000000e0f00000| Untracked 
|  16|0x00000000e1000000, 0x00000000e1000000, 0x00000000e1100000|  0%| F|  |TAMS 0x00000000e1000000, 0x00000000e1000000| Untracked 
|  17|0x00000000e1100000, 0x00000000e1100000, 0x00000000e1200000|  0%| F|  |TAMS 0x00000000e1100000, 0x00000000e1100000| Untracked 
|  18|0x00000000e1200000, 0x00000000e1200000, 0x00000000e1300000|  0%| F|  |TAMS 0x00000000e1200000, 0x00000000e1200000| Untracked 
|  19|0x00000000e1300000, 0x00000000e1300000, 0x00000000e1400000|  0%| F|  |TAMS 0x00000000e1300000, 0x00000000e1300000| Untracked 
|  20|0x00000000e1400000, 0x00000000e1400000, 0x00000000e1500000|  0%| F|  |TAMS 0x00000000e1400000, 0x00000000e1400000| Untracked 
|  21|0x00000000e1500000, 0x00000000e1500000, 0x00000000e1600000|  0%| F|  |TAMS 0x00000000e1500000, 0x00000000e1500000| Untracked 
|  22|0x00000000e1600000, 0x00000000e1600000, 0x00000000e1700000|  0%| F|  |TAMS 0x00000000e1600000, 0x00000000e1600000| Untracked 
|  23|0x00000000e1700000, 0x00000000e1700000, 0x00000000e1800000|  0%| F|  |TAMS 0x00000000e1700000, 0x00000000e1700000| Untracked 
|  24|0x00000000e1800000, 0x00000000e1800000, 0x00000000e1900000|  0%| F|  |TAMS 0x00000000e1800000, 0x00000000e1800000| Untracked 
|  25|0x00000000e1900000, 0x00000000e1900000, 0x00000000e1a00000|  0%| F|  |TAMS 0x00000000e1900000, 0x00000000e1900000| Untracked 
|  26|0x00000000e1a00000, 0x00000000e1a00000, 0x00000000e1b00000|  0%| F|  |TAMS 0x00000000e1a00000, 0x00000000e1a00000| Untracked 
|  27|0x00000000e1b00000, 0x00000000e1b00000, 0x00000000e1c00000|  0%| F|  |TAMS 0x00000000e1b00000, 0x00000000e1b00000| Untracked 
|  28|0x00000000e1c00000, 0x00000000e1c00000, 0x00000000e1d00000|  0%| F|  |TAMS 0x00000000e1c00000, 0x00000000e1c00000| Untracked 
|  29|0x00000000e1d00000, 0x00000000e1d00000, 0x00000000e1e00000|  0%| F|  |TAMS 0x00000000e1d00000, 0x00000000e1d00000| Untracked 
|  30|0x00000000e1e00000, 0x00000000e1e00000, 0x00000000e1f00000|  0%| F|  |TAMS 0x00000000e1e00000, 0x00000000e1e00000| Untracked 
|  31|0x00000000e1f00000, 0x00000000e1f00000, 0x00000000e2000000|  0%| F|  |TAMS 0x00000000e1f00000, 0x00000000e1f00000| Untracked 
|  32|0x00000000e2000000, 0x00000000e2000000, 0x00000000e2100000|  0%| F|  |TAMS 0x00000000e2000000, 0x00000000e2000000| Untracked 
|  33|0x00000000e2100000, 0x00000000e2100000, 0x00000000e2200000|  0%| F|  |TAMS 0x00000000e2100000, 0x00000000e2100000| Untracked 
|  34|0x00000000e2200000, 0x00000000e2200000, 0x00000000e2300000|  0%| F|  |TAMS 0x00000000e2200000, 0x00000000e2200000| Untracked 
|  35|0x00000000e2300000, 0x00000000e2300000, 0x00000000e2400000|  0%| F|  |TAMS 0x00000000e2300000, 0x00000000e2300000| Untracked 
|  36|0x00000000e2400000, 0x00000000e2400000, 0x00000000e2500000|  0%| F|  |TAMS 0x00000000e2400000, 0x00000000e2400000| Untracked 
|  37|0x00000000e2500000, 0x00000000e2500000, 0x00000000e2600000|  0%| F|  |TAMS 0x00000000e2500000, 0x00000000e2500000| Untracked 
|  38|0x00000000e2600000, 0x00000000e2600000, 0x00000000e2700000|  0%| F|  |TAMS 0x00000000e2600000, 0x00000000e2600000| Untracked 
|  39|0x00000000e2700000, 0x00000000e2700000, 0x00000000e2800000|  0%| F|  |TAMS 0x00000000e2700000, 0x00000000e2700000| Untracked 
|  40|0x00000000e2800000, 0x00000000e2800000, 0x00000000e2900000|  0%| F|  |TAMS 0x00000000e2800000, 0x00000000e2800000| Untracked 
|  41|0x00000000e2900000, 0x00000000e2900000, 0x00000000e2a00000|  0%| F|  |TAMS 0x00000000e2900000, 0x00000000e2900000| Untracked 
|  42|0x00000000e2a00000, 0x00000000e2a00000, 0x00000000e2b00000|  0%| F|  |TAMS 0x00000000e2a00000, 0x00000000e2a00000| Untracked 
|  43|0x00000000e2b00000, 0x00000000e2b00000, 0x00000000e2c00000|  0%| F|  |TAMS 0x00000000e2b00000, 0x00000000e2b00000| Untracked 
|  44|0x00000000e2c00000, 0x00000000e2c00000, 0x00000000e2d00000|  0%| F|  |TAMS 0x00000000e2c00000, 0x00000000e2c00000| Untracked 
|  45|0x00000000e2d00000, 0x00000000e2d00000, 0x00000000e2e00000|  0%| F|  |TAMS 0x00000000e2d00000, 0x00000000e2d00000| Untracked 
|  46|0x00000000e2e00000, 0x00000000e2e00000, 0x00000000e2f00000|  0%| F|  |TAMS 0x00000000e2e00000, 0x00000000e2e00000| Untracked 
|  47|0x00000000e2f00000, 0x00000000e2f00000, 0x00000000e3000000|  0%| F|  |TAMS 0x00000000e2f00000, 0x00000000e2f00000| Untracked 
|  48|0x00000000e3000000, 0x00000000e3000000, 0x00000000e3100000|  0%| F|  |TAMS 0x00000000e3000000, 0x00000000e3000000| Untracked 
|  49|0x00000000e3100000, 0x00000000e3100000, 0x00000000e3200000|  0%| F|  |TAMS 0x00000000e3100000, 0x00000000e3100000| Untracked 
|  50|0x00000000e3200000, 0x00000000e3200000, 0x00000000e3300000|  0%| F|  |TAMS 0x00000000e3200000, 0x00000000e3200000| Untracked 
|  51|0x00000000e3300000, 0x00000000e3300000, 0x00000000e3400000|  0%| F|  |TAMS 0x00000000e3300000, 0x00000000e3300000| Untracked 
|  52|0x00000000e3400000, 0x00000000e3400000, 0x00000000e3500000|  0%| F|  |TAMS 0x00000000e3400000, 0x00000000e3400000| Untracked 
|  53|0x00000000e3500000, 0x00000000e3500000, 0x00000000e3600000|  0%| F|  |TAMS 0x00000000e3500000, 0x00000000e3500000| Untracked 
|  54|0x00000000e3600000, 0x00000000e3600000, 0x00000000e3700000|  0%| F|  |TAMS 0x00000000e3600000, 0x00000000e3600000| Untracked 
|  55|0x00000000e3700000, 0x00000000e3700000, 0x00000000e3800000|  0%| F|  |TAMS 0x00000000e3700000, 0x00000000e3700000| Untracked 
|  56|0x00000000e3800000, 0x00000000e3800000, 0x00000000e3900000|  0%| F|  |TAMS 0x00000000e3800000, 0x00000000e3800000| Untracked 
|  57|0x00000000e3900000, 0x00000000e3900000, 0x00000000e3a00000|  0%| F|  |TAMS 0x00000000e3900000, 0x00000000e3900000| Untracked 
|  58|0x00000000e3a00000, 0x00000000e3a00000, 0x00000000e3b00000|  0%| F|  |TAMS 0x00000000e3a00000, 0x00000000e3a00000| Untracked 
|  59|0x00000000e3b00000, 0x00000000e3b00000, 0x00000000e3c00000|  0%| F|  |TAMS 0x00000000e3b00000, 0x00000000e3b00000| Untracked 
|  60|0x00000000e3c00000, 0x00000000e3c00000, 0x00000000e3d00000|  0%| F|  |TAMS 0x00000000e3c00000, 0x00000000e3c00000| Untracked 
|  61|0x00000000e3d00000, 0x00000000e3d00000, 0x00000000e3e00000|  0%| F|  |TAMS 0x00000000e3d00000, 0x00000000e3d00000| Untracked 
|  62|0x00000000e3e00000, 0x00000000e3e00000, 0x00000000e3f00000|  0%| F|  |TAMS 0x00000000e3e00000, 0x00000000e3e00000| Untracked 
|  63|0x00000000e3f00000, 0x00000000e3f00000, 0x00000000e4000000|  0%| F|  |TAMS 0x00000000e3f00000, 0x00000000e3f00000| Untracked 
|  64|0x00000000e4000000, 0x00000000e4000000, 0x00000000e4100000|  0%| F|  |TAMS 0x00000000e4000000, 0x00000000e4000000| Untracked 
|  65|0x00000000e4100000, 0x00000000e4100000, 0x00000000e4200000|  0%| F|  |TAMS 0x00000000e4100000, 0x00000000e4100000| Untracked 
|  66|0x00000000e4200000, 0x00000000e4200000, 0x00000000e4300000|  0%| F|  |TAMS 0x00000000e4200000, 0x00000000e4200000| Untracked 
|  67|0x00000000e4300000, 0x00000000e4300000, 0x00000000e4400000|  0%| F|  |TAMS 0x00000000e4300000, 0x00000000e4300000| Untracked 
|  68|0x00000000e4400000, 0x00000000e4400000, 0x00000000e4500000|  0%| F|  |TAMS 0x00000000e4400000, 0x00000000e4400000| Untracked 
|  69|0x00000000e4500000, 0x00000000e4500000, 0x00000000e4600000|  0%| F|  |TAMS 0x00000000e4500000, 0x00000000e4500000| Untracked 
|  70|0x00000000e4600000, 0x00000000e4600000, 0x00000000e4700000|  0%| F|  |TAMS 0x00000000e4600000, 0x00000000e4600000| Untracked 
|  71|0x00000000e4700000, 0x00000000e4700000, 0x00000000e4800000|  0%| F|  |TAMS 0x00000000e4700000, 0x00000000e4700000| Untracked 
|  72|0x00000000e4800000, 0x00000000e4800000, 0x00000000e4900000|  0%| F|  |TAMS 0x00000000e4800000, 0x00000000e4800000| Untracked 
|  73|0x00000000e4900000, 0x00000000e4900000, 0x00000000e4a00000|  0%| F|  |TAMS 0x00000000e4900000, 0x00000000e4900000| Untracked 
|  74|0x00000000e4a00000, 0x00000000e4a00000, 0x00000000e4b00000|  0%| F|  |TAMS 0x00000000e4a00000, 0x00000000e4a00000| Untracked 
|  75|0x00000000e4b00000, 0x00000000e4b00000, 0x00000000e4c00000|  0%| F|  |TAMS 0x00000000e4b00000, 0x00000000e4b00000| Untracked 
|  76|0x00000000e4c00000, 0x00000000e4c00000, 0x00000000e4d00000|  0%| F|  |TAMS 0x00000000e4c00000, 0x00000000e4c00000| Untracked 
|  77|0x00000000e4d00000, 0x00000000e4d00000, 0x00000000e4e00000|  0%| F|  |TAMS 0x00000000e4d00000, 0x00000000e4d00000| Untracked 
|  78|0x00000000e4e00000, 0x00000000e4e00000, 0x00000000e4f00000|  0%| F|  |TAMS 0x00000000e4e00000, 0x00000000e4e00000| Untracked 
|  79|0x00000000e4f00000, 0x00000000e4f00000, 0x00000000e5000000|  0%| F|  |TAMS 0x00000000e4f00000, 0x00000000e4f00000| Untracked 
|  80|0x00000000e5000000, 0x00000000e5000000, 0x00000000e5100000|  0%| F|  |TAMS 0x00000000e5000000, 0x00000000e5000000| Untracked 
|  81|0x00000000e5100000, 0x00000000e5100000, 0x00000000e5200000|  0%| F|  |TAMS 0x00000000e5100000, 0x00000000e5100000| Untracked 
|  82|0x00000000e5200000, 0x00000000e5200000, 0x00000000e5300000|  0%| F|  |TAMS 0x00000000e5200000, 0x00000000e5200000| Untracked 
|  83|0x00000000e5300000, 0x00000000e5300000, 0x00000000e5400000|  0%| F|  |TAMS 0x00000000e5300000, 0x00000000e5300000| Untracked 
|  84|0x00000000e5400000, 0x00000000e5400000, 0x00000000e5500000|  0%| F|  |TAMS 0x00000000e5400000, 0x00000000e5400000| Untracked 
|  85|0x00000000e5500000, 0x00000000e5500000, 0x00000000e5600000|  0%| F|  |TAMS 0x00000000e5500000, 0x00000000e5500000| Untracked 
|  86|0x00000000e5600000, 0x00000000e5600000, 0x00000000e5700000|  0%| F|  |TAMS 0x00000000e5600000, 0x00000000e5600000| Untracked 
|  87|0x00000000e5700000, 0x00000000e5700000, 0x00000000e5800000|  0%| F|  |TAMS 0x00000000e5700000, 0x00000000e5700000| Untracked 
|  88|0x00000000e5800000, 0x00000000e5800000, 0x00000000e5900000|  0%| F|  |TAMS 0x00000000e5800000, 0x00000000e5800000| Untracked 
|  89|0x00000000e5900000, 0x00000000e5900000, 0x00000000e5a00000|  0%| F|  |TAMS 0x00000000e5900000, 0x00000000e5900000| Untracked 
|  90|0x00000000e5a00000, 0x00000000e5a00000, 0x00000000e5b00000|  0%| F|  |TAMS 0x00000000e5a00000, 0x00000000e5a00000| Untracked 
|  91|0x00000000e5b00000, 0x00000000e5b00000, 0x00000000e5c00000|  0%| F|  |TAMS 0x00000000e5b00000, 0x00000000e5b00000| Untracked 
|  92|0x00000000e5c00000, 0x00000000e5c00000, 0x00000000e5d00000|  0%| F|  |TAMS 0x00000000e5c00000, 0x00000000e5c00000| Untracked 
|  93|0x00000000e5d00000, 0x00000000e5d00000, 0x00000000e5e00000|  0%| F|  |TAMS 0x00000000e5d00000, 0x00000000e5d00000| Untracked 
|  94|0x00000000e5e00000, 0x00000000e5e00000, 0x00000000e5f00000|  0%| F|  |TAMS 0x00000000e5e00000, 0x00000000e5e00000| Untracked 
|  95|0x00000000e5f00000, 0x00000000e5f00000, 0x00000000e6000000|  0%| F|  |TAMS 0x00000000e5f00000, 0x00000000e5f00000| Untracked 
|  96|0x00000000e6000000, 0x00000000e6000000, 0x00000000e6100000|  0%| F|  |TAMS 0x00000000e6000000, 0x00000000e6000000| Untracked 
|  97|0x00000000e6100000, 0x00000000e6100000, 0x00000000e6200000|  0%| F|  |TAMS 0x00000000e6100000, 0x00000000e6100000| Untracked 
|  98|0x00000000e6200000, 0x00000000e6200000, 0x00000000e6300000|  0%| F|  |TAMS 0x00000000e6200000, 0x00000000e6200000| Untracked 
|  99|0x00000000e6300000, 0x00000000e6300000, 0x00000000e6400000|  0%| F|  |TAMS 0x00000000e6300000, 0x00000000e6300000| Untracked 
| 100|0x00000000e6400000, 0x00000000e6400000, 0x00000000e6500000|  0%| F|  |TAMS 0x00000000e6400000, 0x00000000e6400000| Untracked 
| 101|0x00000000e6500000, 0x00000000e6500000, 0x00000000e6600000|  0%| F|  |TAMS 0x00000000e6500000, 0x00000000e6500000| Untracked 
| 102|0x00000000e6600000, 0x00000000e6600000, 0x00000000e6700000|  0%| F|  |TAMS 0x00000000e6600000, 0x00000000e6600000| Untracked 
| 103|0x00000000e6700000, 0x00000000e6700000, 0x00000000e6800000|  0%| F|  |TAMS 0x00000000e6700000, 0x00000000e6700000| Untracked 
| 104|0x00000000e6800000, 0x00000000e6800000, 0x00000000e6900000|  0%| F|  |TAMS 0x00000000e6800000, 0x00000000e6800000| Untracked 
| 105|0x00000000e6900000, 0x00000000e6900000, 0x00000000e6a00000|  0%| F|  |TAMS 0x00000000e6900000, 0x00000000e6900000| Untracked 
| 106|0x00000000e6a00000, 0x00000000e6a00000, 0x00000000e6b00000|  0%| F|  |TAMS 0x00000000e6a00000, 0x00000000e6a00000| Untracked 
| 107|0x00000000e6b00000, 0x00000000e6b00000, 0x00000000e6c00000|  0%| F|  |TAMS 0x00000000e6b00000, 0x00000000e6b00000| Untracked 
| 108|0x00000000e6c00000, 0x00000000e6c00000, 0x00000000e6d00000|  0%| F|  |TAMS 0x00000000e6c00000, 0x00000000e6c00000| Untracked 
| 109|0x00000000e6d00000, 0x00000000e6d00000, 0x00000000e6e00000|  0%| F|  |TAMS 0x00000000e6d00000, 0x00000000e6d00000| Untracked 
| 110|0x00000000e6e00000, 0x00000000e6e00000, 0x00000000e6f00000|  0%| F|  |TAMS 0x00000000e6e00000, 0x00000000e6e00000| Untracked 
| 111|0x00000000e6f00000, 0x00000000e6f00000, 0x00000000e7000000|  0%| F|  |TAMS 0x00000000e6f00000, 0x00000000e6f00000| Untracked 
| 112|0x00000000e7000000, 0x00000000e7000000, 0x00000000e7100000|  0%| F|  |TAMS 0x00000000e7000000, 0x00000000e7000000| Untracked 
| 113|0x00000000e7100000, 0x00000000e7100000, 0x00000000e7200000|  0%| F|  |TAMS 0x00000000e7100000, 0x00000000e7100000| Untracked 
| 114|0x00000000e7200000, 0x00000000e7200000, 0x00000000e7300000|  0%| F|  |TAMS 0x00000000e7200000, 0x00000000e7200000| Untracked 
| 115|0x00000000e7300000, 0x00000000e7300000, 0x00000000e7400000|  0%| F|  |TAMS 0x00000000e7300000, 0x00000000e7300000| Untracked 
| 116|0x00000000e7400000, 0x00000000e7400000, 0x00000000e7500000|  0%| F|  |TAMS 0x00000000e7400000, 0x00000000e7400000| Untracked 
| 117|0x00000000e7500000, 0x00000000e7500000, 0x00000000e7600000|  0%| F|  |TAMS 0x00000000e7500000, 0x00000000e7500000| Untracked 
| 118|0x00000000e7600000, 0x00000000e7600000, 0x00000000e7700000|  0%| F|  |TAMS 0x00000000e7600000, 0x00000000e7600000| Untracked 
| 119|0x00000000e7700000, 0x00000000e7700000, 0x00000000e7800000|  0%| F|  |TAMS 0x00000000e7700000, 0x00000000e7700000| Untracked 
| 120|0x00000000e7800000, 0x00000000e7800000, 0x00000000e7900000|  0%| F|  |TAMS 0x00000000e7800000, 0x00000000e7800000| Untracked 
| 121|0x00000000e7900000, 0x00000000e7900000, 0x00000000e7a00000|  0%| F|  |TAMS 0x00000000e7900000, 0x00000000e7900000| Untracked 
| 122|0x00000000e7a00000, 0x00000000e7a00000, 0x00000000e7b00000|  0%| F|  |TAMS 0x00000000e7a00000, 0x00000000e7a00000| Untracked 
| 123|0x00000000e7b00000, 0x00000000e7b00000, 0x00000000e7c00000|  0%| F|  |TAMS 0x00000000e7b00000, 0x00000000e7b00000| Untracked 
| 124|0x00000000e7c00000, 0x00000000e7c00000, 0x00000000e7d00000|  0%| F|  |TAMS 0x00000000e7c00000, 0x00000000e7c00000| Untracked 
| 125|0x00000000e7d00000, 0x00000000e7d00000, 0x00000000e7e00000|  0%| F|  |TAMS 0x00000000e7d00000, 0x00000000e7d00000| Untracked 
| 126|0x00000000e7e00000, 0x00000000e7e00000, 0x00000000e7f00000|  0%| F|  |TAMS 0x00000000e7e00000, 0x00000000e7e00000| Untracked 
| 127|0x00000000e7f00000, 0x00000000e7f00000, 0x00000000e8000000|  0%| F|  |TAMS 0x00000000e7f00000, 0x00000000e7f00000| Untracked 
| 128|0x00000000e8000000, 0x00000000e8000000, 0x00000000e8100000|  0%| F|  |TAMS 0x00000000e8000000, 0x00000000e8000000| Untracked 
| 129|0x00000000e8100000, 0x00000000e8100000, 0x00000000e8200000|  0%| F|  |TAMS 0x00000000e8100000, 0x00000000e8100000| Untracked 
| 130|0x00000000e8200000, 0x00000000e8200000, 0x00000000e8300000|  0%| F|  |TAMS 0x00000000e8200000, 0x00000000e8200000| Untracked 
| 131|0x00000000e8300000, 0x00000000e8300000, 0x00000000e8400000|  0%| F|  |TAMS 0x00000000e8300000, 0x00000000e8300000| Untracked 
| 132|0x00000000e8400000, 0x00000000e8400000, 0x00000000e8500000|  0%| F|  |TAMS 0x00000000e8400000, 0x00000000e8400000| Untracked 
| 133|0x00000000e8500000, 0x00000000e8500000, 0x00000000e8600000|  0%| F|  |TAMS 0x00000000e8500000, 0x00000000e8500000| Untracked 
| 134|0x00000000e8600000, 0x00000000e8600000, 0x00000000e8700000|  0%| F|  |TAMS 0x00000000e8600000, 0x00000000e8600000| Untracked 
| 135|0x00000000e8700000, 0x00000000e8700000, 0x00000000e8800000|  0%| F|  |TAMS 0x00000000e8700000, 0x00000000e8700000| Untracked 
| 136|0x00000000e8800000, 0x00000000e8800000, 0x00000000e8900000|  0%| F|  |TAMS 0x00000000e8800000, 0x00000000e8800000| Untracked 
| 137|0x00000000e8900000, 0x00000000e8900000, 0x00000000e8a00000|  0%| F|  |TAMS 0x00000000e8900000, 0x00000000e8900000| Untracked 
| 138|0x00000000e8a00000, 0x00000000e8a00000, 0x00000000e8b00000|  0%| F|  |TAMS 0x00000000e8a00000, 0x00000000e8a00000| Untracked 
| 139|0x00000000e8b00000, 0x00000000e8b00000, 0x00000000e8c00000|  0%| F|  |TAMS 0x00000000e8b00000, 0x00000000e8b00000| Untracked 
| 140|0x00000000e8c00000, 0x00000000e8c00000, 0x00000000e8d00000|  0%| F|  |TAMS 0x00000000e8c00000, 0x00000000e8c00000| Untracked 
| 141|0x00000000e8d00000, 0x00000000e8d00000, 0x00000000e8e00000|  0%| F|  |TAMS 0x00000000e8d00000, 0x00000000e8d00000| Untracked 
| 142|0x00000000e8e00000, 0x00000000e8e00000, 0x00000000e8f00000|  0%| F|  |TAMS 0x00000000e8e00000, 0x00000000e8e00000| Untracked 
| 143|0x00000000e8f00000, 0x00000000e8f00000, 0x00000000e9000000|  0%| F|  |TAMS 0x00000000e8f00000, 0x00000000e8f00000| Untracked 
| 144|0x00000000e9000000, 0x00000000e9000000, 0x00000000e9100000|  0%| F|  |TAMS 0x00000000e9000000, 0x00000000e9000000| Untracked 
| 145|0x00000000e9100000, 0x00000000e9100000, 0x00000000e9200000|  0%| F|  |TAMS 0x00000000e9100000, 0x00000000e9100000| Untracked 
| 146|0x00000000e9200000, 0x00000000e9200000, 0x00000000e9300000|  0%| F|  |TAMS 0x00000000e9200000, 0x00000000e9200000| Untracked 
| 147|0x00000000e9300000, 0x00000000e9300000, 0x00000000e9400000|  0%| F|  |TAMS 0x00000000e9300000, 0x00000000e9300000| Untracked 
| 148|0x00000000e9400000, 0x00000000e9400000, 0x00000000e9500000|  0%| F|  |TAMS 0x00000000e9400000, 0x00000000e9400000| Untracked 
| 149|0x00000000e9500000, 0x00000000e9500000, 0x00000000e9600000|  0%| F|  |TAMS 0x00000000e9500000, 0x00000000e9500000| Untracked 
| 150|0x00000000e9600000, 0x00000000e9600000, 0x00000000e9700000|  0%| F|  |TAMS 0x00000000e9600000, 0x00000000e9600000| Untracked 
| 151|0x00000000e9700000, 0x00000000e9700000, 0x00000000e9800000|  0%| F|  |TAMS 0x00000000e9700000, 0x00000000e9700000| Untracked 
| 152|0x00000000e9800000, 0x00000000e9800000, 0x00000000e9900000|  0%| F|  |TAMS 0x00000000e9800000, 0x00000000e9800000| Untracked 
| 153|0x00000000e9900000, 0x00000000e9900000, 0x00000000e9a00000|  0%| F|  |TAMS 0x00000000e9900000, 0x00000000e9900000| Untracked 
| 154|0x00000000e9a00000, 0x00000000e9a00000, 0x00000000e9b00000|  0%| F|  |TAMS 0x00000000e9a00000, 0x00000000e9a00000| Untracked 
| 155|0x00000000e9b00000, 0x00000000e9b00000, 0x00000000e9c00000|  0%| F|  |TAMS 0x00000000e9b00000, 0x00000000e9b00000| Untracked 
| 156|0x00000000e9c00000, 0x00000000e9c00000, 0x00000000e9d00000|  0%| F|  |TAMS 0x00000000e9c00000, 0x00000000e9c00000| Untracked 
| 157|0x00000000e9d00000, 0x00000000e9d00000, 0x00000000e9e00000|  0%| F|  |TAMS 0x00000000e9d00000, 0x00000000e9d00000| Untracked 
| 158|0x00000000e9e00000, 0x00000000e9e00000, 0x00000000e9f00000|  0%| F|  |TAMS 0x00000000e9e00000, 0x00000000e9e00000| Untracked 
| 159|0x00000000e9f00000, 0x00000000e9f00000, 0x00000000ea000000|  0%| F|  |TAMS 0x00000000e9f00000, 0x00000000e9f00000| Untracked 
| 160|0x00000000ea000000, 0x00000000ea000000, 0x00000000ea100000|  0%| F|  |TAMS 0x00000000ea000000, 0x00000000ea000000| Untracked 
| 161|0x00000000ea100000, 0x00000000ea100000, 0x00000000ea200000|  0%| F|  |TAMS 0x00000000ea100000, 0x00000000ea100000| Untracked 
| 162|0x00000000ea200000, 0x00000000ea200000, 0x00000000ea300000|  0%| F|  |TAMS 0x00000000ea200000, 0x00000000ea200000| Untracked 
| 163|0x00000000ea300000, 0x00000000ea300000, 0x00000000ea400000|  0%| F|  |TAMS 0x00000000ea300000, 0x00000000ea300000| Untracked 
| 164|0x00000000ea400000, 0x00000000ea400000, 0x00000000ea500000|  0%| F|  |TAMS 0x00000000ea400000, 0x00000000ea400000| Untracked 
| 165|0x00000000ea500000, 0x00000000ea500000, 0x00000000ea600000|  0%| F|  |TAMS 0x00000000ea500000, 0x00000000ea500000| Untracked 
| 166|0x00000000ea600000, 0x00000000ea600000, 0x00000000ea700000|  0%| F|  |TAMS 0x00000000ea600000, 0x00000000ea600000| Untracked 
| 167|0x00000000ea700000, 0x00000000ea700000, 0x00000000ea800000|  0%| F|  |TAMS 0x00000000ea700000, 0x00000000ea700000| Untracked 
| 168|0x00000000ea800000, 0x00000000ea800000, 0x00000000ea900000|  0%| F|  |TAMS 0x00000000ea800000, 0x00000000ea800000| Untracked 
| 169|0x00000000ea900000, 0x00000000ea900000, 0x00000000eaa00000|  0%| F|  |TAMS 0x00000000ea900000, 0x00000000ea900000| Untracked 
| 170|0x00000000eaa00000, 0x00000000eaa00000, 0x00000000eab00000|  0%| F|  |TAMS 0x00000000eaa00000, 0x00000000eaa00000| Untracked 
| 171|0x00000000eab00000, 0x00000000eab00000, 0x00000000eac00000|  0%| F|  |TAMS 0x00000000eab00000, 0x00000000eab00000| Untracked 
| 172|0x00000000eac00000, 0x00000000eac00000, 0x00000000ead00000|  0%| F|  |TAMS 0x00000000eac00000, 0x00000000eac00000| Untracked 
| 173|0x00000000ead00000, 0x00000000ead00000, 0x00000000eae00000|  0%| F|  |TAMS 0x00000000ead00000, 0x00000000ead00000| Untracked 
| 174|0x00000000eae00000, 0x00000000eae8f870, 0x00000000eaf00000| 56%| E|  |TAMS 0x00000000eae00000, 0x00000000eae00000| Complete 
| 175|0x00000000eaf00000, 0x00000000eb000000, 0x00000000eb000000|100%| E|CS|TAMS 0x00000000eaf00000, 0x00000000eaf00000| Complete 
| 176|0x00000000eb000000, 0x00000000eb100000, 0x00000000eb100000|100%| E|CS|TAMS 0x00000000eb000000, 0x00000000eb000000| Complete 
| 177|0x00000000eb100000, 0x00000000eb200000, 0x00000000eb200000|100%| E|CS|TAMS 0x00000000eb100000, 0x00000000eb100000| Complete 
| 178|0x00000000eb200000, 0x00000000eb300000, 0x00000000eb300000|100%| E|CS|TAMS 0x00000000eb200000, 0x00000000eb200000| Complete 
| 179|0x00000000eb300000, 0x00000000eb400000, 0x00000000eb400000|100%| E|CS|TAMS 0x00000000eb300000, 0x00000000eb300000| Complete 
| 180|0x00000000eb400000, 0x00000000eb500000, 0x00000000eb500000|100%| E|CS|TAMS 0x00000000eb400000, 0x00000000eb400000| Complete 
| 181|0x00000000eb500000, 0x00000000eb600000, 0x00000000eb600000|100%| E|CS|TAMS 0x00000000eb500000, 0x00000000eb500000| Complete 
| 182|0x00000000eb600000, 0x00000000eb700000, 0x00000000eb700000|100%| E|CS|TAMS 0x00000000eb600000, 0x00000000eb600000| Complete 
| 183|0x00000000eb700000, 0x00000000eb800000, 0x00000000eb800000|100%| E|CS|TAMS 0x00000000eb700000, 0x00000000eb700000| Complete 
| 184|0x00000000eb800000, 0x00000000eb900000, 0x00000000eb900000|100%| E|CS|TAMS 0x00000000eb800000, 0x00000000eb800000| Complete 
| 185|0x00000000eb900000, 0x00000000eba00000, 0x00000000eba00000|100%| E|CS|TAMS 0x00000000eb900000, 0x00000000eb900000| Complete 
| 186|0x00000000eba00000, 0x00000000ebb00000, 0x00000000ebb00000|100%| E|CS|TAMS 0x00000000eba00000, 0x00000000eba00000| Complete 
| 187|0x00000000ebb00000, 0x00000000ebc00000, 0x00000000ebc00000|100%| E|CS|TAMS 0x00000000ebb00000, 0x00000000ebb00000| Complete 
| 188|0x00000000ebc00000, 0x00000000ebd00000, 0x00000000ebd00000|100%| E|CS|TAMS 0x00000000ebc00000, 0x00000000ebc00000| Complete 
| 189|0x00000000ebd00000, 0x00000000ebe00000, 0x00000000ebe00000|100%| E|CS|TAMS 0x00000000ebd00000, 0x00000000ebd00000| Complete 
| 190|0x00000000ebe00000, 0x00000000ebf00000, 0x00000000ebf00000|100%| E|CS|TAMS 0x00000000ebe00000, 0x00000000ebe00000| Complete 
| 191|0x00000000ebf00000, 0x00000000ec000000, 0x00000000ec000000|100%| E|CS|TAMS 0x00000000ebf00000, 0x00000000ebf00000| Complete 
| 192|0x00000000ec000000, 0x00000000ec100000, 0x00000000ec100000|100%| E|CS|TAMS 0x00000000ec000000, 0x00000000ec000000| Complete 
| 193|0x00000000ec100000, 0x00000000ec200000, 0x00000000ec200000|100%| E|CS|TAMS 0x00000000ec100000, 0x00000000ec100000| Complete 
| 194|0x00000000ec200000, 0x00000000ec300000, 0x00000000ec300000|100%| E|CS|TAMS 0x00000000ec200000, 0x00000000ec200000| Complete 
| 195|0x00000000ec300000, 0x00000000ec400000, 0x00000000ec400000|100%| E|CS|TAMS 0x00000000ec300000, 0x00000000ec300000| Complete 
| 196|0x00000000ec400000, 0x00000000ec500000, 0x00000000ec500000|100%| E|CS|TAMS 0x00000000ec400000, 0x00000000ec400000| Complete 
| 197|0x00000000ec500000, 0x00000000ec600000, 0x00000000ec600000|100%| E|CS|TAMS 0x00000000ec500000, 0x00000000ec500000| Complete 
| 198|0x00000000ec600000, 0x00000000ec700000, 0x00000000ec700000|100%| E|CS|TAMS 0x00000000ec600000, 0x00000000ec600000| Complete 
| 199|0x00000000ec700000, 0x00000000ec800000, 0x00000000ec800000|100%| E|CS|TAMS 0x00000000ec700000, 0x00000000ec700000| Complete 
| 200|0x00000000ec800000, 0x00000000ec900000, 0x00000000ec900000|100%| E|CS|TAMS 0x00000000ec800000, 0x00000000ec800000| Complete 
| 201|0x00000000ec900000, 0x00000000eca00000, 0x00000000eca00000|100%| E|CS|TAMS 0x00000000ec900000, 0x00000000ec900000| Complete 
| 202|0x00000000eca00000, 0x00000000ecb00000, 0x00000000ecb00000|100%| E|CS|TAMS 0x00000000eca00000, 0x00000000eca00000| Complete 
| 203|0x00000000ecb00000, 0x00000000ecc00000, 0x00000000ecc00000|100%| E|CS|TAMS 0x00000000ecb00000, 0x00000000ecb00000| Complete 
| 204|0x00000000ecc00000, 0x00000000ecd00000, 0x00000000ecd00000|100%| E|CS|TAMS 0x00000000ecc00000, 0x00000000ecc00000| Complete 
| 205|0x00000000ecd00000, 0x00000000ece00000, 0x00000000ece00000|100%| E|CS|TAMS 0x00000000ecd00000, 0x00000000ecd00000| Complete 
| 206|0x00000000ece00000, 0x00000000ecf00000, 0x00000000ecf00000|100%| E|CS|TAMS 0x00000000ece00000, 0x00000000ece00000| Complete 
| 207|0x00000000ecf00000, 0x00000000ed000000, 0x00000000ed000000|100%| E|CS|TAMS 0x00000000ecf00000, 0x00000000ecf00000| Complete 
| 208|0x00000000ed000000, 0x00000000ed100000, 0x00000000ed100000|100%| E|CS|TAMS 0x00000000ed000000, 0x00000000ed000000| Complete 
| 209|0x00000000ed100000, 0x00000000ed200000, 0x00000000ed200000|100%| E|CS|TAMS 0x00000000ed100000, 0x00000000ed100000| Complete 
| 210|0x00000000ed200000, 0x00000000ed300000, 0x00000000ed300000|100%| E|CS|TAMS 0x00000000ed200000, 0x00000000ed200000| Complete 
| 211|0x00000000ed300000, 0x00000000ed400000, 0x00000000ed400000|100%| E|CS|TAMS 0x00000000ed300000, 0x00000000ed300000| Complete 
| 212|0x00000000ed400000, 0x00000000ed500000, 0x00000000ed500000|100%| E|CS|TAMS 0x00000000ed400000, 0x00000000ed400000| Complete 
| 213|0x00000000ed500000, 0x00000000ed600000, 0x00000000ed600000|100%| E|CS|TAMS 0x00000000ed500000, 0x00000000ed500000| Complete 
| 214|0x00000000ed600000, 0x00000000ed700000, 0x00000000ed700000|100%| E|CS|TAMS 0x00000000ed600000, 0x00000000ed600000| Complete 
| 215|0x00000000ed700000, 0x00000000ed800000, 0x00000000ed800000|100%| E|CS|TAMS 0x00000000ed700000, 0x00000000ed700000| Complete 
| 216|0x00000000ed800000, 0x00000000ed900000, 0x00000000ed900000|100%| E|CS|TAMS 0x00000000ed800000, 0x00000000ed800000| Complete 
| 217|0x00000000ed900000, 0x00000000eda00000, 0x00000000eda00000|100%| E|CS|TAMS 0x00000000ed900000, 0x00000000ed900000| Complete 
| 218|0x00000000eda00000, 0x00000000edb00000, 0x00000000edb00000|100%| E|CS|TAMS 0x00000000eda00000, 0x00000000eda00000| Complete 
| 219|0x00000000edb00000, 0x00000000edc00000, 0x00000000edc00000|100%| E|CS|TAMS 0x00000000edb00000, 0x00000000edb00000| Complete 
| 220|0x00000000edc00000, 0x00000000edd00000, 0x00000000edd00000|100%| S|CS|TAMS 0x00000000edc00000, 0x00000000edc00000| Complete 
| 221|0x00000000edd00000, 0x00000000ede00000, 0x00000000ede00000|100%| S|CS|TAMS 0x00000000edd00000, 0x00000000edd00000| Complete 
| 222|0x00000000ede00000, 0x00000000edf00000, 0x00000000edf00000|100%| S|CS|TAMS 0x00000000ede00000, 0x00000000ede00000| Complete 
| 223|0x00000000edf00000, 0x00000000ee000000, 0x00000000ee000000|100%| S|CS|TAMS 0x00000000edf00000, 0x00000000edf00000| Complete 
| 224|0x00000000ee000000, 0x00000000ee100000, 0x00000000ee100000|100%| E|CS|TAMS 0x00000000ee000000, 0x00000000ee000000| Complete 
| 225|0x00000000ee100000, 0x00000000ee200000, 0x00000000ee200000|100%| E|CS|TAMS 0x00000000ee100000, 0x00000000ee100000| Complete 
| 226|0x00000000ee200000, 0x00000000ee300000, 0x00000000ee300000|100%| E|CS|TAMS 0x00000000ee200000, 0x00000000ee200000| Complete 
| 227|0x00000000ee300000, 0x00000000ee400000, 0x00000000ee400000|100%| E|CS|TAMS 0x00000000ee300000, 0x00000000ee300000| Complete 
| 228|0x00000000ee400000, 0x00000000ee500000, 0x00000000ee500000|100%| E|CS|TAMS 0x00000000ee400000, 0x00000000ee400000| Complete 
| 229|0x00000000ee500000, 0x00000000ee600000, 0x00000000ee600000|100%| E|CS|TAMS 0x00000000ee500000, 0x00000000ee500000| Complete 
| 230|0x00000000ee600000, 0x00000000ee700000, 0x00000000ee700000|100%| E|CS|TAMS 0x00000000ee600000, 0x00000000ee600000| Complete 
| 231|0x00000000ee700000, 0x00000000ee800000, 0x00000000ee800000|100%| E|CS|TAMS 0x00000000ee700000, 0x00000000ee700000| Complete 
| 232|0x00000000ee800000, 0x00000000ee900000, 0x00000000ee900000|100%| E|CS|TAMS 0x00000000ee800000, 0x00000000ee800000| Complete 
| 233|0x00000000ee900000, 0x00000000eea00000, 0x00000000eea00000|100%| E|CS|TAMS 0x00000000ee900000, 0x00000000ee900000| Complete 
| 234|0x00000000eea00000, 0x00000000eeb00000, 0x00000000eeb00000|100%| E|CS|TAMS 0x00000000eea00000, 0x00000000eea00000| Complete 
| 235|0x00000000eeb00000, 0x00000000eec00000, 0x00000000eec00000|100%| E|CS|TAMS 0x00000000eeb00000, 0x00000000eeb00000| Complete 
| 236|0x00000000eec00000, 0x00000000eed00000, 0x00000000eed00000|100%| E|CS|TAMS 0x00000000eec00000, 0x00000000eec00000| Complete 
| 237|0x00000000eed00000, 0x00000000eee00000, 0x00000000eee00000|100%| E|CS|TAMS 0x00000000eed00000, 0x00000000eed00000| Complete 
| 238|0x00000000eee00000, 0x00000000eef00000, 0x00000000eef00000|100%| E|CS|TAMS 0x00000000eee00000, 0x00000000eee00000| Complete 
| 239|0x00000000eef00000, 0x00000000ef000000, 0x00000000ef000000|100%| E|CS|TAMS 0x00000000eef00000, 0x00000000eef00000| Complete 
| 240|0x00000000ef000000, 0x00000000ef100000, 0x00000000ef100000|100%| E|CS|TAMS 0x00000000ef000000, 0x00000000ef000000| Complete 
| 241|0x00000000ef100000, 0x00000000ef200000, 0x00000000ef200000|100%| E|CS|TAMS 0x00000000ef100000, 0x00000000ef100000| Complete 
| 242|0x00000000ef200000, 0x00000000ef300000, 0x00000000ef300000|100%| E|CS|TAMS 0x00000000ef200000, 0x00000000ef200000| Complete 
| 243|0x00000000ef300000, 0x00000000ef400000, 0x00000000ef400000|100%| E|CS|TAMS 0x00000000ef300000, 0x00000000ef300000| Complete 
| 244|0x00000000ef400000, 0x00000000ef500000, 0x00000000ef500000|100%| E|CS|TAMS 0x00000000ef400000, 0x00000000ef400000| Complete 
| 245|0x00000000ef500000, 0x00000000ef600000, 0x00000000ef600000|100%| E|CS|TAMS 0x00000000ef500000, 0x00000000ef500000| Complete 
| 246|0x00000000ef600000, 0x00000000ef700000, 0x00000000ef700000|100%| E|CS|TAMS 0x00000000ef600000, 0x00000000ef600000| Complete 
| 247|0x00000000ef700000, 0x00000000ef800000, 0x00000000ef800000|100%| E|CS|TAMS 0x00000000ef700000, 0x00000000ef700000| Complete 
| 248|0x00000000ef800000, 0x00000000ef900000, 0x00000000ef900000|100%| E|CS|TAMS 0x00000000ef800000, 0x00000000ef800000| Complete 
| 249|0x00000000ef900000, 0x00000000efa00000, 0x00000000efa00000|100%| E|CS|TAMS 0x00000000ef900000, 0x00000000ef900000| Complete 
| 250|0x00000000efa00000, 0x00000000efb00000, 0x00000000efb00000|100%| E|CS|TAMS 0x00000000efa00000, 0x00000000efa00000| Complete 
| 251|0x00000000efb00000, 0x00000000efc00000, 0x00000000efc00000|100%| E|CS|TAMS 0x00000000efb00000, 0x00000000efb00000| Complete 
| 252|0x00000000efc00000, 0x00000000efd00000, 0x00000000efd00000|100%| E|CS|TAMS 0x00000000efc00000, 0x00000000efc00000| Complete 
| 253|0x00000000efd00000, 0x00000000efe00000, 0x00000000efe00000|100%| E|CS|TAMS 0x00000000efd00000, 0x00000000efd00000| Complete 
| 254|0x00000000efe00000, 0x00000000eff00000, 0x00000000eff00000|100%| E|CS|TAMS 0x00000000efe00000, 0x00000000efe00000| Complete 
| 255|0x00000000eff00000, 0x00000000f0000000, 0x00000000f0000000|100%| E|CS|TAMS 0x00000000eff00000, 0x00000000eff00000| Complete 

Card table byte_map: [0x000001c6b5820000,0x000001c6b5920000] _byte_map_base: 0x000001c6b5120000

Marking Bits (Prev, Next): (CMBitMap*) 0x000001c69c4a3250, (CMBitMap*) 0x000001c69c4a3290
 Prev Bits: [0x000001c6b5a20000, 0x000001c6b6220000)
 Next Bits: [0x000001c6b6220000, 0x000001c6b6a20000)

Polling page: 0x000001c69c540000

Metaspace:

Usage:
  Non-class:     15.36 MB used.
      Class:      2.64 MB used.
       Both:     18.00 MB used.

Virtual space:
  Non-class space:       64.00 MB reserved,      15.50 MB ( 24%) committed,  1 nodes.
      Class space:      208.00 MB reserved,       2.75 MB (  1%) committed,  1 nodes.
             Both:      272.00 MB reserved,      18.25 MB (  7%) committed. 

Chunk freelists:
   Non-Class:  464.00 KB
       Class:  13.20 MB
        Both:  13.66 MB

MaxMetaspaceSize: 256.00 MB
CompressedClassSpaceSize: 208.00 MB
Initial GC threshold: 21.00 MB
Current GC threshold: 21.00 MB
CDS: on
MetaspaceReclaimPolicy: balanced
 - commit_granule_bytes: 65536.
 - commit_granule_words: 8192.
 - virtual_space_node_default_size: 8388608.
 - enlarge_chunks_in_place: 1.
 - new_chunks_are_fully_committed: 0.
 - uncommit_free_chunks: 1.
 - use_allocation_guard: 0.
 - handle_deallocations: 1.


Internal statistics:

num_allocs_failed_limit: 0.
num_arena_births: 184.
num_arena_deaths: 0.
num_vsnodes_births: 2.
num_vsnodes_deaths: 0.
num_space_committed: 292.
num_space_uncommitted: 0.
num_chunks_returned_to_freelist: 0.
num_chunks_taken_from_freelist: 808.
num_chunk_merges: 0.
num_chunk_splits: 545.
num_chunks_enlarged: 412.
num_inconsistent_stats: 0.

CodeHeap 'non-profiled nmethods': size=119168Kb used=1341Kb max_used=1341Kb free=117826Kb
 bounds [0x000001c6ad2f0000, 0x000001c6ad560000, 0x000001c6b4750000]
CodeHeap 'profiled nmethods': size=119104Kb used=5400Kb max_used=5400Kb free=113704Kb
 bounds [0x000001c6a5750000, 0x000001c6a5ca0000, 0x000001c6acba0000]
CodeHeap 'non-nmethods': size=7488Kb used=2913Kb max_used=2964Kb free=4574Kb
 bounds [0x000001c6acba0000, 0x000001c6ace90000, 0x000001c6ad2f0000]
 total_blobs=3066 nmethods=2535 adapters=440
 compilation: enabled
              stopped_count=0, restarted_count=0
 full_count=0

Compilation events (20 events):
Event: 2.797 Thread 0x000001c6b9a00030 2520       3       java.lang.invoke.InnerClassLambdaMetafactory::getParameterSize (27 bytes)
Event: 2.797 Thread 0x000001c6b99c8cc0 2521       3       jdk.internal.org.objectweb.asm.MethodVisitor::visitVarInsn (17 bytes)
Event: 2.797 Thread 0x000001c6b9a00030 nmethod 2520 0x000001c6a5c88d90 code [0x000001c6a5c88f40, 0x000001c6a5c89158]
Event: 2.797 Thread 0x000001c6b99c8cc0 nmethod 2521 0x000001c6a5c89210 code [0x000001c6a5c893c0, 0x000001c6a5c895c8]
Event: 2.797 Thread 0x000001c6bee36820 nmethod 2519 0x000001c6a5c89690 code [0x000001c6a5c89840, 0x000001c6a5c89a78]
Event: 2.798 Thread 0x000001c6b9a00030 2523       3       jdk.internal.misc.VM::initLevel (4 bytes)
Event: 2.798 Thread 0x000001c6bee36310 nmethod 2518 0x000001c6a5c89b90 code [0x000001c6a5c8a1c0, 0x000001c6a5c8d7a8]
Event: 2.799 Thread 0x000001c6b9a00030 nmethod 2523 0x000001c6a5c8e910 code [0x000001c6a5c8eaa0, 0x000001c6a5c8eb98]
Event: 2.802 Thread 0x000001c6b9a00030 2524       3       jdk.internal.org.objectweb.asm.ClassWriter::visit (160 bytes)
Event: 2.802 Thread 0x000001c6b99c8cc0 2525       3       jdk.internal.org.objectweb.asm.SymbolTable::setMajorVersionAndClassName (19 bytes)
Event: 2.803 Thread 0x000001c6b99c8cc0 nmethod 2525 0x000001c6a5c8ec10 code [0x000001c6a5c8edc0, 0x000001c6a5c8efc8]
Event: 2.803 Thread 0x000001c6b9a00030 nmethod 2524 0x000001c6a5c8f110 code [0x000001c6a5c8f340, 0x000001c6a5c8fb78]
Event: 2.804 Thread 0x000001c6b9a00030 2526       3       java.lang.Class::copyConstructors (38 bytes)
Event: 2.805 Thread 0x000001c6b9a00030 nmethod 2526 0x000001c6a5c8ff90 code [0x000001c6a5c90200, 0x000001c6a5c90d78]
Event: 2.823 Thread 0x000001c6b9a00030 2527       3       java.lang.invoke.BoundMethodHandle::<init> (32 bytes)
Event: 2.823 Thread 0x000001c6b9a00030 nmethod 2527 0x000001c6a5c91210 code [0x000001c6a5c913c0, 0x000001c6a5c91528]
Event: 2.827 Thread 0x000001c6b9a00030 2528       3       jdk.internal.reflect.ReflectionFactory::newConstructorAccessor (155 bytes)
Event: 2.827 Thread 0x000001c6bee36310 2529       3       jdk.internal.reflect.Reflection::isSubclassOf (21 bytes)
Event: 2.827 Thread 0x000001c6bee36310 nmethod 2529 0x000001c6a5c91610 code [0x000001c6a5c917c0, 0x000001c6a5c91a08]
Event: 2.829 Thread 0x000001c6b9a00030 nmethod 2528 0x000001c6a5c91b10 code [0x000001c6a5c91e80, 0x000001c6a5c93558]

GC Heap History (4 events):
Event: 0.612 GC heap before
{Heap before GC invocations=0 (full 0):
 garbage-first heap   total 262144K, used 28672K [0x00000000e0000000, 0x0000000100000000)
  region size 1024K, 23 young (23552K), 0 survivors (0K)
 Metaspace       used 3065K, committed 3264K, reserved 278528K
  class space    used 382K, committed 448K, reserved 212992K
}
Event: 0.616 GC heap after
{Heap after GC invocations=1 (full 0):
 garbage-first heap   total 262144K, used 9158K [0x00000000e0000000, 0x0000000100000000)
  region size 1024K, 3 young (3072K), 3 survivors (3072K)
 Metaspace       used 3065K, committed 3264K, reserved 278528K
  class space    used 382K, committed 448K, reserved 212992K
}
Event: 0.935 GC heap before
{Heap before GC invocations=1 (full 0):
 garbage-first heap   total 262144K, used 39878K [0x00000000e0000000, 0x0000000100000000)
  region size 1024K, 32 young (32768K), 3 survivors (3072K)
 Metaspace       used 3978K, committed 4160K, reserved 278528K
  class space    used 479K, committed 576K, reserved 212992K
}
Event: 0.940 GC heap after
{Heap after GC invocations=2 (full 0):
 garbage-first heap   total 262144K, used 13303K [0x00000000e0000000, 0x0000000100000000)
  region size 1024K, 4 young (4096K), 4 survivors (4096K)
 Metaspace       used 3978K, committed 4160K, reserved 278528K
  class space    used 479K, committed 576K, reserved 212992K
}

Dll operation events (12 events):
Event: 0.015 Loaded shared library C:\Users\Lisa\.jdks\corretto-17.0.7\bin\java.dll
Event: 0.032 Loaded shared library C:\Users\Lisa\.jdks\corretto-17.0.7\bin\jsvml.dll
Event: 0.076 Loaded shared library C:\Users\Lisa\.jdks\corretto-17.0.7\bin\net.dll
Event: 0.079 Loaded shared library C:\Users\Lisa\.jdks\corretto-17.0.7\bin\nio.dll
Event: 0.085 Loaded shared library C:\Users\Lisa\.jdks\corretto-17.0.7\bin\zip.dll
Event: 0.247 Loaded shared library C:\Users\Lisa\.jdks\corretto-17.0.7\bin\jimage.dll
Event: 0.316 Loaded shared library C:\Users\Lisa\.jdks\corretto-17.0.7\bin\verify.dll
Event: 0.470 Loaded shared library C:\Users\Lisa\.gradle\native\e1d6ef7f7dcc3fd88c89a11ec53ec762bb8ba0a96d01ffa2cd45eb1d1d8dd5c5\windows-amd64\native-platform.dll
Event: 0.481 Loaded shared library C:\Users\Lisa\.gradle\native\0d407fdbe67a94daf76414ababcb853783967236a71b16ec16e742cd7a986fd3\windows-amd64\native-platform-file-events.dll
Event: 1.131 Loaded shared library C:\Users\Lisa\.jdks\corretto-17.0.7\bin\management.dll
Event: 1.137 Loaded shared library C:\Users\Lisa\.jdks\corretto-17.0.7\bin\management_ext.dll
Event: 1.612 Loaded shared library C:\Users\Lisa\.jdks\corretto-17.0.7\bin\sunmscapi.dll

Deoptimization events (20 events):
Event: 2.468 Thread 0x000001c6bf95f490 Uncommon trap: trap_request=0xffffff45 fr.pc=0x000001c6ad3fce70 relative=0x0000000000000170
Event: 2.468 Thread 0x000001c6bf95f490 Uncommon trap: reason=unstable_if action=reinterpret pc=0x000001c6ad3fce70 method=java.util.HashMap.getNode(Ljava/lang/Object;)Ljava/util/HashMap$Node; @ 131 c2
Event: 2.468 Thread 0x000001c6bf95f490 DEOPT PACKING pc=0x000001c6ad3fce70 sp=0x00000047415fabe0
Event: 2.468 Thread 0x000001c6bf95f490 DEOPT UNPACKING pc=0x000001c6acbf69a3 sp=0x00000047415fab20 mode 2
Event: 2.468 Thread 0x000001c6bf95f490 Uncommon trap: trap_request=0xffffff45 fr.pc=0x000001c6ad33378c relative=0x000000000000044c
Event: 2.468 Thread 0x000001c6bf95f490 Uncommon trap: reason=unstable_if action=reinterpret pc=0x000001c6ad33378c method=java.util.HashMap.getNode(Ljava/lang/Object;)Ljava/util/HashMap$Node; @ 131 c2
Event: 2.468 Thread 0x000001c6bf95f490 DEOPT PACKING pc=0x000001c6ad33378c sp=0x00000047415fab90
Event: 2.468 Thread 0x000001c6bf95f490 DEOPT UNPACKING pc=0x000001c6acbf69a3 sp=0x00000047415fab20 mode 2
Event: 2.490 Thread 0x000001c6bf95f490 Uncommon trap: trap_request=0xffffff45 fr.pc=0x000001c6ad3a0874 relative=0x00000000000003b4
Event: 2.490 Thread 0x000001c6bf95f490 Uncommon trap: reason=unstable_if action=reinterpret pc=0x000001c6ad3a0874 method=java.util.concurrent.ConcurrentHashMap.get(Ljava/lang/Object;)Ljava/lang/Object; @ 76 c2
Event: 2.490 Thread 0x000001c6bf95f490 DEOPT PACKING pc=0x000001c6ad3a0874 sp=0x00000047415fa090
Event: 2.490 Thread 0x000001c6bf95f490 DEOPT UNPACKING pc=0x000001c6acbf69a3 sp=0x00000047415fa008 mode 2
Event: 2.506 Thread 0x000001c6bf95f490 DEOPT PACKING pc=0x000001c6a5b35bea sp=0x00000047415f9aa0
Event: 2.506 Thread 0x000001c6bf95f490 DEOPT UNPACKING pc=0x000001c6acbf7143 sp=0x00000047415f8fb0 mode 0
Event: 2.524 Thread 0x000001c6bf95f490 DEOPT PACKING pc=0x000001c6a5b35bea sp=0x00000047415f9b70
Event: 2.524 Thread 0x000001c6bf95f490 DEOPT UNPACKING pc=0x000001c6acbf7143 sp=0x00000047415f9080 mode 0
Event: 2.756 Thread 0x000001c6bf95f490 Uncommon trap: trap_request=0xffffff76 fr.pc=0x000001c6ad42a910 relative=0x0000000000000170
Event: 2.756 Thread 0x000001c6bf95f490 Uncommon trap: reason=predicate action=maybe_recompile pc=0x000001c6ad42a910 method=com.google.common.base.CharMatcher.indexIn(Ljava/lang/CharSequence;I)I @ 19 c2
Event: 2.756 Thread 0x000001c6bf95f490 DEOPT PACKING pc=0x000001c6ad42a910 sp=0x00000047415fb710
Event: 2.756 Thread 0x000001c6bf95f490 DEOPT UNPACKING pc=0x000001c6acbf69a3 sp=0x00000047415fb6a0 mode 2

Classes unloaded (0 events):
No events

Classes redefined (0 events):
No events

Internal exceptions (20 events):
Event: 2.207 Thread 0x000001c6bf95f490 Exception <a 'java/lang/NoSuchMethodError'{0x00000000ecff0278}: 'java.lang.Object java.lang.invoke.DirectMethodHandle$Holder.invokeInterface(java.lang.Object, java.lang.Object, java.lang.Object)'> (0x00000000ecff0278) 
thrown [s\src\hotspot\share\interpreter\linkResolver.cpp, line 759]
Event: 2.207 Thread 0x000001c6bf95f490 Exception <a 'java/lang/IncompatibleClassChangeError'{0x00000000ecff4150}: Found class java.lang.Object, but interface was expected> (0x00000000ecff4150) 
thrown [s\src\hotspot\share\interpreter\linkResolver.cpp, line 826]
Event: 2.257 Thread 0x000001c6bf95f490 Exception <a 'java/lang/NoSuchMethodError'{0x00000000ecca9988}: 'int java.lang.invoke.DirectMethodHandle$Holder.invokeStatic(java.lang.Object, java.lang.Object, java.lang.Object, java.lang.Object)'> (0x00000000ecca9988) 
thrown [s\src\hotspot\share\interpreter\linkResolver.cpp, line 759]
Event: 2.258 Thread 0x000001c6bf95f490 Exception <a 'java/lang/NoSuchMethodError'{0x00000000eccad858}: 'java.lang.Object java.lang.invoke.Invokers$Holder.invokeExact_MT(java.lang.Object, java.lang.Object, java.lang.Object, java.lang.Object, java.lang.Object, java.lang.Object)'> (0x00000000eccad858) 
thrown [s\src\hotspot\share\interpreter\linkResolver.cpp, line 759]
Event: 2.273 Thread 0x000001c6bf95f490 Exception <a 'java/lang/NoSuchMethodError'{0x00000000ecb535b0}: 'java.lang.Object java.lang.invoke.DirectMethodHandle$Holder.invokeInterface(java.lang.Object, java.lang.Object)'> (0x00000000ecb535b0) 
thrown [s\src\hotspot\share\interpreter\linkResolver.cpp, line 759]
Event: 2.302 Thread 0x000001c6bf95f490 Exception <a 'java/lang/NoSuchMethodError'{0x00000000ecadd2d0}: 'void java.lang.invoke.DirectMethodHandle$Holder.invokeSpecial(java.lang.Object, java.lang.Object, java.lang.Object, java.lang.Object, java.lang.Object)'> (0x00000000ecadd2d0) 
thrown [s\src\hotspot\share\interpreter\linkResolver.cpp, line 759]
Event: 2.323 Thread 0x000001c6bf95f490 Exception <a 'java/lang/NoSuchMethodError'{0x00000000ec810080}: 'java.lang.Object java.lang.invoke.DirectMethodHandle$Holder.invokeSpecial(java.lang.Object, java.lang.Object, java.lang.Object, java.lang.Object, java.lang.Object, java.lang.Object, java.lang.Object, java.lang.Object, java.lang.Object)'> (0x00000000ec810080) 
thrown [s\src\hotspot\share\interpreter\linkResolver.cpp, line 759]
Event: 2.404 Thread 0x000001c6bf95f490 Exception <a 'java/lang/NoSuchMethodError'{0x00000000ec452d20}: 'void java.lang.invoke.DirectMethodHandle$Holder.invokeStatic(java.lang.Object, java.lang.Object)'> (0x00000000ec452d20) 
thrown [s\src\hotspot\share\interpreter\linkResolver.cpp, line 759]
Event: 2.409 Thread 0x000001c6bf95f490 Exception <a 'java/lang/NoSuchMethodError'{0x00000000ec494ba8}: 'java.lang.Object java.lang.invoke.DirectMethodHandle$Holder.invokeVirtual(java.lang.Object, java.lang.Object, java.lang.Object, java.lang.Object)'> (0x00000000ec494ba8) 
thrown [s\src\hotspot\share\interpreter\linkResolver.cpp, line 759]
Event: 2.526 Thread 0x000001c6bf95f490 Exception <a 'java/lang/NoSuchMethodError'{0x00000000ebf3b178}: 'void java.lang.invoke.DirectMethodHandle$Holder.invokeSpecial(java.lang.Object, java.lang.Object, java.lang.Object, java.lang.Object, java.lang.Object, java.lang.Object)'> (0x00000000ebf3b178) 
thrown [s\src\hotspot\share\interpreter\linkResolver.cpp, line 759]
Event: 2.539 Thread 0x000001c6bf95f490 Exception <a 'java/lang/NoSuchMethodError'{0x00000000ebfa6c90}: 'void java.lang.invoke.DirectMethodHandle$Holder.invokeSpecial(java.lang.Object, java.lang.Object, java.lang.Object, java.lang.Object, java.lang.Object, java.lang.Object, java.lang.Object)'> (0x00000000ebfa6c90) 
thrown [s\src\hotspot\share\interpreter\linkResolver.cpp, line 759]
Event: 2.539 Thread 0x000001c6bf95f490 Exception <a 'java/lang/NoSuchMethodError'{0x00000000ebfaf420}: 'java.lang.Object java.lang.invoke.DirectMethodHandle$Holder.newInvokeSpecial(java.lang.Object, java.lang.Object, java.lang.Object, java.lang.Object, java.lang.Object, java.lang.Object)'> (0x00000000ebfaf420) 
thrown [s\src\hotspot\share\interpreter\linkResolver.cpp, line 759]
Event: 2.575 Thread 0x000001c6bf95f490 Exception <a 'java/lang/NoSuchMethodError'{0x00000000ebd12d80}: 'java.lang.Object java.lang.invoke.DirectMethodHandle$Holder.invokeVirtual(java.lang.Object, java.lang.Object, java.lang.Object, java.lang.Object, java.lang.Object, java.lang.Object, java.lang.Object, java.lang.Object, java.lang.Object, java.lang.Object, java.lang.Object, java.lang.Object, java.lang.Object, java.lang.Object, java.lang.Object, java.lang.Object, java.lang.Object, java.lang.Object, java.lang.Object, java.lang.Object, java.lang.Ob
Event: 2.634 Thread 0x000001c6bf95f490 Exception <a 'java/lang/NoSuchMethodError'{0x00000000ebade5e0}: 'int java.lang.invoke.DirectMethodHandle$Holder.invokeStaticInit(java.lang.Object, java.lang.Object, java.lang.Object)'> (0x00000000ebade5e0) 
thrown [s\src\hotspot\share\interpreter\linkResolver.cpp, line 759]
Event: 2.701 Thread 0x000001c6bf95f490 Exception <a 'java/lang/NoSuchMethodError'{0x00000000eb6a34c8}: 'void java.lang.invoke.DirectMethodHandle$Holder.invokeStaticInit(java.lang.Object, java.lang.Object)'> (0x00000000eb6a34c8) 
thrown [s\src\hotspot\share\interpreter\linkResolver.cpp, line 759]
Event: 2.786 Thread 0x000001c6bf95f490 Exception <a 'java/lang/NoSuchMethodError'{0x00000000eb112828}: 'void java.lang.invoke.DirectMethodHandle$Holder.invokeStatic(java.lang.Object, java.lang.Object, java.lang.Object, java.lang.Object)'> (0x00000000eb112828) 
thrown [s\src\hotspot\share\interpreter\linkResolver.cpp, line 759]
Event: 2.788 Thread 0x000001c6bf95f490 Exception <a 'java/lang/NoSuchMethodError'{0x00000000eb125b80}: 'int java.lang.invoke.DirectMethodHandle$Holder.invokeVirtual(java.lang.Object, java.lang.Object)'> (0x00000000eb125b80) 
thrown [s\src\hotspot\share\interpreter\linkResolver.cpp, line 759]
Event: 2.790 Thread 0x000001c6bf95f490 Exception <a 'java/lang/NoSuchMethodError'{0x00000000eb138950}: 'java.lang.Object java.lang.invoke.DirectMethodHandle$Holder.invokeStaticInit(java.lang.Object, java.lang.Object, java.lang.Object)'> (0x00000000eb138950) 
thrown [s\src\hotspot\share\interpreter\linkResolver.cpp, line 759]
Event: 2.791 Thread 0x000001c6bf95f490 Exception <a 'java/lang/NoSuchMethodError'{0x00000000eb13ea70}: 'java.lang.Object java.lang.invoke.DirectMethodHandle$Holder.invokeVirtual(java.lang.Object, java.lang.Object, java.lang.Object)'> (0x00000000eb13ea70) 
thrown [s\src\hotspot\share\interpreter\linkResolver.cpp, line 759]
Event: 2.798 Thread 0x000001c6bf95f490 Exception <a 'java/lang/NoSuchMethodError'{0x00000000eb166110}: 'int java.lang.invoke.DirectMethodHandle$Holder.invokeVirtual(java.lang.Object, java.lang.Object, java.lang.Object)'> (0x00000000eb166110) 
thrown [s\src\hotspot\share\interpreter\linkResolver.cpp, line 759]

VM Operations (20 events):
Event: 1.249 Executing VM operation: HandshakeAllThreads
Event: 1.249 Executing VM operation: HandshakeAllThreads done
Event: 1.278 Executing VM operation: HandshakeAllThreads
Event: 1.278 Executing VM operation: HandshakeAllThreads done
Event: 1.329 Executing VM operation: HandshakeAllThreads
Event: 1.329 Executing VM operation: HandshakeAllThreads done
Event: 1.539 Executing VM operation: HandshakeAllThreads
Event: 1.539 Executing VM operation: HandshakeAllThreads done
Event: 1.618 Executing VM operation: HandshakeAllThreads
Event: 1.618 Executing VM operation: HandshakeAllThreads done
Event: 1.916 Executing VM operation: ICBufferFull
Event: 1.916 Executing VM operation: ICBufferFull done
Event: 1.924 Executing VM operation: HandshakeAllThreads
Event: 1.924 Executing VM operation: HandshakeAllThreads done
Event: 1.924 Executing VM operation: HandshakeAllThreads
Event: 1.925 Executing VM operation: HandshakeAllThreads done
Event: 2.161 Executing VM operation: HandshakeAllThreads
Event: 2.161 Executing VM operation: HandshakeAllThreads done
Event: 2.161 Executing VM operation: HandshakeAllThreads
Event: 2.162 Executing VM operation: HandshakeAllThreads done

Events (20 events):
Event: 2.747 loading class java/util/function/UnaryOperator
Event: 2.747 loading class java/util/function/UnaryOperator done
Event: 2.778 Thread 0x000001c6c09018e0 Thread added: 0x000001c6c09018e0
Event: 2.778 loading class java/util/concurrent/locks/AbstractQueuedSynchronizer$SharedNode
Event: 2.778 loading class java/util/concurrent/locks/AbstractQueuedSynchronizer$SharedNode done
Event: 2.784 loading class java/io/InterruptedIOException
Event: 2.784 loading class java/io/InterruptedIOException done
Event: 2.787 Thread 0x000001c6c0904900 Thread added: 0x000001c6c0904900
Event: 2.793 loading class java/util/ArrayDeque$DeqSpliterator
Event: 2.793 loading class java/util/ArrayDeque$DeqSpliterator done
Event: 2.796 loading class java/util/stream/MatchOps$MatchKind
Event: 2.796 loading class java/util/stream/MatchOps$MatchKind done
Event: 2.796 loading class java/util/stream/MatchOps
Event: 2.796 loading class java/util/stream/MatchOps done
Event: 2.796 loading class java/util/stream/MatchOps$MatchOp
Event: 2.796 loading class java/util/stream/MatchOps$MatchOp done
Event: 2.796 loading class java/util/stream/MatchOps$BooleanTerminalSink
Event: 2.797 loading class java/util/stream/MatchOps$BooleanTerminalSink done
Event: 2.797 loading class java/util/stream/MatchOps$1MatchSink
Event: 2.797 loading class java/util/stream/MatchOps$1MatchSink done


Dynamic libraries:
0x00007ff6d4e50000 - 0x00007ff6d4e5d000 	C:\Users\Lisa\.jdks\corretto-17.0.7\bin\java.exe
0x00007fffe5c70000 - 0x00007fffe5e84000 	C:\WINDOWS\SYSTEM32\ntdll.dll
0x00007fffe5020000 - 0x00007fffe50e4000 	C:\WINDOWS\System32\KERNEL32.DLL
0x00007fffe3020000 - 0x00007fffe33c4000 	C:\WINDOWS\System32\KERNELBASE.dll
0x00007fffe34f0000 - 0x00007fffe3601000 	C:\WINDOWS\System32\ucrtbase.dll
0x00007fffdf370000 - 0x00007fffdf387000 	C:\Users\Lisa\.jdks\corretto-17.0.7\bin\jli.dll
0x00007fffe3c70000 - 0x00007fffe3e1e000 	C:\WINDOWS\System32\USER32.dll
0x00007fffe39d0000 - 0x00007fffe39f6000 	C:\WINDOWS\System32\win32u.dll
0x00007fffe4fe0000 - 0x00007fffe5009000 	C:\WINDOWS\System32\GDI32.dll
0x00007fffe33d0000 - 0x00007fffe34e8000 	C:\WINDOWS\System32\gdi32full.dll
0x00007fffe3700000 - 0x00007fffe379a000 	C:\WINDOWS\System32\msvcp_win.dll
0x00007fffcde80000 - 0x00007fffcde95000 	C:\Users\Lisa\.jdks\corretto-17.0.7\bin\VCRUNTIME140.dll
0x00007fffc07c0000 - 0x00007fffc0a53000 	C:\WINDOWS\WinSxS\amd64_microsoft.windows.common-controls_6595b64144ccf1df_6.0.22621.2215_none_270d72677387dfc3\COMCTL32.dll
0x00007fffe5240000 - 0x00007fffe52e7000 	C:\WINDOWS\System32\msvcrt.dll
0x00007fffe4570000 - 0x00007fffe45a1000 	C:\WINDOWS\System32\IMM32.DLL
0x00007fffcdde0000 - 0x00007fffcde7b000 	C:\Users\Lisa\.jdks\corretto-17.0.7\bin\msvcp140.dll
0x00007fff40a10000 - 0x00007fff4162a000 	C:\Users\Lisa\.jdks\corretto-17.0.7\bin\server\jvm.dll
0x00007fffe44c0000 - 0x00007fffe4570000 	C:\WINDOWS\System32\ADVAPI32.dll
0x00007fffe3bc0000 - 0x00007fffe3c66000 	C:\WINDOWS\System32\sechost.dll
0x00007fffe5940000 - 0x00007fffe5a57000 	C:\WINDOWS\System32\RPCRT4.dll
0x00007fffde000000 - 0x00007fffde009000 	C:\WINDOWS\SYSTEM32\WSOCK32.dll
0x00007fffe5bb0000 - 0x00007fffe5c21000 	C:\WINDOWS\System32\WS2_32.dll
0x00007fffdb2e0000 - 0x00007fffdb314000 	C:\WINDOWS\SYSTEM32\WINMM.dll
0x00007fffcd3c0000 - 0x00007fffcd3ca000 	C:\WINDOWS\SYSTEM32\VERSION.dll
0x00007fffe1ff0000 - 0x00007fffe2008000 	C:\WINDOWS\SYSTEM32\kernel.appcore.dll
0x00007fffcfad0000 - 0x00007fffcfada000 	C:\Users\Lisa\.jdks\corretto-17.0.7\bin\jimage.dll
0x00007fffe0930000 - 0x00007fffe0b5e000 	C:\WINDOWS\SYSTEM32\DBGHELP.DLL
0x00007fffe52f0000 - 0x00007fffe567a000 	C:\WINDOWS\System32\combase.dll
0x00007fffe3eb0000 - 0x00007fffe3f87000 	C:\WINDOWS\System32\OLEAUT32.dll
0x00007fffc55a0000 - 0x00007fffc55d2000 	C:\WINDOWS\SYSTEM32\dbgcore.DLL
0x00007fffe3610000 - 0x00007fffe368a000 	C:\WINDOWS\System32\bcryptPrimitives.dll
0x00007fffcd6a0000 - 0x00007fffcd6c5000 	C:\Users\Lisa\.jdks\corretto-17.0.7\bin\java.dll
0x00007fffcb4e0000 - 0x00007fffcb5b6000 	C:\Users\Lisa\.jdks\corretto-17.0.7\bin\jsvml.dll
0x00007fffe45b0000 - 0x00007fffe4dd3000 	C:\WINDOWS\System32\SHELL32.dll
0x00007fffe0f60000 - 0x00007fffe184a000 	C:\WINDOWS\SYSTEM32\windows.storage.dll
0x00007fffe0e20000 - 0x00007fffe0f5e000 	C:\WINDOWS\SYSTEM32\wintypes.dll
0x00007fffe5840000 - 0x00007fffe5933000 	C:\WINDOWS\System32\SHCORE.dll
0x00007fffe3fe0000 - 0x00007fffe403e000 	C:\WINDOWS\System32\shlwapi.dll
0x00007fffe2f50000 - 0x00007fffe2f76000 	C:\WINDOWS\SYSTEM32\profapi.dll
0x00007fffcddc0000 - 0x00007fffcddd9000 	C:\Users\Lisa\.jdks\corretto-17.0.7\bin\net.dll
0x00007fffdd620000 - 0x00007fffdd757000 	C:\WINDOWS\SYSTEM32\WINHTTP.dll
0x00007fffe24f0000 - 0x00007fffe2559000 	C:\WINDOWS\system32\mswsock.dll
0x00007fffcd680000 - 0x00007fffcd695000 	C:\Users\Lisa\.jdks\corretto-17.0.7\bin\nio.dll
0x00007fffcd660000 - 0x00007fffcd678000 	C:\Users\Lisa\.jdks\corretto-17.0.7\bin\zip.dll
0x00007fffcd5d0000 - 0x00007fffcd5e0000 	C:\Users\Lisa\.jdks\corretto-17.0.7\bin\verify.dll
0x00007fffc7c30000 - 0x00007fffc7c57000 	C:\Users\Lisa\.gradle\native\e1d6ef7f7dcc3fd88c89a11ec53ec762bb8ba0a96d01ffa2cd45eb1d1d8dd5c5\windows-amd64\native-platform.dll
0x00007fffadcb0000 - 0x00007fffaddf4000 	C:\Users\Lisa\.gradle\native\0d407fdbe67a94daf76414ababcb853783967236a71b16ec16e742cd7a986fd3\windows-amd64\native-platform-file-events.dll
0x00007fffdcd80000 - 0x00007fffdcd89000 	C:\Users\Lisa\.jdks\corretto-17.0.7\bin\management.dll
0x00007fffdcd70000 - 0x00007fffdcd7b000 	C:\Users\Lisa\.jdks\corretto-17.0.7\bin\management_ext.dll
0x00007fffe5010000 - 0x00007fffe5018000 	C:\WINDOWS\System32\PSAPI.DLL
0x00007fffe2740000 - 0x00007fffe275b000 	C:\WINDOWS\SYSTEM32\CRYPTSP.dll
0x00007fffe1fb0000 - 0x00007fffe1fe5000 	C:\WINDOWS\system32\rsaenh.dll
0x00007fffe25e0000 - 0x00007fffe260c000 	C:\WINDOWS\SYSTEM32\USERENV.dll
0x00007fffe2900000 - 0x00007fffe2928000 	C:\WINDOWS\SYSTEM32\bcrypt.dll
0x00007fffe2760000 - 0x00007fffe276c000 	C:\WINDOWS\SYSTEM32\CRYPTBASE.dll
0x00007fffe1ab0000 - 0x00007fffe1add000 	C:\WINDOWS\SYSTEM32\IPHLPAPI.DLL
0x00007fffe3bb0000 - 0x00007fffe3bb9000 	C:\WINDOWS\System32\NSI.dll
0x00007fffdbe50000 - 0x00007fffdbe69000 	C:\WINDOWS\SYSTEM32\dhcpcsvc6.DLL
0x00007fffdbe30000 - 0x00007fffdbe4f000 	C:\WINDOWS\SYSTEM32\dhcpcsvc.DLL
0x00007fffe1b20000 - 0x00007fffe1c12000 	C:\WINDOWS\SYSTEM32\DNSAPI.dll
0x00007fffcba90000 - 0x00007fffcba9e000 	C:\Users\Lisa\.jdks\corretto-17.0.7\bin\sunmscapi.dll
0x00007fffe3860000 - 0x00007fffe39c6000 	C:\WINDOWS\System32\CRYPT32.dll
0x00007fffe28d0000 - 0x00007fffe28fe000 	C:\WINDOWS\SYSTEM32\ncrypt.dll
0x00007fffe2890000 - 0x00007fffe28c7000 	C:\WINDOWS\SYSTEM32\NTASN1.dll
0x00007fff9bfc0000 - 0x00007fff9bfc8000 	C:\WINDOWS\system32\wshunix.dll

dbghelp: loaded successfully - version: 4.0.5 - missing functions: none
symbol engine: initialized successfully - sym options: 0x614 - pdb path: .;C:\Users\Lisa\.jdks\corretto-17.0.7\bin;C:\WINDOWS\SYSTEM32;C:\WINDOWS\WinSxS\amd64_microsoft.windows.common-controls_6595b64144ccf1df_6.0.22621.2215_none_270d72677387dfc3;C:\Users\Lisa\.jdks\corretto-17.0.7\bin\server;C:\Users\Lisa\.gradle\native\e1d6ef7f7dcc3fd88c89a11ec53ec762bb8ba0a96d01ffa2cd45eb1d1d8dd5c5\windows-amd64;C:\Users\Lisa\.gradle\native\0d407fdbe67a94daf76414ababcb853783967236a71b16ec16e742cd7a986fd3\windows-amd64

VM Arguments:
jvm_args: --add-opens=java.base/java.util=ALL-UNNAMED --add-opens=java.base/java.lang=ALL-UNNAMED --add-opens=java.base/java.lang.invoke=ALL-UNNAMED --add-opens=java.base/java.util=ALL-UNNAMED --add-opens=java.prefs/java.util.prefs=ALL-UNNAMED --add-opens=java.prefs/java.util.prefs=ALL-UNNAMED --add-opens=java.base/java.nio.charset=ALL-UNNAMED --add-opens=java.base/java.net=ALL-UNNAMED --add-opens=java.base/java.util.concurrent.atomic=ALL-UNNAMED -XX:MaxMetaspaceSize=256m -XX:+HeapDumpOnOutOfMemoryError -Xms256m -Xmx512m -Dfile.encoding=windows-1251 -Duser.country=RU -Duser.language=ru -Duser.variant 
java_command: org.gradle.launcher.daemon.bootstrap.GradleDaemon 7.4
java_class_path (initial): C:\Users\Lisa\.gradle\wrapper\dists\gradle-7.4-bin\c0gwcg53nkjbqw7r0h0umtfvt\gradle-7.4\lib\gradle-launcher-7.4.jar
Launcher Type: SUN_STANDARD

[Global flags]
     intx CICompilerCount                          = 12                                        {product} {ergonomic}
   size_t CompressedClassSpaceSize                 = 218103808                                 {product} {ergonomic}
     uint ConcGCThreads                            = 3                                         {product} {ergonomic}
     uint G1ConcRefinementThreads                  = 13                                        {product} {ergonomic}
   size_t G1HeapRegionSize                         = 1048576                                   {product} {ergonomic}
    uintx GCDrainStackTargetSize                   = 64                                        {product} {ergonomic}
     bool HeapDumpOnOutOfMemoryError               = true                                   {manageable} {command line}
   size_t InitialHeapSize                          = 268435456                                 {product} {command line}
   size_t MarkStackSize                            = 4194304                                   {product} {ergonomic}
   size_t MaxHeapSize                              = 536870912                                 {product} {command line}
   size_t MaxMetaspaceSize                         = 268435456                                 {product} {command line}
   size_t MaxNewSize                               = 321912832                                 {product} {ergonomic}
   size_t MinHeapDeltaBytes                        = 1048576                                   {product} {ergonomic}
   size_t MinHeapSize                              = 268435456                                 {product} {command line}
    uintx NonNMethodCodeHeapSize                   = 7602480                                {pd product} {ergonomic}
    uintx NonProfiledCodeHeapSize                  = 122027880                              {pd product} {ergonomic}
    uintx ProfiledCodeHeapSize                     = 122027880                              {pd product} {ergonomic}
    uintx ReservedCodeCacheSize                    = 251658240                              {pd product} {ergonomic}
     bool SegmentedCodeCache                       = true                                      {product} {ergonomic}
   size_t SoftMaxHeapSize                          = 536870912                              {manageable} {ergonomic}
     bool UseCompressedClassPointers               = true                           {product lp64_product} {ergonomic}
     bool UseCompressedOops                        = true                           {product lp64_product} {ergonomic}
     bool UseG1GC                                  = true                                      {product} {ergonomic}
     bool UseLargePagesIndividualAllocation        = false                                  {pd product} {ergonomic}

Logging:
Log output configuration:
 #0: stdout all=warning uptime,level,tags
 #1: stderr all=off uptime,level,tags

Environment Variables:
PATH=C:\Program Files (x86)\Common Files\Oracle\Java\javapath;C:\Python311\Scripts\;C:\Python311\;C:\Windows\System32\HWAudioDriverLibs;C:\Windows\system32;C:\Windows;C:\Windows\System32\Wbem;C:\Windows\System32\WindowsPowerShell\v1.0\;C:\Windows\System32\OpenSSH\;C:\Users\Administrator\AppData\Local\Microsoft\WindowsApps;C:\Program Files\Git\cmd;C:\WINDOWS\system32;C:\WINDOWS;C:\WINDOWS\System32\Wbem;C:\WINDOWS\System32\WindowsPowerShell\v1.0\;C:\WINDOWS\System32\OpenSSH\;C:\ProgramData\chocolatey\bin;;C:\Program Files (x86)\Rational\common;C:\Program Files\nodejs\;C:\Program Files\Docker\Docker\resources\bin;C:\Users\Lisa\AppData\Local\Microsoft\WindowsApps;C:\Users\Lisa\AppData\Local\Programs\Microsoft VS Code\bin;C:\Users\Lisa\AppData\Roaming\npm;C:\Program Files\MongoDB\Server\7.0\bin\;
USERNAME=Lisa
OS=Windows_NT
PROCESSOR_IDENTIFIER=Intel64 Family 6 Model 154 Stepping 3, GenuineIntel
TMP=C:\Users\Lisa\AppData\Local\Temp
TEMP=C:\Users\Lisa\AppData\Local\Temp



---------------  S Y S T E M  ---------------

OS:
 Windows 11 , 64 bit Build 22621 (10.0.22621.2215)
OS uptime: 0 days 0:20 hours
Hyper-V role detected

CPU: total 16 (initial active 16) (8 cores per cpu, 2 threads per core) family 6 model 154 stepping 3 microcode 0x41e, cx8, cmov, fxsr, ht, mmx, 3dnowpref, sse, sse2, sse3, ssse3, sse4.1, sse4.2, popcnt, lzcnt, tsc, tscinvbit, avx, avx2, aes, erms, clmul, bmi1, bmi2, adx, sha, fma, vzeroupper, clflush, clflushopt, clwb, hv

Memory: 4k page, system-wide physical 16110M (2594M free)
TotalPageFile size 16110M (AvailPageFile size 5M)
current process WorkingSet (physical memory assigned to process): 209M, peak: 209M
current process commit charge ("private bytes"): 439M, peak: 439M

vm_info: OpenJDK 64-Bit Server VM (17.0.7+7-LTS) for windows-amd64 JRE (17.0.7+7-LTS), built on Apr 14 2023 01:39:21 by "Administrator" with MS VC++ 15.9 (VS2017)

END.
