2023/09/24 08:04:20 [notice] 1#1: using the "epoll" event method
2023/09/24 08:04:20 [notice] 1#1: nginx/1.25.2
2023/09/24 08:04:20 [notice] 1#1: built by gcc 12.2.0 (Debian 12.2.0-14) 
2023/09/24 08:04:20 [notice] 1#1: OS: Linux 5.15.90.1-microsoft-standard-WSL2
2023/09/24 08:04:20 [notice] 1#1: getrlimit(RLIMIT_NOFILE): 1048576:1048576
2023/09/24 08:04:20 [notice] 1#1: start worker processes
2023/09/24 08:04:20 [notice] 1#1: start worker process 35
2023/09/24 08:04:20 [notice] 1#1: start worker process 36
2023/09/24 08:04:20 [notice] 1#1: start worker process 37
2023/09/24 08:04:20 [notice] 1#1: start worker process 38
2023/09/24 08:04:20 [notice] 1#1: start worker process 39
2023/09/24 08:04:20 [notice] 1#1: start worker process 40
2023/09/24 08:04:20 [notice] 1#1: start worker process 41
2023/09/24 08:04:20 [notice] 1#1: start worker process 42
2023/09/24 08:04:20 [notice] 1#1: start worker process 43
2023/09/24 08:04:20 [notice] 1#1: start worker process 44
2023/09/24 08:04:20 [notice] 1#1: start worker process 45
2023/09/24 08:04:20 [notice] 1#1: start worker process 46
2023/09/24 08:04:20 [notice] 1#1: start worker process 47
2023/09/24 08:04:20 [notice] 1#1: start worker process 48
2023/09/24 08:04:20 [notice] 1#1: start worker process 49
2023/09/24 08:04:20 [notice] 1#1: start worker process 50
2023/09/24 08:04:58 [error] 35#35: *1 open() "/usr/share/nginx/html/image.jpg" failed (2: No such file or directory), client: 172.19.0.1, server: _, request: "GET /image.jpg HTTP/1.1", host: "localhost", referrer: "http://localhost/index.html"
2023/09/24 08:04:58 [error] 35#35: *1 open() "/usr/share/nginx/html/favicon.ico" failed (2: No such file or directory), client: 172.19.0.1, server: _, request: "GET /favicon.ico HTTP/1.1", host: "localhost", referrer: "http://localhost/index.html"
2023/09/24 08:05:33 [error] 35#35: *1 open() "/usr/share/nginx/html/image.jpg" failed (2: No such file or directory), client: 172.19.0.1, server: _, request: "GET /image.jpg HTTP/1.1", host: "localhost", referrer: "http://localhost/index2.html"
2023/09/24 08:10:36 [notice] 1#1: signal 3 (SIGQUIT) received, shutting down
2023/09/24 08:10:36 [notice] 35#35: gracefully shutting down
2023/09/24 08:10:36 [notice] 36#36: gracefully shutting down
2023/09/24 08:10:36 [notice] 36#36: exiting
2023/09/24 08:10:36 [notice] 37#37: gracefully shutting down
2023/09/24 08:10:36 [notice] 37#37: exiting
2023/09/24 08:10:36 [notice] 38#38: gracefully shutting down
2023/09/24 08:10:36 [notice] 40#40: gracefully shutting down
2023/09/24 08:10:36 [notice] 39#39: gracefully shutting down
2023/09/24 08:10:36 [notice] 41#41: gracefully shutting down
2023/09/24 08:10:36 [notice] 41#41: exiting
2023/09/24 08:10:36 [notice] 42#42: gracefully shutting down
2023/09/24 08:10:36 [notice] 43#43: gracefully shutting down
2023/09/24 08:10:36 [notice] 44#44: gracefully shutting down
2023/09/24 08:10:36 [notice] 45#45: gracefully shutting down
2023/09/24 08:10:36 [notice] 46#46: gracefully shutting down
2023/09/24 08:10:36 [notice] 47#47: gracefully shutting down
2023/09/24 08:10:36 [notice] 48#48: gracefully shutting down
2023/09/24 08:10:36 [notice] 49#49: gracefully shutting down
2023/09/24 08:10:36 [notice] 35#35: exiting
2023/09/24 08:10:36 [notice] 50#50: gracefully shutting down
2023/09/24 08:10:36 [notice] 36#36: exit
2023/09/24 08:10:36 [notice] 37#37: exit
2023/09/24 08:10:36 [notice] 38#38: exiting
2023/09/24 08:10:36 [notice] 40#40: exiting
2023/09/24 08:10:36 [notice] 39#39: exiting
2023/09/24 08:10:36 [notice] 41#41: exit
2023/09/24 08:10:36 [notice] 42#42: exiting
2023/09/24 08:10:36 [notice] 43#43: exiting
2023/09/24 08:10:36 [notice] 44#44: exiting
2023/09/24 08:10:36 [notice] 45#45: exiting
2023/09/24 08:10:36 [notice] 45#45: exit
2023/09/24 08:10:36 [notice] 46#46: exiting
2023/09/24 08:10:36 [notice] 47#47: exiting
2023/09/24 08:10:36 [notice] 48#48: exiting
2023/09/24 08:10:36 [notice] 48#48: exit
2023/09/24 08:10:36 [notice] 49#49: exiting
2023/09/24 08:10:36 [notice] 35#35: exit
2023/09/24 08:10:36 [notice] 50#50: exiting
2023/09/24 08:10:36 [notice] 38#38: exit
2023/09/24 08:10:36 [notice] 40#40: exit
2023/09/24 08:10:36 [notice] 39#39: exit
2023/09/24 08:10:36 [notice] 42#42: exit
2023/09/24 08:10:36 [notice] 43#43: exit
2023/09/24 08:10:36 [notice] 44#44: exit
2023/09/24 08:10:36 [notice] 46#46: exit
2023/09/24 08:10:36 [notice] 47#47: exit
2023/09/24 08:10:36 [notice] 49#49: exit
2023/09/24 08:10:36 [notice] 50#50: exit
2023/09/24 08:10:37 [notice] 1#1: signal 17 (SIGCHLD) received from 36
2023/09/24 08:10:37 [notice] 1#1: worker process 36 exited with code 0
2023/09/24 08:10:37 [notice] 1#1: signal 29 (SIGIO) received
2023/09/24 08:10:37 [notice] 1#1: signal 17 (SIGCHLD) received from 41
2023/09/24 08:10:37 [notice] 1#1: worker process 40 exited with code 0
2023/09/24 08:10:37 [notice] 1#1: worker process 41 exited with code 0
2023/09/24 08:10:37 [notice] 1#1: signal 29 (SIGIO) received
2023/09/24 08:10:37 [notice] 1#1: signal 17 (SIGCHLD) received from 40
2023/09/24 08:10:37 [notice] 1#1: signal 17 (SIGCHLD) received from 38
2023/09/24 08:10:37 [notice] 1#1: worker process 35 exited with code 0
2023/09/24 08:10:37 [notice] 1#1: worker process 38 exited with code 0
2023/09/24 08:10:37 [notice] 1#1: worker process 39 exited with code 0
2023/09/24 08:10:37 [notice] 1#1: worker process 43 exited with code 0
2023/09/24 08:10:37 [notice] 1#1: worker process 44 exited with code 0
2023/09/24 08:10:37 [notice] 1#1: worker process 45 exited with code 0
2023/09/24 08:10:37 [notice] 1#1: worker process 48 exited with code 0
2023/09/24 08:10:37 [notice] 1#1: signal 29 (SIGIO) received
2023/09/24 08:10:37 [notice] 1#1: signal 17 (SIGCHLD) received from 48
2023/09/24 08:10:37 [notice] 1#1: signal 17 (SIGCHLD) received from 47
2023/09/24 08:10:37 [notice] 1#1: worker process 47 exited with code 0
2023/09/24 08:10:37 [notice] 1#1: signal 29 (SIGIO) received
2023/09/24 08:10:37 [notice] 1#1: signal 17 (SIGCHLD) received from 50
2023/09/24 08:10:37 [notice] 1#1: worker process 37 exited with code 0
2023/09/24 08:10:37 [notice] 1#1: worker process 42 exited with code 0
2023/09/24 08:10:37 [notice] 1#1: worker process 46 exited with code 0
2023/09/24 08:10:37 [notice] 1#1: worker process 49 exited with code 0
2023/09/24 08:10:37 [notice] 1#1: worker process 50 exited with code 0
2023/09/24 08:10:37 [notice] 1#1: exit
2023/09/24 16:57:56 [notice] 1#1: using the "epoll" event method
2023/09/24 16:57:56 [notice] 1#1: nginx/1.25.2
2023/09/24 16:57:56 [notice] 1#1: built by gcc 12.2.0 (Debian 12.2.0-14) 
2023/09/24 16:57:56 [notice] 1#1: OS: Linux 5.15.90.1-microsoft-standard-WSL2
2023/09/24 16:57:56 [notice] 1#1: getrlimit(RLIMIT_NOFILE): 1048576:1048576
2023/09/24 16:57:56 [notice] 1#1: start worker processes
2023/09/24 16:57:56 [notice] 1#1: start worker process 35
2023/09/24 16:57:56 [notice] 1#1: start worker process 36
2023/09/24 16:57:56 [notice] 1#1: start worker process 37
2023/09/24 16:57:56 [notice] 1#1: start worker process 38
2023/09/24 16:57:56 [notice] 1#1: start worker process 39
2023/09/24 16:57:56 [notice] 1#1: start worker process 40
2023/09/24 16:57:56 [notice] 1#1: start worker process 41
2023/09/24 16:57:56 [notice] 1#1: start worker process 42
2023/09/24 16:57:56 [notice] 1#1: start worker process 43
2023/09/24 16:57:56 [notice] 1#1: start worker process 44
2023/09/24 16:57:56 [notice] 1#1: start worker process 45
2023/09/24 16:57:56 [notice] 1#1: start worker process 46
2023/09/24 16:57:56 [notice] 1#1: start worker process 47
2023/09/24 16:57:56 [notice] 1#1: start worker process 48
2023/09/24 16:57:56 [notice] 1#1: start worker process 49
2023/09/24 16:57:56 [notice] 1#1: start worker process 50
2023/09/24 16:58:30 [error] 35#35: *1 directory index of "/usr/share/nginx/html/" is forbidden, client: 172.20.0.1, server: _, request: "GET / HTTP/1.1", host: "localhost"
2023/09/24 16:58:43 [error] 35#35: *1 directory index of "/usr/share/nginx/html/" is forbidden, client: 172.20.0.1, server: _, request: "GET / HTTP/1.1", host: "localhost"
2023/09/24 16:59:01 [notice] 1#1: signal 3 (SIGQUIT) received, shutting down
2023/09/24 16:59:01 [notice] 35#35: gracefully shutting down
2023/09/24 16:59:01 [notice] 36#36: gracefully shutting down
2023/09/24 16:59:01 [notice] 37#37: gracefully shutting down
2023/09/24 16:59:01 [notice] 38#38: gracefully shutting down
2023/09/24 16:59:01 [notice] 41#41: gracefully shutting down
2023/09/24 16:59:01 [notice] 42#42: gracefully shutting down
2023/09/24 16:59:01 [notice] 42#42: exiting
2023/09/24 16:59:01 [notice] 39#39: gracefully shutting down
2023/09/24 16:59:01 [notice] 39#39: exiting
2023/09/24 16:59:01 [notice] 43#43: gracefully shutting down
2023/09/24 16:59:01 [notice] 45#45: gracefully shutting down
2023/09/24 16:59:01 [notice] 46#46: gracefully shutting down
2023/09/24 16:59:01 [notice] 47#47: gracefully shutting down
2023/09/24 16:59:01 [notice] 48#48: gracefully shutting down
2023/09/24 16:59:01 [notice] 48#48: exiting
2023/09/24 16:59:01 [notice] 40#40: gracefully shutting down
2023/09/24 16:59:01 [notice] 44#44: gracefully shutting down
2023/09/24 16:59:01 [notice] 50#50: gracefully shutting down
2023/09/24 16:59:01 [notice] 50#50: exiting
2023/09/24 16:59:01 [notice] 49#49: gracefully shutting down
2023/09/24 16:59:01 [notice] 49#49: exiting
2023/09/24 16:59:01 [notice] 35#35: exiting
2023/09/24 16:59:01 [notice] 37#37: exiting
2023/09/24 16:59:01 [notice] 38#38: exiting
2023/09/24 16:59:01 [notice] 41#41: exiting
2023/09/24 16:59:01 [notice] 42#42: exit
2023/09/24 16:59:01 [notice] 39#39: exit
2023/09/24 16:59:01 [notice] 43#43: exiting
2023/09/24 16:59:01 [notice] 45#45: exiting
2023/09/24 16:59:01 [notice] 46#46: exiting
2023/09/24 16:59:01 [notice] 47#47: exiting
2023/09/24 16:59:01 [notice] 48#48: exit
2023/09/24 16:59:01 [notice] 40#40: exiting
2023/09/24 16:59:01 [notice] 44#44: exiting
2023/09/24 16:59:01 [notice] 50#50: exit
2023/09/24 16:59:01 [notice] 49#49: exit
2023/09/24 16:59:01 [notice] 35#35: exit
2023/09/24 16:59:01 [notice] 37#37: exit
2023/09/24 16:59:01 [notice] 38#38: exit
2023/09/24 16:59:01 [notice] 41#41: exit
2023/09/24 16:59:01 [notice] 43#43: exit
2023/09/24 16:59:01 [notice] 45#45: exit
2023/09/24 16:59:01 [notice] 46#46: exit
2023/09/24 16:59:01 [notice] 47#47: exit
2023/09/24 16:59:01 [notice] 40#40: exit
2023/09/24 16:59:01 [notice] 44#44: exit
2023/09/24 16:59:01 [notice] 1#1: signal 17 (SIGCHLD) received from 43
2023/09/24 16:59:01 [notice] 1#1: worker process 35 exited with code 0
2023/09/24 16:59:01 [notice] 1#1: worker process 38 exited with code 0
2023/09/24 16:59:01 [notice] 1#1: worker process 39 exited with code 0
2023/09/24 16:59:01 [notice] 1#1: worker process 40 exited with code 0
2023/09/24 16:59:01 [notice] 1#1: worker process 41 exited with code 0
2023/09/24 16:59:01 [notice] 1#1: worker process 42 exited with code 0
2023/09/24 16:59:01 [notice] 1#1: worker process 43 exited with code 0
2023/09/24 16:59:01 [notice] 1#1: worker process 44 exited with code 0
2023/09/24 16:59:01 [notice] 1#1: worker process 45 exited with code 0
2023/09/24 16:59:01 [notice] 1#1: worker process 46 exited with code 0
2023/09/24 16:59:01 [notice] 1#1: worker process 48 exited with code 0
2023/09/24 16:59:01 [notice] 1#1: signal 29 (SIGIO) received
2023/09/24 16:59:01 [notice] 1#1: signal 17 (SIGCHLD) received from 40
2023/09/24 16:59:02 [notice] 1#1: signal 17 (SIGCHLD) received from 50
2023/09/24 16:59:02 [notice] 1#1: worker process 37 exited with code 0
2023/09/24 16:59:02 [notice] 1#1: worker process 47 exited with code 0
2023/09/24 16:59:02 [notice] 1#1: worker process 50 exited with code 0
2023/09/24 16:59:02 [notice] 1#1: signal 29 (SIGIO) received
2023/09/24 16:59:02 [notice] 1#1: signal 17 (SIGCHLD) received from 49
2023/09/24 16:59:02 [notice] 1#1: worker process 49 exited with code 0
2023/09/24 16:59:02 [notice] 1#1: signal 29 (SIGIO) received
2023/09/26 12:42:04 [notice] 1#1: using the "epoll" event method
2023/09/26 12:42:04 [notice] 1#1: nginx/1.25.2
2023/09/26 12:42:04 [notice] 1#1: built by gcc 12.2.0 (Debian 12.2.0-14) 
2023/09/26 12:42:04 [notice] 1#1: OS: Linux 5.15.90.1-microsoft-standard-WSL2
2023/09/26 12:42:04 [notice] 1#1: getrlimit(RLIMIT_NOFILE): 1048576:1048576
2023/09/26 12:42:04 [notice] 1#1: start worker processes
2023/09/26 12:42:04 [notice] 1#1: start worker process 34
2023/09/26 12:42:04 [notice] 1#1: start worker process 35
2023/09/26 12:42:04 [notice] 1#1: start worker process 36
2023/09/26 12:42:04 [notice] 1#1: start worker process 37
2023/09/26 12:42:04 [notice] 1#1: start worker process 38
2023/09/26 12:42:04 [notice] 1#1: start worker process 39
2023/09/26 12:42:04 [notice] 1#1: start worker process 40
2023/09/26 12:42:04 [notice] 1#1: start worker process 41
2023/09/26 12:42:04 [notice] 1#1: start worker process 42
2023/09/26 12:42:04 [notice] 1#1: start worker process 43
2023/09/26 12:42:04 [notice] 1#1: start worker process 44
2023/09/26 12:42:04 [notice] 1#1: start worker process 45
2023/09/26 12:42:04 [notice] 1#1: start worker process 46
2023/09/26 12:42:04 [notice] 1#1: start worker process 47
2023/09/26 12:42:04 [notice] 1#1: start worker process 48
2023/09/26 12:42:04 [notice] 1#1: start worker process 49
2023/09/26 12:42:45 [notice] 1#1: signal 3 (SIGQUIT) received, shutting down
2023/09/26 12:42:45 [notice] 34#34: gracefully shutting down
2023/09/26 12:42:45 [notice] 37#37: gracefully shutting down
2023/09/26 12:42:45 [notice] 36#36: gracefully shutting down
2023/09/26 12:42:45 [notice] 38#38: gracefully shutting down
2023/09/26 12:42:45 [notice] 35#35: gracefully shutting down
2023/09/26 12:42:45 [notice] 42#42: gracefully shutting down
2023/09/26 12:42:45 [notice] 39#39: gracefully shutting down
2023/09/26 12:42:45 [notice] 43#43: gracefully shutting down
2023/09/26 12:42:45 [notice] 43#43: exiting
2023/09/26 12:42:45 [notice] 40#40: gracefully shutting down
2023/09/26 12:42:45 [notice] 40#40: exiting
2023/09/26 12:42:45 [notice] 44#44: gracefully shutting down
2023/09/26 12:42:45 [notice] 45#45: gracefully shutting down
2023/09/26 12:42:45 [notice] 41#41: gracefully shutting down
2023/09/26 12:42:45 [notice] 41#41: exiting
2023/09/26 12:42:45 [notice] 48#48: gracefully shutting down
2023/09/26 12:42:45 [notice] 46#46: gracefully shutting down
2023/09/26 12:42:45 [notice] 49#49: gracefully shutting down
2023/09/26 12:42:45 [notice] 47#47: gracefully shutting down
2023/09/26 12:42:45 [notice] 34#34: exiting
2023/09/26 12:42:45 [notice] 37#37: exiting
2023/09/26 12:42:45 [notice] 36#36: exiting
2023/09/26 12:42:45 [notice] 38#38: exiting
2023/09/26 12:42:45 [notice] 35#35: exiting
2023/09/26 12:42:45 [notice] 42#42: exiting
2023/09/26 12:42:45 [notice] 42#42: exit
2023/09/26 12:42:45 [notice] 39#39: exiting
2023/09/26 12:42:45 [notice] 43#43: exit
2023/09/26 12:42:45 [notice] 40#40: exit
2023/09/26 12:42:45 [notice] 44#44: exiting
2023/09/26 12:42:45 [notice] 45#45: exiting
2023/09/26 12:42:45 [notice] 41#41: exit
2023/09/26 12:42:45 [notice] 48#48: exiting
2023/09/26 12:42:45 [notice] 46#46: exiting
2023/09/26 12:42:45 [notice] 49#49: exiting
2023/09/26 12:42:45 [notice] 47#47: exiting
2023/09/26 12:42:45 [notice] 34#34: exit
2023/09/26 12:42:45 [notice] 37#37: exit
2023/09/26 12:42:45 [notice] 36#36: exit
2023/09/26 12:42:45 [notice] 38#38: exit
2023/09/26 12:42:45 [notice] 35#35: exit
2023/09/26 12:42:45 [notice] 39#39: exit
2023/09/26 12:42:45 [notice] 44#44: exit
2023/09/26 12:42:45 [notice] 45#45: exit
2023/09/26 12:42:45 [notice] 48#48: exit
2023/09/26 12:42:45 [notice] 46#46: exit
2023/09/26 12:42:45 [notice] 49#49: exit
2023/09/26 12:42:45 [notice] 47#47: exit
2023/09/26 12:42:45 [notice] 1#1: signal 17 (SIGCHLD) received from 41
2023/09/26 12:42:45 [notice] 1#1: worker process 34 exited with code 0
2023/09/26 12:42:45 [notice] 1#1: worker process 41 exited with code 0
2023/09/26 12:42:45 [notice] 1#1: signal 29 (SIGIO) received
2023/09/26 12:42:45 [notice] 1#1: signal 17 (SIGCHLD) received from 34
2023/09/26 12:42:45 [notice] 1#1: signal 17 (SIGCHLD) received from 47
2023/09/26 12:42:45 [notice] 1#1: worker process 35 exited with code 0
2023/09/26 12:42:45 [notice] 1#1: worker process 36 exited with code 0
2023/09/26 12:42:45 [notice] 1#1: worker process 37 exited with code 0
2023/09/26 12:42:45 [notice] 1#1: worker process 38 exited with code 0
2023/09/26 12:42:45 [notice] 1#1: worker process 39 exited with code 0
2023/09/26 12:42:45 [notice] 1#1: worker process 40 exited with code 0
2023/09/26 12:42:45 [notice] 1#1: worker process 42 exited with code 0
2023/09/26 12:42:45 [notice] 1#1: worker process 43 exited with code 0
2023/09/26 12:42:45 [notice] 1#1: worker process 44 exited with code 0
2023/09/26 12:42:45 [notice] 1#1: worker process 45 exited with code 0
2023/09/26 12:42:45 [notice] 1#1: worker process 46 exited with code 0
2023/09/26 12:42:45 [notice] 1#1: worker process 47 exited with code 0
2023/09/26 12:42:45 [notice] 1#1: worker process 49 exited with code 0
2023/09/26 12:42:45 [notice] 1#1: signal 29 (SIGIO) received
2023/09/26 12:42:45 [notice] 1#1: signal 17 (SIGCHLD) received from 40
2023/09/26 12:42:45 [notice] 1#1: signal 17 (SIGCHLD) received from 48
2023/09/26 12:42:45 [notice] 1#1: worker process 48 exited with code 0
2023/09/26 12:42:45 [notice] 1#1: exit
2023/09/26 12:43:04 [notice] 1#1: using the "epoll" event method
2023/09/26 12:43:04 [notice] 1#1: nginx/1.25.2
2023/09/26 12:43:04 [notice] 1#1: built by gcc 12.2.0 (Debian 12.2.0-14) 
2023/09/26 12:43:04 [notice] 1#1: OS: Linux 5.15.90.1-microsoft-standard-WSL2
2023/09/26 12:43:04 [notice] 1#1: getrlimit(RLIMIT_NOFILE): 1048576:1048576
2023/09/26 12:43:04 [notice] 1#1: start worker processes
2023/09/26 12:43:04 [notice] 1#1: start worker process 35
2023/09/26 12:43:04 [notice] 1#1: start worker process 36
2023/09/26 12:43:04 [notice] 1#1: start worker process 37
2023/09/26 12:43:04 [notice] 1#1: start worker process 38
2023/09/26 12:43:04 [notice] 1#1: start worker process 39
2023/09/26 12:43:04 [notice] 1#1: start worker process 40
2023/09/26 12:43:04 [notice] 1#1: start worker process 41
2023/09/26 12:43:04 [notice] 1#1: start worker process 42
2023/09/26 12:43:04 [notice] 1#1: start worker process 43
2023/09/26 12:43:04 [notice] 1#1: start worker process 44
2023/09/26 12:43:04 [notice] 1#1: start worker process 45
2023/09/26 12:43:04 [notice] 1#1: start worker process 46
2023/09/26 12:43:04 [notice] 1#1: start worker process 47
2023/09/26 12:43:04 [notice] 1#1: start worker process 48
2023/09/26 12:43:04 [notice] 1#1: start worker process 49
2023/09/26 12:43:04 [notice] 1#1: start worker process 50
2023/09/26 12:45:44 [notice] 1#1: signal 3 (SIGQUIT) received, shutting down
2023/09/26 12:45:44 [notice] 35#35: gracefully shutting down
2023/09/26 12:45:44 [notice] 36#36: gracefully shutting down
2023/09/26 12:45:44 [notice] 40#40: gracefully shutting down
2023/09/26 12:45:44 [notice] 41#41: gracefully shutting down
2023/09/26 12:45:44 [notice] 43#43: gracefully shutting down
2023/09/26 12:45:44 [notice] 42#42: gracefully shutting down
2023/09/26 12:45:44 [notice] 37#37: gracefully shutting down
2023/09/26 12:45:44 [notice] 39#39: gracefully shutting down
2023/09/26 12:45:44 [notice] 38#38: gracefully shutting down
2023/09/26 12:45:44 [notice] 45#45: gracefully shutting down
2023/09/26 12:45:44 [notice] 44#44: gracefully shutting down
2023/09/26 12:45:44 [notice] 49#49: gracefully shutting down
2023/09/26 12:45:44 [notice] 48#48: gracefully shutting down
2023/09/26 12:45:44 [notice] 46#46: gracefully shutting down
2023/09/26 12:45:44 [notice] 50#50: gracefully shutting down
2023/09/26 12:45:44 [notice] 47#47: gracefully shutting down
2023/09/26 12:45:44 [notice] 35#35: exiting
2023/09/26 12:45:44 [notice] 36#36: exiting
2023/09/26 12:45:44 [notice] 40#40: exiting
2023/09/26 12:45:44 [notice] 41#41: exiting
2023/09/26 12:45:44 [notice] 43#43: exiting
2023/09/26 12:45:44 [notice] 42#42: exiting
2023/09/26 12:45:44 [notice] 42#42: exit
2023/09/26 12:45:44 [notice] 37#37: exiting
2023/09/26 12:45:44 [notice] 39#39: exiting
2023/09/26 12:45:44 [notice] 38#38: exiting
2023/09/26 12:45:44 [notice] 45#45: exiting
2023/09/26 12:45:44 [notice] 44#44: exiting
2023/09/26 12:45:44 [notice] 49#49: exiting
2023/09/26 12:45:44 [notice] 48#48: exiting
2023/09/26 12:45:44 [notice] 46#46: exiting
2023/09/26 12:45:44 [notice] 50#50: exiting
2023/09/26 12:45:44 [notice] 47#47: exiting
2023/09/26 12:45:44 [notice] 35#35: exit
2023/09/26 12:45:44 [notice] 36#36: exit
2023/09/26 12:45:44 [notice] 40#40: exit
2023/09/26 12:45:44 [notice] 41#41: exit
2023/09/26 12:45:44 [notice] 43#43: exit
2023/09/26 12:45:44 [notice] 37#37: exit
2023/09/26 12:45:44 [notice] 39#39: exit
2023/09/26 12:45:44 [notice] 38#38: exit
2023/09/26 12:45:44 [notice] 45#45: exit
2023/09/26 12:45:44 [notice] 44#44: exit
2023/09/26 12:45:44 [notice] 49#49: exit
2023/09/26 12:45:44 [notice] 48#48: exit
2023/09/26 12:45:44 [notice] 46#46: exit
2023/09/26 12:45:44 [notice] 50#50: exit
2023/09/26 12:45:44 [notice] 47#47: exit
2023/09/26 12:45:45 [notice] 1#1: signal 17 (SIGCHLD) received from 42
2023/09/26 12:45:45 [notice] 1#1: worker process 42 exited with code 0
2023/09/26 12:45:45 [notice] 1#1: signal 29 (SIGIO) received
2023/09/26 12:45:45 [notice] 1#1: signal 17 (SIGCHLD) received from 43
2023/09/26 12:45:45 [notice] 1#1: worker process 36 exited with code 0
2023/09/26 12:45:45 [notice] 1#1: worker process 38 exited with code 0
2023/09/26 12:45:45 [notice] 1#1: worker process 39 exited with code 0
2023/09/26 12:45:45 [notice] 1#1: worker process 43 exited with code 0
2023/09/26 12:45:45 [notice] 1#1: worker process 45 exited with code 0
2023/09/26 12:45:45 [notice] 1#1: worker process 47 exited with code 0
2023/09/26 12:45:45 [notice] 1#1: worker process 37 exited with code 0
2023/09/26 12:45:45 [notice] 1#1: worker process 44 exited with code 0
2023/09/26 12:45:45 [notice] 1#1: worker process 46 exited with code 0
2023/09/26 12:45:45 [notice] 1#1: worker process 48 exited with code 0
2023/09/26 12:45:45 [notice] 1#1: worker process 49 exited with code 0
2023/09/26 12:45:45 [notice] 1#1: worker process 50 exited with code 0
2023/09/26 12:45:45 [notice] 1#1: signal 29 (SIGIO) received
2023/09/26 12:45:45 [notice] 1#1: signal 17 (SIGCHLD) received from 48
2023/09/26 12:45:45 [notice] 1#1: signal 17 (SIGCHLD) received from 40
2023/09/26 12:45:45 [notice] 1#1: worker process 35 exited with code 0
2023/09/26 12:45:45 [notice] 1#1: worker process 40 exited with code 0
2023/09/26 12:45:45 [notice] 1#1: worker process 41 exited with code 0
2023/09/26 12:45:45 [notice] 1#1: exit
2023/09/26 12:46:05 [notice] 1#1: using the "epoll" event method
2023/09/26 12:46:05 [notice] 1#1: nginx/1.25.2
2023/09/26 12:46:05 [notice] 1#1: built by gcc 12.2.0 (Debian 12.2.0-14) 
2023/09/26 12:46:05 [notice] 1#1: OS: Linux 5.15.90.1-microsoft-standard-WSL2
2023/09/26 12:46:05 [notice] 1#1: getrlimit(RLIMIT_NOFILE): 1048576:1048576
2023/09/26 12:46:05 [notice] 1#1: start worker processes
2023/09/26 12:46:05 [notice] 1#1: start worker process 35
2023/09/26 12:46:05 [notice] 1#1: start worker process 36
2023/09/26 12:46:05 [notice] 1#1: start worker process 37
2023/09/26 12:46:05 [notice] 1#1: start worker process 38
2023/09/26 12:46:05 [notice] 1#1: start worker process 39
2023/09/26 12:46:05 [notice] 1#1: start worker process 40
2023/09/26 12:46:05 [notice] 1#1: start worker process 41
2023/09/26 12:46:05 [notice] 1#1: start worker process 42
2023/09/26 12:46:05 [notice] 1#1: start worker process 43
2023/09/26 12:46:05 [notice] 1#1: start worker process 44
2023/09/26 12:46:05 [notice] 1#1: start worker process 45
2023/09/26 12:46:05 [notice] 1#1: start worker process 46
2023/09/26 12:46:05 [notice] 1#1: start worker process 47
2023/09/26 12:46:05 [notice] 1#1: start worker process 48
2023/09/26 12:46:05 [notice] 1#1: start worker process 49
2023/09/26 12:46:05 [notice] 1#1: start worker process 50
2023/09/26 12:51:41 [notice] 1#1: signal 3 (SIGQUIT) received, shutting down
2023/09/26 12:51:41 [notice] 35#35: gracefully shutting down
2023/09/26 12:51:41 [notice] 36#36: gracefully shutting down
2023/09/26 12:51:41 [notice] 36#36: exiting
2023/09/26 12:51:41 [notice] 38#38: gracefully shutting down
2023/09/26 12:51:41 [notice] 38#38: exiting
2023/09/26 12:51:41 [notice] 37#37: gracefully shutting down
2023/09/26 12:51:41 [notice] 37#37: exiting
2023/09/26 12:51:41 [notice] 39#39: gracefully shutting down
2023/09/26 12:51:41 [notice] 40#40: gracefully shutting down
2023/09/26 12:51:41 [notice] 41#41: gracefully shutting down
2023/09/26 12:51:41 [notice] 41#41: exiting
2023/09/26 12:51:41 [notice] 42#42: gracefully shutting down
2023/09/26 12:51:41 [notice] 44#44: gracefully shutting down
2023/09/26 12:51:41 [notice] 44#44: exiting
2023/09/26 12:51:41 [notice] 45#45: gracefully shutting down
2023/09/26 12:51:41 [notice] 43#43: gracefully shutting down
2023/09/26 12:51:41 [notice] 43#43: exiting
2023/09/26 12:51:41 [notice] 46#46: gracefully shutting down
2023/09/26 12:51:41 [notice] 47#47: gracefully shutting down
2023/09/26 12:51:41 [notice] 50#50: gracefully shutting down
2023/09/26 12:51:41 [notice] 48#48: gracefully shutting down
2023/09/26 12:51:41 [notice] 48#48: exiting
2023/09/26 12:51:41 [notice] 49#49: gracefully shutting down
2023/09/26 12:51:41 [notice] 35#35: exiting
2023/09/26 12:51:41 [notice] 36#36: exit
2023/09/26 12:51:41 [notice] 38#38: exit
2023/09/26 12:51:41 [notice] 37#37: exit
2023/09/26 12:51:41 [notice] 39#39: exiting
2023/09/26 12:51:41 [notice] 40#40: exiting
2023/09/26 12:51:41 [notice] 41#41: exit
2023/09/26 12:51:41 [notice] 42#42: exiting
2023/09/26 12:51:41 [notice] 42#42: exit
2023/09/26 12:51:41 [notice] 44#44: exit
2023/09/26 12:51:41 [notice] 45#45: exiting
2023/09/26 12:51:41 [notice] 43#43: exit
2023/09/26 12:51:41 [notice] 46#46: exiting
2023/09/26 12:51:41 [notice] 46#46: exit
2023/09/26 12:51:41 [notice] 47#47: exiting
2023/09/26 12:51:41 [notice] 50#50: exiting
2023/09/26 12:51:41 [notice] 48#48: exit
2023/09/26 12:51:41 [notice] 49#49: exiting
2023/09/26 12:51:41 [notice] 49#49: exit
2023/09/26 12:51:41 [notice] 35#35: exit
2023/09/26 12:51:41 [notice] 39#39: exit
2023/09/26 12:51:41 [notice] 40#40: exit
2023/09/26 12:51:41 [notice] 45#45: exit
2023/09/26 12:51:41 [notice] 47#47: exit
2023/09/26 12:51:41 [notice] 50#50: exit
2023/09/26 12:51:41 [notice] 1#1: signal 17 (SIGCHLD) received from 43
2023/09/26 12:51:41 [notice] 1#1: worker process 37 exited with code 0
2023/09/26 12:51:41 [notice] 1#1: worker process 38 exited with code 0
2023/09/26 12:51:41 [notice] 1#1: worker process 43 exited with code 0
2023/09/26 12:51:41 [notice] 1#1: worker process 44 exited with code 0
2023/09/26 12:51:41 [notice] 1#1: signal 29 (SIGIO) received
2023/09/26 12:51:41 [notice] 1#1: signal 17 (SIGCHLD) received from 41
2023/09/26 12:51:41 [notice] 1#1: worker process 36 exited with code 0
2023/09/26 12:51:41 [notice] 1#1: worker process 41 exited with code 0
2023/09/26 12:51:41 [notice] 1#1: worker process 42 exited with code 0
2023/09/26 12:51:41 [notice] 1#1: signal 29 (SIGIO) received
2023/09/26 12:51:41 [notice] 1#1: signal 17 (SIGCHLD) received from 42
2023/09/26 12:51:41 [notice] 1#1: signal 17 (SIGCHLD) received from 47
2023/09/26 12:51:41 [notice] 1#1: worker process 35 exited with code 0
2023/09/26 12:51:41 [notice] 1#1: worker process 40 exited with code 0
2023/09/26 12:51:41 [notice] 1#1: worker process 47 exited with code 0
2023/09/26 12:51:41 [notice] 1#1: worker process 48 exited with code 0
2023/09/26 12:51:41 [notice] 1#1: worker process 50 exited with code 0
2023/09/26 12:51:42 [notice] 1#1: signal 29 (SIGIO) received
2023/09/26 12:51:42 [notice] 1#1: signal 17 (SIGCHLD) received from 40
2023/09/26 12:51:42 [notice] 1#1: worker process 39 exited with code 0
2023/09/26 12:51:42 [notice] 1#1: signal 29 (SIGIO) received
2023/09/26 12:51:42 [notice] 1#1: signal 17 (SIGCHLD) received from 39
2023/09/26 12:51:42 [notice] 1#1: signal 17 (SIGCHLD) received from 49
2023/09/26 12:51:42 [notice] 1#1: worker process 45 exited with code 0
2023/09/26 12:51:42 [notice] 1#1: worker process 49 exited with code 0
2023/09/26 12:51:42 [notice] 1#1: signal 29 (SIGIO) received
2023/09/26 12:51:42 [notice] 1#1: signal 17 (SIGCHLD) received from 45
2023/09/26 12:51:42 [notice] 1#1: signal 17 (SIGCHLD) received from 46
2023/09/26 12:51:42 [notice] 1#1: worker process 46 exited with code 0
2023/09/26 12:51:42 [notice] 1#1: exit
2023/09/26 12:51:53 [notice] 1#1: using the "epoll" event method
2023/09/26 12:51:53 [notice] 1#1: nginx/1.25.2
2023/09/26 12:51:53 [notice] 1#1: built by gcc 12.2.0 (Debian 12.2.0-14) 
2023/09/26 12:51:53 [notice] 1#1: OS: Linux 5.15.90.1-microsoft-standard-WSL2
2023/09/26 12:51:53 [notice] 1#1: getrlimit(RLIMIT_NOFILE): 1048576:1048576
2023/09/26 12:51:53 [notice] 1#1: start worker processes
2023/09/26 12:51:53 [notice] 1#1: start worker process 34
2023/09/26 12:51:53 [notice] 1#1: start worker process 35
2023/09/26 12:51:53 [notice] 1#1: start worker process 36
2023/09/26 12:51:53 [notice] 1#1: start worker process 37
2023/09/26 12:51:53 [notice] 1#1: start worker process 38
2023/09/26 12:51:53 [notice] 1#1: start worker process 39
2023/09/26 12:51:53 [notice] 1#1: start worker process 40
2023/09/26 12:51:53 [notice] 1#1: start worker process 41
2023/09/26 12:51:53 [notice] 1#1: start worker process 42
2023/09/26 12:51:53 [notice] 1#1: start worker process 43
2023/09/26 12:51:53 [notice] 1#1: start worker process 44
2023/09/26 12:51:53 [notice] 1#1: start worker process 45
2023/09/26 12:51:53 [notice] 1#1: start worker process 46
2023/09/26 12:51:53 [notice] 1#1: start worker process 47
2023/09/26 12:51:53 [notice] 1#1: start worker process 48
2023/09/26 12:51:53 [notice] 1#1: start worker process 49
2023/09/26 12:52:15 [notice] 1#1: signal 3 (SIGQUIT) received, shutting down
2023/09/26 12:52:15 [notice] 35#35: gracefully shutting down
2023/09/26 12:52:15 [notice] 34#34: gracefully shutting down
2023/09/26 12:52:15 [notice] 34#34: exiting
2023/09/26 12:52:15 [notice] 36#36: gracefully shutting down
2023/09/26 12:52:15 [notice] 37#37: gracefully shutting down
2023/09/26 12:52:15 [notice] 37#37: exiting
2023/09/26 12:52:15 [notice] 40#40: gracefully shutting down
2023/09/26 12:52:15 [notice] 38#38: gracefully shutting down
2023/09/26 12:52:15 [notice] 38#38: exiting
2023/09/26 12:52:15 [notice] 39#39: gracefully shutting down
2023/09/26 12:52:15 [notice] 41#41: gracefully shutting down
2023/09/26 12:52:15 [notice] 41#41: exiting
2023/09/26 12:52:15 [notice] 43#43: gracefully shutting down
2023/09/26 12:52:15 [notice] 42#42: gracefully shutting down
2023/09/26 12:52:15 [notice] 42#42: exiting
2023/09/26 12:52:15 [notice] 48#48: gracefully shutting down
2023/09/26 12:52:15 [notice] 48#48: exiting
2023/09/26 12:52:15 [notice] 44#44: gracefully shutting down
2023/09/26 12:52:15 [notice] 44#44: exiting
2023/09/26 12:52:15 [notice] 45#45: gracefully shutting down
2023/09/26 12:52:15 [notice] 45#45: exiting
2023/09/26 12:52:15 [notice] 49#49: gracefully shutting down
2023/09/26 12:52:15 [notice] 49#49: exiting
2023/09/26 12:52:15 [notice] 47#47: gracefully shutting down
2023/09/26 12:52:15 [notice] 46#46: gracefully shutting down
2023/09/26 12:52:15 [notice] 46#46: exiting
2023/09/26 12:52:15 [notice] 35#35: exiting
2023/09/26 12:52:15 [notice] 35#35: exit
2023/09/26 12:52:15 [notice] 34#34: exit
2023/09/26 12:52:15 [notice] 36#36: exiting
2023/09/26 12:52:15 [notice] 37#37: exit
2023/09/26 12:52:15 [notice] 40#40: exiting
2023/09/26 12:52:15 [notice] 38#38: exit
2023/09/26 12:52:15 [notice] 39#39: exiting
2023/09/26 12:52:15 [notice] 39#39: exit
2023/09/26 12:52:15 [notice] 41#41: exit
2023/09/26 12:52:15 [notice] 43#43: exiting
2023/09/26 12:52:15 [notice] 42#42: exit
2023/09/26 12:52:15 [notice] 48#48: exit
2023/09/26 12:52:15 [notice] 44#44: exit
2023/09/26 12:52:15 [notice] 45#45: exit
2023/09/26 12:52:15 [notice] 49#49: exit
2023/09/26 12:52:15 [notice] 47#47: exiting
2023/09/26 12:52:15 [notice] 46#46: exit
2023/09/26 12:52:15 [notice] 36#36: exit
2023/09/26 12:52:15 [notice] 40#40: exit
2023/09/26 12:52:15 [notice] 43#43: exit
2023/09/26 12:52:15 [notice] 47#47: exit
2023/09/26 12:52:15 [notice] 1#1: signal 17 (SIGCHLD) received from 35
2023/09/26 12:52:15 [notice] 1#1: worker process 35 exited with code 0
2023/09/26 12:52:15 [notice] 1#1: signal 29 (SIGIO) received
2023/09/26 12:52:15 [notice] 1#1: signal 17 (SIGCHLD) received from 39
2023/09/26 12:52:15 [notice] 1#1: worker process 34 exited with code 0
2023/09/26 12:52:15 [notice] 1#1: worker process 39 exited with code 0
2023/09/26 12:52:15 [notice] 1#1: signal 29 (SIGIO) received
2023/09/26 12:52:15 [notice] 1#1: signal 17 (SIGCHLD) received from 43
2023/09/26 12:52:15 [notice] 1#1: worker process 36 exited with code 0
2023/09/26 12:52:15 [notice] 1#1: worker process 38 exited with code 0
2023/09/26 12:52:15 [notice] 1#1: worker process 40 exited with code 0
2023/09/26 12:52:15 [notice] 1#1: worker process 42 exited with code 0
2023/09/26 12:52:15 [notice] 1#1: worker process 43 exited with code 0
2023/09/26 12:52:15 [notice] 1#1: worker process 44 exited with code 0
2023/09/26 12:52:15 [notice] 1#1: worker process 45 exited with code 0
2023/09/26 12:52:15 [notice] 1#1: worker process 46 exited with code 0
2023/09/26 12:52:15 [notice] 1#1: worker process 49 exited with code 0
2023/09/26 12:52:15 [notice] 1#1: signal 29 (SIGIO) received
2023/09/26 12:52:15 [notice] 1#1: signal 17 (SIGCHLD) received from 45
2023/09/26 12:52:15 [notice] 1#1: signal 17 (SIGCHLD) received from 48
2023/09/26 12:52:15 [notice] 1#1: worker process 48 exited with code 0
2023/09/26 12:52:15 [notice] 1#1: signal 29 (SIGIO) received
2023/09/26 12:52:15 [notice] 1#1: signal 17 (SIGCHLD) received from 37
2023/09/26 12:52:15 [notice] 1#1: worker process 37 exited with code 0
2023/09/26 12:52:15 [notice] 1#1: worker process 41 exited with code 0
2023/09/26 12:52:15 [notice] 1#1: worker process 47 exited with code 0
2023/09/26 12:52:15 [notice] 1#1: exit
2023/09/26 12:56:59 [notice] 1#1: using the "epoll" event method
2023/09/26 12:56:59 [notice] 1#1: nginx/1.25.2
2023/09/26 12:56:59 [notice] 1#1: built by gcc 12.2.0 (Debian 12.2.0-14) 
2023/09/26 12:56:59 [notice] 1#1: OS: Linux 5.15.90.1-microsoft-standard-WSL2
2023/09/26 12:56:59 [notice] 1#1: getrlimit(RLIMIT_NOFILE): 1048576:1048576
2023/09/26 12:56:59 [notice] 1#1: start worker processes
2023/09/26 12:56:59 [notice] 1#1: start worker process 35
2023/09/26 12:56:59 [notice] 1#1: start worker process 36
2023/09/26 12:56:59 [notice] 1#1: start worker process 37
2023/09/26 12:56:59 [notice] 1#1: start worker process 38
2023/09/26 12:56:59 [notice] 1#1: start worker process 39
2023/09/26 12:56:59 [notice] 1#1: start worker process 40
2023/09/26 12:56:59 [notice] 1#1: start worker process 41
2023/09/26 12:56:59 [notice] 1#1: start worker process 42
2023/09/26 12:56:59 [notice] 1#1: start worker process 43
2023/09/26 12:56:59 [notice] 1#1: start worker process 44
2023/09/26 12:56:59 [notice] 1#1: start worker process 45
2023/09/26 12:56:59 [notice] 1#1: start worker process 46
2023/09/26 12:56:59 [notice] 1#1: start worker process 47
2023/09/26 12:56:59 [notice] 1#1: start worker process 48
2023/09/26 12:56:59 [notice] 1#1: start worker process 49
2023/09/26 12:56:59 [notice] 1#1: start worker process 50
2023/09/26 12:59:14 [error] 35#35: *1 directory index of "/usr/share/nginx/html/" is forbidden, client: 172.21.0.1, server: _, request: "GET / HTTP/1.1", host: "localhost"
2023/09/26 12:59:14 [error] 35#35: *1 open() "/usr/share/nginx/html/favicon.ico" failed (2: No such file or directory), client: 172.21.0.1, server: _, request: "GET /favicon.ico HTTP/1.1", host: "localhost", referrer: "http://localhost/"
2023/09/26 13:03:27 [notice] 1#1: signal 3 (SIGQUIT) received, shutting down
2023/09/26 13:03:27 [notice] 36#36: gracefully shutting down
2023/09/26 13:03:27 [notice] 35#35: gracefully shutting down
2023/09/26 13:03:27 [notice] 38#38: gracefully shutting down
2023/09/26 13:03:27 [notice] 39#39: gracefully shutting down
2023/09/26 13:03:27 [notice] 43#43: gracefully shutting down
2023/09/26 13:03:27 [notice] 43#43: exiting
2023/09/26 13:03:27 [notice] 42#42: gracefully shutting down
2023/09/26 13:03:27 [notice] 37#37: gracefully shutting down
2023/09/26 13:03:27 [notice] 37#37: exiting
2023/09/26 13:03:27 [notice] 40#40: gracefully shutting down
2023/09/26 13:03:27 [notice] 44#44: gracefully shutting down
2023/09/26 13:03:27 [notice] 41#41: gracefully shutting down
2023/09/26 13:03:27 [notice] 46#46: gracefully shutting down
2023/09/26 13:03:27 [notice] 46#46: exiting
2023/09/26 13:03:27 [notice] 47#47: gracefully shutting down
2023/09/26 13:03:27 [notice] 47#47: exiting
2023/09/26 13:03:27 [notice] 48#48: gracefully shutting down
2023/09/26 13:03:27 [notice] 48#48: exiting
2023/09/26 13:03:27 [notice] 49#49: gracefully shutting down
2023/09/26 13:03:27 [notice] 49#49: exiting
2023/09/26 13:03:27 [notice] 45#45: gracefully shutting down
2023/09/26 13:03:27 [notice] 45#45: exiting
2023/09/26 13:03:27 [notice] 50#50: gracefully shutting down
2023/09/26 13:03:27 [notice] 36#36: exiting
2023/09/26 13:03:27 [notice] 35#35: exiting
2023/09/26 13:03:27 [notice] 38#38: exiting
2023/09/26 13:03:27 [notice] 39#39: exiting
2023/09/26 13:03:27 [notice] 39#39: exit
2023/09/26 13:03:27 [notice] 43#43: exit
2023/09/26 13:03:27 [notice] 42#42: exiting
2023/09/26 13:03:27 [notice] 37#37: exit
2023/09/26 13:03:27 [notice] 40#40: exiting
2023/09/26 13:03:27 [notice] 40#40: exit
2023/09/26 13:03:27 [notice] 44#44: exiting
2023/09/26 13:03:27 [notice] 41#41: exiting
2023/09/26 13:03:27 [notice] 46#46: exit
2023/09/26 13:03:27 [notice] 47#47: exit
2023/09/26 13:03:27 [notice] 48#48: exit
2023/09/26 13:03:27 [notice] 49#49: exit
2023/09/26 13:03:27 [notice] 45#45: exit
2023/09/26 13:03:27 [notice] 50#50: exiting
2023/09/26 13:03:27 [notice] 36#36: exit
2023/09/26 13:03:27 [notice] 35#35: exit
2023/09/26 13:03:27 [notice] 38#38: exit
2023/09/26 13:03:27 [notice] 42#42: exit
2023/09/26 13:03:27 [notice] 44#44: exit
2023/09/26 13:03:27 [notice] 41#41: exit
2023/09/26 13:03:27 [notice] 50#50: exit
2023/09/26 13:03:27 [notice] 1#1: signal 17 (SIGCHLD) received from 40
2023/09/26 13:03:27 [notice] 1#1: worker process 40 exited with code 0
2023/09/26 13:03:27 [notice] 1#1: signal 29 (SIGIO) received
2023/09/26 13:03:27 [notice] 1#1: signal 17 (SIGCHLD) received from 35
2023/09/26 13:03:27 [notice] 1#1: worker process 35 exited with code 0
2023/09/26 13:03:27 [notice] 1#1: worker process 36 exited with code 0
2023/09/26 13:03:27 [notice] 1#1: worker process 37 exited with code 0
2023/09/26 13:03:27 [notice] 1#1: worker process 38 exited with code 0
2023/09/26 13:03:27 [notice] 1#1: worker process 39 exited with code 0
2023/09/26 13:03:27 [notice] 1#1: worker process 41 exited with code 0
2023/09/26 13:03:27 [notice] 1#1: worker process 42 exited with code 0
2023/09/26 13:03:27 [notice] 1#1: worker process 43 exited with code 0
2023/09/26 13:03:27 [notice] 1#1: worker process 44 exited with code 0
2023/09/26 13:03:27 [notice] 1#1: worker process 45 exited with code 0
2023/09/26 13:03:27 [notice] 1#1: worker process 46 exited with code 0
2023/09/26 13:03:27 [notice] 1#1: worker process 47 exited with code 0
2023/09/26 13:03:27 [notice] 1#1: worker process 48 exited with code 0
2023/09/26 13:03:27 [notice] 1#1: worker process 49 exited with code 0
2023/09/26 13:03:27 [notice] 1#1: worker process 50 exited with code 0
2023/09/26 13:03:27 [notice] 1#1: exit
2023/09/26 17:24:51 [notice] 1#1: using the "epoll" event method
2023/09/26 17:24:51 [notice] 1#1: nginx/1.25.2
2023/09/26 17:24:51 [notice] 1#1: built by gcc 12.2.0 (Debian 12.2.0-14) 
2023/09/26 17:24:51 [notice] 1#1: OS: Linux 5.15.90.1-microsoft-standard-WSL2
2023/09/26 17:24:51 [notice] 1#1: getrlimit(RLIMIT_NOFILE): 1048576:1048576
2023/09/26 17:24:51 [notice] 1#1: start worker processes
2023/09/26 17:24:51 [notice] 1#1: start worker process 35
2023/09/26 17:24:51 [notice] 1#1: start worker process 36
2023/09/26 17:24:51 [notice] 1#1: start worker process 37
2023/09/26 17:24:51 [notice] 1#1: start worker process 38
2023/09/26 17:24:51 [notice] 1#1: start worker process 39
2023/09/26 17:24:51 [notice] 1#1: start worker process 40
2023/09/26 17:24:51 [notice] 1#1: start worker process 41
2023/09/26 17:24:51 [notice] 1#1: start worker process 42
2023/09/26 17:24:51 [notice] 1#1: start worker process 43
2023/09/26 17:24:51 [notice] 1#1: start worker process 44
2023/09/26 17:24:51 [notice] 1#1: start worker process 45
2023/09/26 17:24:51 [notice] 1#1: start worker process 46
2023/09/26 17:24:51 [notice] 1#1: start worker process 47
2023/09/26 17:24:51 [notice] 1#1: start worker process 48
2023/09/26 17:24:51 [notice] 1#1: start worker process 49
2023/09/26 17:24:51 [notice] 1#1: start worker process 50
2023/09/26 17:25:09 [error] 36#36: *2 open() "/usr/share/nginx/html/nginx/src/style.css" failed (2: No such file or directory), client: 172.22.0.1, server: _, request: "GET /nginx/src/style.css HTTP/1.1", host: "localhost", referrer: "http://localhost/index.php"
2023/09/26 17:25:13 [error] 36#36: *2 open() "/usr/share/nginx/html/nginx/src/delivery.html" failed (2: No such file or directory), client: 172.22.0.1, server: _, request: "GET /nginx/src/delivery.html HTTP/1.1", host: "localhost", referrer: "http://localhost/index.php"
2023/09/26 17:25:16 [error] 36#36: *2 open() "/usr/share/nginx/html/nginx/src/contacts.html" failed (2: No such file or directory), client: 172.22.0.1, server: _, request: "GET /nginx/src/contacts.html HTTP/1.1", host: "localhost", referrer: "http://localhost/index.php"
2023/09/26 17:31:14 [notice] 1#1: signal 3 (SIGQUIT) received, shutting down
2023/09/26 17:31:14 [notice] 35#35: gracefully shutting down
2023/09/26 17:31:14 [notice] 36#36: gracefully shutting down
2023/09/26 17:31:14 [notice] 37#37: gracefully shutting down
2023/09/26 17:31:14 [notice] 37#37: exiting
2023/09/26 17:31:14 [notice] 38#38: gracefully shutting down
2023/09/26 17:31:14 [notice] 38#38: exiting
2023/09/26 17:31:14 [notice] 39#39: gracefully shutting down
2023/09/26 17:31:14 [notice] 39#39: exiting
2023/09/26 17:31:14 [notice] 40#40: gracefully shutting down
2023/09/26 17:31:14 [notice] 41#41: gracefully shutting down
2023/09/26 17:31:14 [notice] 41#41: exiting
2023/09/26 17:31:14 [notice] 45#45: gracefully shutting down
2023/09/26 17:31:14 [notice] 45#45: exiting
2023/09/26 17:31:14 [notice] 43#43: gracefully shutting down
2023/09/26 17:31:14 [notice] 43#43: exiting
2023/09/26 17:31:14 [notice] 42#42: gracefully shutting down
2023/09/26 17:31:14 [notice] 46#46: gracefully shutting down
2023/09/26 17:31:14 [notice] 49#49: gracefully shutting down
2023/09/26 17:31:14 [notice] 44#44: gracefully shutting down
2023/09/26 17:31:14 [notice] 48#48: gracefully shutting down
2023/09/26 17:31:14 [notice] 48#48: exiting
2023/09/26 17:31:14 [notice] 50#50: gracefully shutting down
2023/09/26 17:31:14 [notice] 47#47: gracefully shutting down
2023/09/26 17:31:14 [notice] 35#35: exiting
2023/09/26 17:31:14 [notice] 36#36: exiting
2023/09/26 17:31:14 [notice] 36#36: exit
2023/09/26 17:31:14 [notice] 37#37: exit
2023/09/26 17:31:14 [notice] 38#38: exit
2023/09/26 17:31:14 [notice] 39#39: exit
2023/09/26 17:31:14 [notice] 40#40: exiting
2023/09/26 17:31:14 [notice] 41#41: exit
2023/09/26 17:31:14 [notice] 45#45: exit
2023/09/26 17:31:14 [notice] 43#43: exit
2023/09/26 17:31:14 [notice] 42#42: exiting
2023/09/26 17:31:14 [notice] 46#46: exiting
2023/09/26 17:31:14 [notice] 46#46: exit
2023/09/26 17:31:14 [notice] 49#49: exiting
2023/09/26 17:31:14 [notice] 49#49: exit
2023/09/26 17:31:14 [notice] 44#44: exiting
2023/09/26 17:31:14 [notice] 48#48: exit
2023/09/26 17:31:14 [notice] 50#50: exiting
2023/09/26 17:31:14 [notice] 50#50: exit
2023/09/26 17:31:14 [notice] 47#47: exiting
2023/09/26 17:31:14 [notice] 47#47: exit
2023/09/26 17:31:14 [notice] 35#35: exit
2023/09/26 17:31:14 [notice] 40#40: exit
2023/09/26 17:31:14 [notice] 42#42: exit
2023/09/26 17:31:14 [notice] 44#44: exit
2023/09/26 17:31:14 [notice] 1#1: signal 17 (SIGCHLD) received from 36
2023/09/26 17:31:14 [notice] 1#1: worker process 36 exited with code 0
2023/09/26 17:31:14 [notice] 1#1: worker process 46 exited with code 0
2023/09/26 17:31:14 [notice] 1#1: worker process 48 exited with code 0
2023/09/26 17:31:14 [notice] 1#1: signal 29 (SIGIO) received
2023/09/26 17:31:14 [notice] 1#1: signal 17 (SIGCHLD) received from 48
2023/09/26 17:31:14 [notice] 1#1: worker process 41 exited with code 0
2023/09/26 17:31:14 [notice] 1#1: signal 29 (SIGIO) received
2023/09/26 17:31:14 [notice] 1#1: signal 17 (SIGCHLD) received from 41
2023/09/26 17:31:14 [notice] 1#1: signal 17 (SIGCHLD) received from 40
2023/09/26 17:31:14 [notice] 1#1: worker process 40 exited with code 0
2023/09/26 17:31:14 [notice] 1#1: signal 29 (SIGIO) received
2023/09/26 17:31:14 [notice] 1#1: signal 17 (SIGCHLD) received from 37
2023/09/26 17:31:14 [notice] 1#1: worker process 37 exited with code 0
2023/09/26 17:31:14 [notice] 1#1: worker process 38 exited with code 0
2023/09/26 17:31:14 [notice] 1#1: worker process 39 exited with code 0
2023/09/26 17:31:14 [notice] 1#1: worker process 43 exited with code 0
2023/09/26 17:31:14 [notice] 1#1: worker process 47 exited with code 0
2023/09/26 17:31:14 [notice] 1#1: worker process 49 exited with code 0
2023/09/26 17:31:14 [notice] 1#1: worker process 50 exited with code 0
2023/09/26 17:31:14 [notice] 1#1: worker process 35 exited with code 0
2023/09/26 17:31:14 [notice] 1#1: worker process 44 exited with code 0
2023/09/26 17:31:14 [notice] 1#1: signal 29 (SIGIO) received
2023/09/26 17:31:14 [notice] 1#1: signal 17 (SIGCHLD) received from 47
2023/09/26 17:31:14 [notice] 1#1: signal 17 (SIGCHLD) received from 42
2023/09/26 17:31:14 [notice] 1#1: worker process 42 exited with code 0
2023/09/26 17:31:14 [notice] 1#1: signal 29 (SIGIO) received
2023/09/26 17:31:14 [notice] 1#1: signal 17 (SIGCHLD) received from 45
2023/09/26 17:31:14 [notice] 1#1: worker process 45 exited with code 0
2023/09/26 17:31:14 [notice] 1#1: exit
2023/09/26 17:31:34 [notice] 1#1: using the "epoll" event method
2023/09/26 17:31:34 [notice] 1#1: nginx/1.25.2
2023/09/26 17:31:34 [notice] 1#1: built by gcc 12.2.0 (Debian 12.2.0-14) 
2023/09/26 17:31:34 [notice] 1#1: OS: Linux 5.15.90.1-microsoft-standard-WSL2
2023/09/26 17:31:34 [notice] 1#1: getrlimit(RLIMIT_NOFILE): 1048576:1048576
2023/09/26 17:31:34 [notice] 1#1: start worker processes
2023/09/26 17:31:34 [notice] 1#1: start worker process 36
2023/09/26 17:31:34 [notice] 1#1: start worker process 37
2023/09/26 17:31:34 [notice] 1#1: start worker process 38
2023/09/26 17:31:34 [notice] 1#1: start worker process 39
2023/09/26 17:31:34 [notice] 1#1: start worker process 40
2023/09/26 17:31:34 [notice] 1#1: start worker process 41
2023/09/26 17:31:34 [notice] 1#1: start worker process 42
2023/09/26 17:31:34 [notice] 1#1: start worker process 43
2023/09/26 17:31:34 [notice] 1#1: start worker process 44
2023/09/26 17:31:34 [notice] 1#1: start worker process 45
2023/09/26 17:31:34 [notice] 1#1: start worker process 46
2023/09/26 17:31:34 [notice] 1#1: start worker process 47
2023/09/26 17:31:34 [notice] 1#1: start worker process 48
2023/09/26 17:31:34 [notice] 1#1: start worker process 49
2023/09/26 17:31:34 [notice] 1#1: start worker process 50
2023/09/26 17:31:34 [notice] 1#1: start worker process 51
2023/09/26 17:31:46 [error] 36#36: *1 open() "/usr/share/nginx/html/nginx/src/style.css" failed (2: No such file or directory), client: 172.23.0.1, server: _, request: "GET /nginx/src/style.css HTTP/1.1", host: "localhost", referrer: "http://localhost/index.php"
2023/09/26 17:31:50 [error] 36#36: *1 open() "/usr/share/nginx/html/localhost/delivery.html" failed (2: No such file or directory), client: 172.23.0.1, server: _, request: "GET /localhost/delivery.html HTTP/1.1", host: "localhost", referrer: "http://localhost/index.php"
2023/09/26 17:31:52 [error] 36#36: *1 open() "/usr/share/nginx/html/localhost/contacts.html" failed (2: No such file or directory), client: 172.23.0.1, server: _, request: "GET /localhost/contacts.html HTTP/1.1", host: "localhost", referrer: "http://localhost/index.php"
2023/09/26 17:31:57 [error] 36#36: *1 open() "/usr/share/nginx/html/localhost/delivery.html" failed (2: No such file or directory), client: 172.23.0.1, server: _, request: "GET /localhost/delivery.html HTTP/1.1", host: "localhost", referrer: "http://localhost/index.php"
2023/09/26 17:33:00 [notice] 1#1: signal 3 (SIGQUIT) received, shutting down
2023/09/26 17:33:00 [notice] 36#36: gracefully shutting down
2023/09/26 17:33:00 [notice] 37#37: gracefully shutting down
2023/09/26 17:33:00 [notice] 40#40: gracefully shutting down
2023/09/26 17:33:00 [notice] 42#42: gracefully shutting down
2023/09/26 17:33:00 [notice] 42#42: exiting
2023/09/26 17:33:00 [notice] 43#43: gracefully shutting down
2023/09/26 17:33:00 [notice] 44#44: gracefully shutting down
2023/09/26 17:33:00 [notice] 38#38: gracefully shutting down
2023/09/26 17:33:00 [notice] 39#39: gracefully shutting down
2023/09/26 17:33:00 [notice] 46#46: gracefully shutting down
2023/09/26 17:33:00 [notice] 41#41: gracefully shutting down
2023/09/26 17:33:00 [notice] 47#47: gracefully shutting down
2023/09/26 17:33:00 [notice] 48#48: gracefully shutting down
2023/09/26 17:33:00 [notice] 49#49: gracefully shutting down
2023/09/26 17:33:00 [notice] 50#50: gracefully shutting down
2023/09/26 17:33:00 [notice] 50#50: exiting
2023/09/26 17:33:00 [notice] 51#51: gracefully shutting down
2023/09/26 17:33:00 [notice] 45#45: gracefully shutting down
2023/09/26 17:33:00 [notice] 36#36: exiting
2023/09/26 17:33:00 [notice] 37#37: exiting
2023/09/26 17:33:00 [notice] 40#40: exiting
2023/09/26 17:33:00 [notice] 42#42: exit
2023/09/26 17:33:00 [notice] 43#43: exiting
2023/09/26 17:33:00 [notice] 44#44: exiting
2023/09/26 17:33:00 [notice] 38#38: exiting
2023/09/26 17:33:00 [notice] 39#39: exiting
2023/09/26 17:33:00 [notice] 46#46: exiting
2023/09/26 17:33:00 [notice] 41#41: exiting
2023/09/26 17:33:00 [notice] 47#47: exiting
2023/09/26 17:33:00 [notice] 48#48: exiting
2023/09/26 17:33:00 [notice] 49#49: exiting
2023/09/26 17:33:00 [notice] 50#50: exit
2023/09/26 17:33:00 [notice] 51#51: exiting
2023/09/26 17:33:00 [notice] 45#45: exiting
2023/09/26 17:33:00 [notice] 45#45: exit
2023/09/26 17:33:00 [notice] 36#36: exit
2023/09/26 17:33:00 [notice] 37#37: exit
2023/09/26 17:33:00 [notice] 40#40: exit
2023/09/26 17:33:00 [notice] 43#43: exit
2023/09/26 17:33:00 [notice] 44#44: exit
2023/09/26 17:33:00 [notice] 38#38: exit
2023/09/26 17:33:00 [notice] 39#39: exit
2023/09/26 17:33:00 [notice] 46#46: exit
2023/09/26 17:33:00 [notice] 41#41: exit
2023/09/26 17:33:00 [notice] 47#47: exit
2023/09/26 17:33:00 [notice] 48#48: exit
2023/09/26 17:33:00 [notice] 49#49: exit
2023/09/26 17:33:00 [notice] 51#51: exit
2023/09/26 17:33:00 [notice] 1#1: signal 17 (SIGCHLD) received from 50
2023/09/26 17:33:00 [notice] 1#1: worker process 50 exited with code 0
2023/09/26 17:33:00 [notice] 1#1: signal 29 (SIGIO) received
2023/09/26 17:33:00 [notice] 1#1: signal 17 (SIGCHLD) received from 39
2023/09/26 17:33:00 [notice] 1#1: worker process 39 exited with code 0
2023/09/26 17:33:00 [notice] 1#1: signal 29 (SIGIO) received
2023/09/26 17:33:00 [notice] 1#1: signal 17 (SIGCHLD) received from 38
2023/09/26 17:33:00 [notice] 1#1: worker process 36 exited with code 0
2023/09/26 17:33:00 [notice] 1#1: worker process 38 exited with code 0
2023/09/26 17:33:00 [notice] 1#1: worker process 43 exited with code 0
2023/09/26 17:33:00 [notice] 1#1: worker process 46 exited with code 0
2023/09/26 17:33:00 [notice] 1#1: worker process 47 exited with code 0
2023/09/26 17:33:00 [notice] 1#1: worker process 48 exited with code 0
2023/09/26 17:33:00 [notice] 1#1: worker process 49 exited with code 0
2023/09/26 17:33:00 [notice] 1#1: worker process 51 exited with code 0
2023/09/26 17:33:00 [notice] 1#1: signal 29 (SIGIO) received
2023/09/26 17:33:00 [notice] 1#1: signal 17 (SIGCHLD) received from 48
2023/09/26 17:33:00 [notice] 1#1: worker process 37 exited with code 0
2023/09/26 17:33:00 [notice] 1#1: worker process 41 exited with code 0
2023/09/26 17:33:00 [notice] 1#1: worker process 42 exited with code 0
2023/09/26 17:33:00 [notice] 1#1: signal 29 (SIGIO) received
2023/09/26 17:33:00 [notice] 1#1: signal 17 (SIGCHLD) received from 37
2023/09/26 17:33:00 [notice] 1#1: signal 17 (SIGCHLD) received from 45
2023/09/26 17:33:00 [notice] 1#1: worker process 40 exited with code 0
2023/09/26 17:33:00 [notice] 1#1: worker process 44 exited with code 0
2023/09/26 17:33:00 [notice] 1#1: worker process 45 exited with code 0
2023/09/26 17:33:00 [notice] 1#1: exit
2023/09/26 17:33:20 [notice] 1#1: using the "epoll" event method
2023/09/26 17:33:20 [notice] 1#1: nginx/1.25.2
2023/09/26 17:33:20 [notice] 1#1: built by gcc 12.2.0 (Debian 12.2.0-14) 
2023/09/26 17:33:20 [notice] 1#1: OS: Linux 5.15.90.1-microsoft-standard-WSL2
2023/09/26 17:33:20 [notice] 1#1: getrlimit(RLIMIT_NOFILE): 1048576:1048576
2023/09/26 17:33:20 [notice] 1#1: start worker processes
2023/09/26 17:33:20 [notice] 1#1: start worker process 35
2023/09/26 17:33:20 [notice] 1#1: start worker process 36
2023/09/26 17:33:20 [notice] 1#1: start worker process 37
2023/09/26 17:33:20 [notice] 1#1: start worker process 38
2023/09/26 17:33:20 [notice] 1#1: start worker process 39
2023/09/26 17:33:20 [notice] 1#1: start worker process 40
2023/09/26 17:33:20 [notice] 1#1: start worker process 41
2023/09/26 17:33:20 [notice] 1#1: start worker process 42
2023/09/26 17:33:20 [notice] 1#1: start worker process 43
2023/09/26 17:33:20 [notice] 1#1: start worker process 44
2023/09/26 17:33:20 [notice] 1#1: start worker process 45
2023/09/26 17:33:20 [notice] 1#1: start worker process 46
2023/09/26 17:33:20 [notice] 1#1: start worker process 47
2023/09/26 17:33:20 [notice] 1#1: start worker process 48
2023/09/26 17:33:20 [notice] 1#1: start worker process 49
2023/09/26 17:33:20 [notice] 1#1: start worker process 50
2023/09/26 17:33:25 [error] 35#35: *1 open() "/usr/share/nginx/html/nginx/src/style.css" failed (2: No such file or directory), client: 172.24.0.1, server: _, request: "GET /nginx/src/style.css HTTP/1.1", host: "localhost", referrer: "http://localhost/index.php"
2023/09/26 17:33:27 [error] 35#35: *1 open() "/usr/share/nginx/html/nginx/src/style.css" failed (2: No such file or directory), client: 172.24.0.1, server: _, request: "GET /nginx/src/style.css HTTP/1.1", host: "localhost", referrer: "http://localhost/index.php"
2023/09/26 17:33:38 [error] 35#35: *1 open() "/usr/share/nginx/html/nginx/src/style.css" failed (2: No such file or directory), client: 172.24.0.1, server: _, request: "GET /nginx/src/style.css HTTP/1.1", host: "localhost", referrer: "http://localhost/index.php"
2023/09/26 17:36:27 [notice] 1#1: signal 3 (SIGQUIT) received, shutting down
2023/09/26 17:36:27 [notice] 35#35: gracefully shutting down
2023/09/26 17:36:27 [notice] 48#48: gracefully shutting down
2023/09/26 17:36:27 [notice] 36#36: gracefully shutting down
2023/09/26 17:36:27 [notice] 37#37: gracefully shutting down
2023/09/26 17:36:27 [notice] 37#37: exiting
2023/09/26 17:36:27 [notice] 38#38: gracefully shutting down
2023/09/26 17:36:27 [notice] 40#40: gracefully shutting down
2023/09/26 17:36:27 [notice] 41#41: gracefully shutting down
2023/09/26 17:36:27 [notice] 39#39: gracefully shutting down
2023/09/26 17:36:27 [notice] 42#42: gracefully shutting down
2023/09/26 17:36:27 [notice] 42#42: exiting
2023/09/26 17:36:27 [notice] 43#43: gracefully shutting down
2023/09/26 17:36:27 [notice] 46#46: gracefully shutting down
2023/09/26 17:36:27 [notice] 46#46: exiting
2023/09/26 17:36:27 [notice] 44#44: gracefully shutting down
2023/09/26 17:36:27 [notice] 44#44: exiting
2023/09/26 17:36:27 [notice] 47#47: gracefully shutting down
2023/09/26 17:36:27 [notice] 47#47: exiting
2023/09/26 17:36:27 [notice] 49#49: gracefully shutting down
2023/09/26 17:36:27 [notice] 49#49: exiting
2023/09/26 17:36:27 [notice] 45#45: gracefully shutting down
2023/09/26 17:36:27 [notice] 35#35: exiting
2023/09/26 17:36:27 [notice] 50#50: gracefully shutting down
2023/09/26 17:36:27 [notice] 50#50: exiting
2023/09/26 17:36:27 [notice] 48#48: exiting
2023/09/26 17:36:27 [notice] 36#36: exiting
2023/09/26 17:36:27 [notice] 37#37: exit
2023/09/26 17:36:27 [notice] 38#38: exiting
2023/09/26 17:36:27 [notice] 40#40: exiting
2023/09/26 17:36:27 [notice] 41#41: exiting
2023/09/26 17:36:27 [notice] 39#39: exiting
2023/09/26 17:36:27 [notice] 42#42: exit
2023/09/26 17:36:27 [notice] 43#43: exiting
2023/09/26 17:36:27 [notice] 43#43: exit
2023/09/26 17:36:27 [notice] 46#46: exit
2023/09/26 17:36:27 [notice] 44#44: exit
2023/09/26 17:36:27 [notice] 47#47: exit
2023/09/26 17:36:27 [notice] 49#49: exit
2023/09/26 17:36:27 [notice] 45#45: exiting
2023/09/26 17:36:27 [notice] 35#35: exit
2023/09/26 17:36:27 [notice] 50#50: exit
2023/09/26 17:36:27 [notice] 48#48: exit
2023/09/26 17:36:27 [notice] 36#36: exit
2023/09/26 17:36:27 [notice] 38#38: exit
2023/09/26 17:36:27 [notice] 40#40: exit
2023/09/26 17:36:27 [notice] 41#41: exit
2023/09/26 17:36:27 [notice] 39#39: exit
2023/09/26 17:36:27 [notice] 45#45: exit
2023/09/26 17:36:28 [notice] 1#1: signal 17 (SIGCHLD) received from 45
2023/09/26 17:36:28 [notice] 1#1: worker process 35 exited with code 0
2023/09/26 17:36:28 [notice] 1#1: worker process 36 exited with code 0
2023/09/26 17:36:28 [notice] 1#1: worker process 37 exited with code 0
2023/09/26 17:36:28 [notice] 1#1: worker process 38 exited with code 0
2023/09/26 17:36:28 [notice] 1#1: worker process 39 exited with code 0
2023/09/26 17:36:28 [notice] 1#1: worker process 40 exited with code 0
2023/09/26 17:36:28 [notice] 1#1: worker process 43 exited with code 0
2023/09/26 17:36:28 [notice] 1#1: worker process 44 exited with code 0
2023/09/26 17:36:28 [notice] 1#1: worker process 45 exited with code 0
2023/09/26 17:36:28 [notice] 1#1: worker process 46 exited with code 0
2023/09/26 17:36:28 [notice] 1#1: worker process 42 exited with code 0
2023/09/26 17:36:28 [notice] 1#1: worker process 47 exited with code 0
2023/09/26 17:36:28 [notice] 1#1: worker process 48 exited with code 0
2023/09/26 17:36:28 [notice] 1#1: worker process 49 exited with code 0
2023/09/26 17:36:28 [notice] 1#1: signal 29 (SIGIO) received
2023/09/26 17:36:28 [notice] 1#1: signal 17 (SIGCHLD) received from 43
2023/09/26 17:36:28 [notice] 1#1: signal 17 (SIGCHLD) received from 50
2023/09/26 17:36:28 [notice] 1#1: worker process 41 exited with code 0
2023/09/26 17:36:28 [notice] 1#1: worker process 50 exited with code 0
2023/09/26 17:36:28 [notice] 1#1: exit
2023/09/26 17:36:52 [notice] 1#1: using the "epoll" event method
2023/09/26 17:36:52 [notice] 1#1: nginx/1.25.2
2023/09/26 17:36:52 [notice] 1#1: built by gcc 12.2.0 (Debian 12.2.0-14) 
2023/09/26 17:36:52 [notice] 1#1: OS: Linux 5.15.90.1-microsoft-standard-WSL2
2023/09/26 17:36:52 [notice] 1#1: getrlimit(RLIMIT_NOFILE): 1048576:1048576
2023/09/26 17:36:52 [notice] 1#1: start worker processes
2023/09/26 17:36:52 [notice] 1#1: start worker process 34
2023/09/26 17:36:52 [notice] 1#1: start worker process 35
2023/09/26 17:36:52 [notice] 1#1: start worker process 36
2023/09/26 17:36:52 [notice] 1#1: start worker process 37
2023/09/26 17:36:52 [notice] 1#1: start worker process 38
2023/09/26 17:36:52 [notice] 1#1: start worker process 39
2023/09/26 17:36:52 [notice] 1#1: start worker process 40
2023/09/26 17:36:52 [notice] 1#1: start worker process 41
2023/09/26 17:36:52 [notice] 1#1: start worker process 42
2023/09/26 17:36:52 [notice] 1#1: start worker process 43
2023/09/26 17:36:52 [notice] 1#1: start worker process 44
2023/09/26 17:36:52 [notice] 1#1: start worker process 45
2023/09/26 17:36:52 [notice] 1#1: start worker process 46
2023/09/26 17:36:52 [notice] 1#1: start worker process 47
2023/09/26 17:36:52 [notice] 1#1: start worker process 48
2023/09/26 17:36:52 [notice] 1#1: start worker process 49
2023/09/26 17:37:04 [error] 35#35: *2 open() "/usr/share/nginx/html/nginx/src/style.css" failed (2: No such file or directory), client: 172.24.0.1, server: _, request: "GET /nginx/src/style.css HTTP/1.1", host: "localhost", referrer: "http://localhost/index.php"
2023/09/26 17:37:05 [error] 35#35: *2 open() "/usr/share/nginx/html/nginx/src/style.css" failed (2: No such file or directory), client: 172.24.0.1, server: _, request: "GET /nginx/src/style.css HTTP/1.1", host: "localhost", referrer: "http://localhost/index.php"
2023/09/26 17:37:28 [error] 35#35: *2 open() "/usr/share/nginx/html/nginx/src/style.css" failed (2: No such file or directory), client: 172.24.0.1, server: _, request: "GET /nginx/src/style.css HTTP/1.1", host: "localhost", referrer: "http://localhost/index.php"
2023/09/26 17:41:16 [error] 41#41: *12 open() "/usr/share/nginx/html/nginx/src/style.css" failed (2: No such file or directory), client: 172.24.0.1, server: _, request: "GET /nginx/src/style.css HTTP/1.1", host: "localhost", referrer: "http://localhost/index.php"
2023/09/26 17:41:29 [error] 41#41: *12 open() "/usr/share/nginx/html/nginx/src/style.css" failed (2: No such file or directory), client: 172.24.0.1, server: _, request: "GET /nginx/src/style.css HTTP/1.1", host: "localhost", referrer: "http://localhost/index.php"
2023/09/26 17:41:32 [error] 41#41: *12 open() "/usr/share/nginx/html/nginx/src/style.css" failed (2: No such file or directory), client: 172.24.0.1, server: _, request: "GET /nginx/src/style.css HTTP/1.1", host: "localhost", referrer: "http://localhost/index.php"
2023/09/26 17:41:34 [error] 41#41: *12 open() "/usr/share/nginx/html/nginx/src/style.css" failed (2: No such file or directory), client: 172.24.0.1, server: _, request: "GET /nginx/src/style.css HTTP/1.1", host: "localhost", referrer: "http://localhost/index.php"
2023/09/26 17:56:01 [notice] 1#1: signal 3 (SIGQUIT) received, shutting down
2023/09/26 17:56:01 [notice] 34#34: gracefully shutting down
2023/09/26 17:56:01 [notice] 38#38: gracefully shutting down
2023/09/26 17:56:01 [notice] 42#42: gracefully shutting down
2023/09/26 17:56:01 [notice] 42#42: exiting
2023/09/26 17:56:01 [notice] 43#43: gracefully shutting down
2023/09/26 17:56:01 [notice] 35#35: gracefully shutting down
2023/09/26 17:56:01 [notice] 37#37: gracefully shutting down
2023/09/26 17:56:01 [notice] 44#44: gracefully shutting down
2023/09/26 17:56:01 [notice] 40#40: gracefully shutting down
2023/09/26 17:56:01 [notice] 46#46: gracefully shutting down
2023/09/26 17:56:01 [notice] 41#41: gracefully shutting down
2023/09/26 17:56:01 [notice] 41#41: exiting
2023/09/26 17:56:01 [notice] 45#45: gracefully shutting down
2023/09/26 17:56:01 [notice] 36#36: gracefully shutting down
2023/09/26 17:56:01 [notice] 48#48: gracefully shutting down
2023/09/26 17:56:01 [notice] 39#39: gracefully shutting down
2023/09/26 17:56:01 [notice] 39#39: exiting
2023/09/26 17:56:01 [notice] 47#47: gracefully shutting down
2023/09/26 17:56:01 [notice] 47#47: exiting
2023/09/26 17:56:01 [notice] 49#49: gracefully shutting down
2023/09/26 17:56:01 [notice] 49#49: exiting
2023/09/26 17:56:01 [notice] 34#34: exiting
2023/09/26 17:56:01 [notice] 38#38: exiting
2023/09/26 17:56:01 [notice] 38#38: exit
2023/09/26 17:56:01 [notice] 42#42: exit
2023/09/26 17:56:01 [notice] 43#43: exiting
2023/09/26 17:56:01 [notice] 35#35: exiting
2023/09/26 17:56:01 [notice] 37#37: exiting
2023/09/26 17:56:01 [notice] 44#44: exiting
2023/09/26 17:56:01 [notice] 40#40: exiting
2023/09/26 17:56:01 [notice] 46#46: exiting
2023/09/26 17:56:01 [notice] 41#41: exit
2023/09/26 17:56:01 [notice] 45#45: exiting
2023/09/26 17:56:01 [notice] 36#36: exiting
2023/09/26 17:56:01 [notice] 48#48: exiting
2023/09/26 17:56:01 [notice] 39#39: exit
2023/09/26 17:56:01 [notice] 47#47: exit
2023/09/26 17:56:01 [notice] 49#49: exit
2023/09/26 17:56:01 [notice] 34#34: exit
2023/09/26 17:56:01 [notice] 43#43: exit
2023/09/26 17:56:01 [notice] 35#35: exit
2023/09/26 17:56:01 [notice] 37#37: exit
2023/09/26 17:56:01 [notice] 44#44: exit
2023/09/26 17:56:01 [notice] 40#40: exit
2023/09/26 17:56:01 [notice] 46#46: exit
2023/09/26 17:56:01 [notice] 45#45: exit
2023/09/26 17:56:01 [notice] 36#36: exit
2023/09/26 17:56:01 [notice] 48#48: exit
2023/09/26 17:56:01 [notice] 1#1: signal 17 (SIGCHLD) received from 35
2023/09/26 17:56:01 [notice] 1#1: worker process 35 exited with code 0
2023/09/26 17:56:01 [notice] 1#1: signal 29 (SIGIO) received
2023/09/26 17:56:01 [notice] 1#1: signal 17 (SIGCHLD) received from 43
2023/09/26 17:56:01 [notice] 1#1: worker process 34 exited with code 0
2023/09/26 17:56:01 [notice] 1#1: worker process 36 exited with code 0
2023/09/26 17:56:01 [notice] 1#1: worker process 41 exited with code 0
2023/09/26 17:56:01 [notice] 1#1: worker process 42 exited with code 0
2023/09/26 17:56:01 [notice] 1#1: worker process 43 exited with code 0
2023/09/26 17:56:01 [notice] 1#1: worker process 44 exited with code 0
2023/09/26 17:56:01 [notice] 1#1: worker process 37 exited with code 0
2023/09/26 17:56:01 [notice] 1#1: worker process 40 exited with code 0
2023/09/26 17:56:01 [notice] 1#1: worker process 45 exited with code 0
2023/09/26 17:56:01 [notice] 1#1: worker process 47 exited with code 0
2023/09/26 17:56:01 [notice] 1#1: worker process 48 exited with code 0
2023/09/26 17:56:01 [notice] 1#1: signal 29 (SIGIO) received
2023/09/26 17:56:01 [notice] 1#1: signal 17 (SIGCHLD) received from 47
2023/09/26 17:56:01 [notice] 1#1: signal 17 (SIGCHLD) received from 49
2023/09/26 17:56:01 [notice] 1#1: worker process 39 exited with code 0
2023/09/26 17:56:01 [notice] 1#1: worker process 49 exited with code 0
2023/09/26 17:56:01 [notice] 1#1: signal 29 (SIGIO) received
2023/09/26 17:56:01 [notice] 1#1: signal 17 (SIGCHLD) received from 38
2023/09/26 17:56:01 [notice] 1#1: worker process 38 exited with code 0
2023/09/26 17:56:01 [notice] 1#1: worker process 46 exited with code 0
2023/09/26 17:56:01 [notice] 1#1: exit
2023/09/27 06:47:40 [notice] 1#1: using the "epoll" event method
2023/09/27 06:47:40 [notice] 1#1: nginx/1.25.2
2023/09/27 06:47:40 [notice] 1#1: built by gcc 12.2.0 (Debian 12.2.0-14) 
2023/09/27 06:47:40 [notice] 1#1: OS: Linux 5.15.90.1-microsoft-standard-WSL2
2023/09/27 06:47:40 [notice] 1#1: getrlimit(RLIMIT_NOFILE): 1048576:1048576
2023/09/27 06:47:40 [notice] 1#1: start worker processes
2023/09/27 06:47:40 [notice] 1#1: start worker process 35
2023/09/27 06:47:40 [notice] 1#1: start worker process 36
2023/09/27 06:47:40 [notice] 1#1: start worker process 37
2023/09/27 06:47:40 [notice] 1#1: start worker process 38
2023/09/27 06:47:40 [notice] 1#1: start worker process 39
2023/09/27 06:47:40 [notice] 1#1: start worker process 40
2023/09/27 06:47:40 [notice] 1#1: start worker process 41
2023/09/27 06:47:40 [notice] 1#1: start worker process 42
2023/09/27 06:47:40 [notice] 1#1: start worker process 43
2023/09/27 06:47:40 [notice] 1#1: start worker process 44
2023/09/27 06:47:40 [notice] 1#1: start worker process 45
2023/09/27 06:47:40 [notice] 1#1: start worker process 46
2023/09/27 06:47:40 [notice] 1#1: start worker process 47
2023/09/27 06:47:40 [notice] 1#1: start worker process 48
2023/09/27 06:47:40 [notice] 1#1: start worker process 49
2023/09/27 06:47:40 [notice] 1#1: start worker process 50
2023/09/27 06:50:45 [notice] 1#1: signal 3 (SIGQUIT) received, shutting down
2023/09/27 06:50:45 [notice] 35#35: gracefully shutting down
2023/09/27 06:50:45 [notice] 35#35: exiting
2023/09/27 06:50:45 [notice] 41#41: gracefully shutting down
2023/09/27 06:50:45 [notice] 40#40: gracefully shutting down
2023/09/27 06:50:45 [notice] 42#42: gracefully shutting down
2023/09/27 06:50:45 [notice] 42#42: exiting
2023/09/27 06:50:45 [notice] 43#43: gracefully shutting down
2023/09/27 06:50:45 [notice] 46#46: gracefully shutting down
2023/09/27 06:50:45 [notice] 49#49: gracefully shutting down
2023/09/27 06:50:45 [notice] 49#49: exiting
2023/09/27 06:50:45 [notice] 47#47: gracefully shutting down
2023/09/27 06:50:45 [notice] 47#47: exiting
2023/09/27 06:50:45 [notice] 50#50: gracefully shutting down
2023/09/27 06:50:45 [notice] 50#50: exiting
2023/09/27 06:50:45 [notice] 38#38: gracefully shutting down
2023/09/27 06:50:45 [notice] 44#44: gracefully shutting down
2023/09/27 06:50:45 [notice] 44#44: exiting
2023/09/27 06:50:45 [notice] 48#48: gracefully shutting down
2023/09/27 06:50:45 [notice] 48#48: exiting
2023/09/27 06:50:45 [notice] 45#45: gracefully shutting down
2023/09/27 06:50:45 [notice] 45#45: exiting
2023/09/27 06:50:45 [notice] 36#36: gracefully shutting down
2023/09/27 06:50:45 [notice] 36#36: exiting
2023/09/27 06:50:45 [notice] 37#37: gracefully shutting down
2023/09/27 06:50:45 [notice] 37#37: exiting
2023/09/27 06:50:45 [notice] 39#39: gracefully shutting down
2023/09/27 06:50:45 [notice] 39#39: exiting
2023/09/27 06:50:45 [notice] 35#35: exit
2023/09/27 06:50:45 [notice] 41#41: exiting
2023/09/27 06:50:45 [notice] 40#40: exiting
2023/09/27 06:50:45 [notice] 42#42: exit
2023/09/27 06:50:45 [notice] 43#43: exiting
2023/09/27 06:50:45 [notice] 46#46: exiting
2023/09/27 06:50:45 [notice] 49#49: exit
2023/09/27 06:50:45 [notice] 47#47: exit
2023/09/27 06:50:45 [notice] 50#50: exit
2023/09/27 06:50:45 [notice] 38#38: exiting
2023/09/27 06:50:45 [notice] 44#44: exit
2023/09/27 06:50:45 [notice] 48#48: exit
2023/09/27 06:50:45 [notice] 45#45: exit
2023/09/27 06:50:45 [notice] 36#36: exit
2023/09/27 06:50:45 [notice] 37#37: exit
2023/09/27 06:50:45 [notice] 39#39: exit
2023/09/27 06:50:45 [notice] 41#41: exit
2023/09/27 06:50:45 [notice] 40#40: exit
2023/09/27 06:50:45 [notice] 43#43: exit
2023/09/27 06:50:45 [notice] 46#46: exit
2023/09/27 06:50:45 [notice] 38#38: exit
2023/09/27 06:50:45 [notice] 1#1: signal 17 (SIGCHLD) received from 50
2023/09/27 06:50:45 [notice] 1#1: worker process 41 exited with code 0
2023/09/27 06:50:45 [notice] 1#1: worker process 49 exited with code 0
2023/09/27 06:50:45 [notice] 1#1: worker process 50 exited with code 0
2023/09/27 06:50:45 [notice] 1#1: signal 29 (SIGIO) received
2023/09/27 06:50:45 [notice] 1#1: signal 17 (SIGCHLD) received from 42
2023/09/27 06:50:45 [notice] 1#1: worker process 35 exited with code 0
2023/09/27 06:50:45 [notice] 1#1: worker process 42 exited with code 0
2023/09/27 06:50:45 [notice] 1#1: worker process 47 exited with code 0
2023/09/27 06:50:45 [notice] 1#1: signal 29 (SIGIO) received
2023/09/27 06:50:45 [notice] 1#1: signal 17 (SIGCHLD) received from 35
2023/09/27 06:50:45 [notice] 1#1: signal 17 (SIGCHLD) received from 39
2023/09/27 06:50:45 [notice] 1#1: worker process 36 exited with code 0
2023/09/27 06:50:45 [notice] 1#1: worker process 38 exited with code 0
2023/09/27 06:50:45 [notice] 1#1: worker process 39 exited with code 0
2023/09/27 06:50:45 [notice] 1#1: worker process 40 exited with code 0
2023/09/27 06:50:45 [notice] 1#1: worker process 44 exited with code 0
2023/09/27 06:50:45 [notice] 1#1: worker process 45 exited with code 0
2023/09/27 06:50:45 [notice] 1#1: worker process 48 exited with code 0
2023/09/27 06:50:45 [notice] 1#1: signal 29 (SIGIO) received
2023/09/27 06:50:45 [notice] 1#1: signal 17 (SIGCHLD) received from 38
2023/09/27 06:50:45 [notice] 1#1: signal 17 (SIGCHLD) received from 37
2023/09/27 06:50:45 [notice] 1#1: worker process 37 exited with code 0
2023/09/27 06:50:45 [notice] 1#1: worker process 43 exited with code 0
2023/09/27 06:50:45 [notice] 1#1: worker process 46 exited with code 0
2023/09/27 06:50:45 [notice] 1#1: exit
2023/09/27 06:53:16 [notice] 1#1: using the "epoll" event method
2023/09/27 06:53:16 [notice] 1#1: nginx/1.25.2
2023/09/27 06:53:16 [notice] 1#1: built by gcc 12.2.0 (Debian 12.2.0-14) 
2023/09/27 06:53:16 [notice] 1#1: OS: Linux 5.15.90.1-microsoft-standard-WSL2
2023/09/27 06:53:16 [notice] 1#1: getrlimit(RLIMIT_NOFILE): 1048576:1048576
2023/09/27 06:53:16 [notice] 1#1: start worker processes
2023/09/27 06:53:16 [notice] 1#1: start worker process 35
2023/09/27 06:53:16 [notice] 1#1: start worker process 36
2023/09/27 06:53:16 [notice] 1#1: start worker process 37
2023/09/27 06:53:16 [notice] 1#1: start worker process 38
2023/09/27 06:53:16 [notice] 1#1: start worker process 39
2023/09/27 06:53:16 [notice] 1#1: start worker process 40
2023/09/27 06:53:16 [notice] 1#1: start worker process 41
2023/09/27 06:53:16 [notice] 1#1: start worker process 42
2023/09/27 06:53:16 [notice] 1#1: start worker process 43
2023/09/27 06:53:16 [notice] 1#1: start worker process 44
2023/09/27 06:53:16 [notice] 1#1: start worker process 45
2023/09/27 06:53:16 [notice] 1#1: start worker process 46
2023/09/27 06:53:16 [notice] 1#1: start worker process 47
2023/09/27 06:53:16 [notice] 1#1: start worker process 48
2023/09/27 06:53:16 [notice] 1#1: start worker process 49
2023/09/27 06:53:16 [notice] 1#1: start worker process 50
2023/09/27 06:55:23 [notice] 1#1: signal 3 (SIGQUIT) received, shutting down
2023/09/27 06:55:23 [notice] 35#35: gracefully shutting down
2023/09/27 06:55:23 [notice] 36#36: gracefully shutting down
2023/09/27 06:55:23 [notice] 36#36: exiting
2023/09/27 06:55:23 [notice] 37#37: gracefully shutting down
2023/09/27 06:55:23 [notice] 39#39: gracefully shutting down
2023/09/27 06:55:23 [notice] 38#38: gracefully shutting down
2023/09/27 06:55:23 [notice] 40#40: gracefully shutting down
2023/09/27 06:55:23 [notice] 41#41: gracefully shutting down
2023/09/27 06:55:23 [notice] 43#43: gracefully shutting down
2023/09/27 06:55:23 [notice] 42#42: gracefully shutting down
2023/09/27 06:55:23 [notice] 44#44: gracefully shutting down
2023/09/27 06:55:23 [notice] 45#45: gracefully shutting down
2023/09/27 06:55:23 [notice] 46#46: gracefully shutting down
2023/09/27 06:55:23 [notice] 47#47: gracefully shutting down
2023/09/27 06:55:23 [notice] 48#48: gracefully shutting down
2023/09/27 06:55:23 [notice] 49#49: gracefully shutting down
2023/09/27 06:55:23 [notice] 50#50: gracefully shutting down
2023/09/27 06:55:23 [notice] 35#35: exiting
2023/09/27 06:55:23 [notice] 36#36: exit
2023/09/27 06:55:23 [notice] 39#39: exiting
2023/09/27 06:55:23 [notice] 38#38: exiting
2023/09/27 06:55:23 [notice] 40#40: exiting
2023/09/27 06:55:23 [notice] 41#41: exiting
2023/09/27 06:55:23 [notice] 43#43: exiting
2023/09/27 06:55:23 [notice] 42#42: exiting
2023/09/27 06:55:23 [notice] 44#44: exiting
2023/09/27 06:55:23 [notice] 45#45: exiting
2023/09/27 06:55:23 [notice] 46#46: exiting
2023/09/27 06:55:23 [notice] 47#47: exiting
2023/09/27 06:55:23 [notice] 48#48: exiting
2023/09/27 06:55:23 [notice] 49#49: exiting
2023/09/27 06:55:23 [notice] 50#50: exiting
2023/09/27 06:55:23 [notice] 35#35: exit
2023/09/27 06:55:23 [notice] 39#39: exit
2023/09/27 06:55:23 [notice] 38#38: exit
2023/09/27 06:55:23 [notice] 40#40: exit
2023/09/27 06:55:23 [notice] 41#41: exit
2023/09/27 06:55:23 [notice] 43#43: exit
2023/09/27 06:55:23 [notice] 42#42: exit
2023/09/27 06:55:23 [notice] 44#44: exit
2023/09/27 06:55:23 [notice] 45#45: exit
2023/09/27 06:55:23 [notice] 46#46: exit
2023/09/27 06:55:23 [notice] 47#47: exit
2023/09/27 06:55:23 [notice] 48#48: exit
2023/09/27 06:55:23 [notice] 49#49: exit
2023/09/27 06:55:23 [notice] 50#50: exit
2023/09/27 06:55:23 [notice] 1#1: signal 17 (SIGCHLD) received from 38
2023/09/27 06:55:23 [notice] 1#1: worker process 38 exited with code 0
2023/09/27 06:55:23 [notice] 1#1: signal 29 (SIGIO) received
2023/09/27 06:55:23 [notice] 1#1: signal 17 (SIGCHLD) received from 40
2023/09/27 06:55:23 [notice] 1#1: worker process 36 exited with code 0
2023/09/27 06:55:23 [notice] 1#1: worker process 39 exited with code 0
2023/09/27 06:55:23 [notice] 1#1: worker process 40 exited with code 0
2023/09/27 06:55:23 [notice] 1#1: worker process 41 exited with code 0
2023/09/27 06:55:23 [notice] 1#1: worker process 42 exited with code 0
2023/09/27 06:55:23 [notice] 1#1: worker process 45 exited with code 0
2023/09/27 06:55:23 [notice] 1#1: worker process 46 exited with code 0
2023/09/27 06:55:23 [notice] 1#1: worker process 47 exited with code 0
2023/09/27 06:55:23 [notice] 1#1: worker process 48 exited with code 0
2023/09/27 06:55:23 [notice] 1#1: worker process 50 exited with code 0
2023/09/27 06:55:23 [notice] 1#1: signal 29 (SIGIO) received
2023/09/27 06:55:23 [notice] 1#1: signal 17 (SIGCHLD) received from 50
2023/09/27 06:55:23 [notice] 1#1: signal 17 (SIGCHLD) received from 35
2023/09/27 06:55:23 [notice] 1#1: worker process 35 exited with code 0
2023/09/27 06:55:23 [notice] 1#1: worker process 43 exited with code 0
2023/09/27 06:55:23 [notice] 1#1: worker process 44 exited with code 0
2023/09/27 06:55:23 [notice] 1#1: signal 29 (SIGIO) received
2023/09/27 06:55:23 [notice] 1#1: signal 17 (SIGCHLD) received from 44
2023/09/27 06:55:23 [notice] 1#1: signal 17 (SIGCHLD) received from 49
2023/09/27 06:55:23 [notice] 1#1: worker process 49 exited with code 0
2023/09/27 06:55:23 [notice] 1#1: signal 29 (SIGIO) received
2023/09/27 06:55:24 [notice] 37#37: exiting
2023/09/27 06:55:24 [notice] 37#37: exit
2023/09/27 06:55:24 [notice] 1#1: signal 17 (SIGCHLD) received from 37
2023/09/27 06:55:24 [notice] 1#1: worker process 37 exited with code 0
2023/09/27 06:55:24 [notice] 1#1: exit
2023/09/27 06:55:32 [notice] 1#1: using the "epoll" event method
2023/09/27 06:55:32 [notice] 1#1: nginx/1.25.2
2023/09/27 06:55:32 [notice] 1#1: built by gcc 12.2.0 (Debian 12.2.0-14) 
2023/09/27 06:55:32 [notice] 1#1: OS: Linux 5.15.90.1-microsoft-standard-WSL2
2023/09/27 06:55:32 [notice] 1#1: getrlimit(RLIMIT_NOFILE): 1048576:1048576
2023/09/27 06:55:32 [notice] 1#1: start worker processes
2023/09/27 06:55:32 [notice] 1#1: start worker process 34
2023/09/27 06:55:32 [notice] 1#1: start worker process 35
2023/09/27 06:55:32 [notice] 1#1: start worker process 36
2023/09/27 06:55:32 [notice] 1#1: start worker process 37
2023/09/27 06:55:32 [notice] 1#1: start worker process 38
2023/09/27 06:55:32 [notice] 1#1: start worker process 39
2023/09/27 06:55:32 [notice] 1#1: start worker process 40
2023/09/27 06:55:32 [notice] 1#1: start worker process 41
2023/09/27 06:55:32 [notice] 1#1: start worker process 42
2023/09/27 06:55:32 [notice] 1#1: start worker process 43
2023/09/27 06:55:32 [notice] 1#1: start worker process 44
2023/09/27 06:55:32 [notice] 1#1: start worker process 45
2023/09/27 06:55:32 [notice] 1#1: start worker process 46
2023/09/27 06:55:32 [notice] 1#1: start worker process 47
2023/09/27 06:55:32 [notice] 1#1: start worker process 48
2023/09/27 06:55:32 [notice] 1#1: start worker process 49
2023/09/27 06:55:47 [notice] 1#1: signal 3 (SIGQUIT) received, shutting down
2023/09/27 06:55:47 [notice] 44#44: gracefully shutting down
2023/09/27 06:55:47 [notice] 48#48: gracefully shutting down
2023/09/27 06:55:47 [notice] 49#49: gracefully shutting down
2023/09/27 06:55:47 [notice] 45#45: gracefully shutting down
2023/09/27 06:55:47 [notice] 45#45: exiting
2023/09/27 06:55:47 [notice] 34#34: gracefully shutting down
2023/09/27 06:55:47 [notice] 46#46: gracefully shutting down
2023/09/27 06:55:47 [notice] 46#46: exiting
2023/09/27 06:55:47 [notice] 35#35: gracefully shutting down
2023/09/27 06:55:47 [notice] 36#36: gracefully shutting down
2023/09/27 06:55:47 [notice] 36#36: exiting
2023/09/27 06:55:47 [notice] 37#37: gracefully shutting down
2023/09/27 06:55:47 [notice] 37#37: exiting
2023/09/27 06:55:47 [notice] 38#38: gracefully shutting down
2023/09/27 06:55:47 [notice] 47#47: gracefully shutting down
2023/09/27 06:55:47 [notice] 39#39: gracefully shutting down
2023/09/27 06:55:47 [notice] 40#40: gracefully shutting down
2023/09/27 06:55:47 [notice] 41#41: gracefully shutting down
2023/09/27 06:55:47 [notice] 42#42: gracefully shutting down
2023/09/27 06:55:47 [notice] 42#42: exiting
2023/09/27 06:55:47 [notice] 43#43: gracefully shutting down
2023/09/27 06:55:47 [notice] 43#43: exiting
2023/09/27 06:55:47 [notice] 44#44: exiting
2023/09/27 06:55:47 [notice] 44#44: exit
2023/09/27 06:55:47 [notice] 48#48: exiting
2023/09/27 06:55:47 [notice] 49#49: exiting
2023/09/27 06:55:47 [notice] 45#45: exit
2023/09/27 06:55:47 [notice] 34#34: exiting
2023/09/27 06:55:47 [notice] 46#46: exit
2023/09/27 06:55:47 [notice] 36#36: exit
2023/09/27 06:55:47 [notice] 37#37: exit
2023/09/27 06:55:47 [notice] 38#38: exiting
2023/09/27 06:55:47 [notice] 47#47: exiting
2023/09/27 06:55:47 [notice] 39#39: exiting
2023/09/27 06:55:47 [notice] 40#40: exiting
2023/09/27 06:55:47 [notice] 41#41: exiting
2023/09/27 06:55:47 [notice] 42#42: exit
2023/09/27 06:55:47 [notice] 43#43: exit
2023/09/27 06:55:47 [notice] 48#48: exit
2023/09/27 06:55:47 [notice] 49#49: exit
2023/09/27 06:55:47 [notice] 34#34: exit
2023/09/27 06:55:47 [notice] 38#38: exit
2023/09/27 06:55:47 [notice] 47#47: exit
2023/09/27 06:55:47 [notice] 39#39: exit
2023/09/27 06:55:47 [notice] 40#40: exit
2023/09/27 06:55:47 [notice] 41#41: exit
2023/09/27 06:55:47 [notice] 1#1: signal 17 (SIGCHLD) received from 43
2023/09/27 06:55:47 [notice] 1#1: worker process 34 exited with code 0
2023/09/27 06:55:47 [notice] 1#1: worker process 36 exited with code 0
2023/09/27 06:55:47 [notice] 1#1: worker process 37 exited with code 0
2023/09/27 06:55:47 [notice] 1#1: worker process 42 exited with code 0
2023/09/27 06:55:47 [notice] 1#1: worker process 43 exited with code 0
2023/09/27 06:55:47 [notice] 1#1: worker process 44 exited with code 0
2023/09/27 06:55:47 [notice] 1#1: worker process 45 exited with code 0
2023/09/27 06:55:47 [notice] 1#1: worker process 46 exited with code 0
2023/09/27 06:55:47 [notice] 1#1: worker process 48 exited with code 0
2023/09/27 06:55:47 [notice] 1#1: worker process 49 exited with code 0
2023/09/27 06:55:47 [notice] 1#1: signal 29 (SIGIO) received
2023/09/27 06:55:47 [notice] 1#1: signal 17 (SIGCHLD) received from 34
2023/09/27 06:55:47 [notice] 1#1: signal 17 (SIGCHLD) received from 40
2023/09/27 06:55:47 [notice] 1#1: worker process 38 exited with code 0
2023/09/27 06:55:47 [notice] 1#1: worker process 39 exited with code 0
2023/09/27 06:55:47 [notice] 1#1: worker process 40 exited with code 0
2023/09/27 06:55:47 [notice] 1#1: worker process 47 exited with code 0
2023/09/27 06:55:47 [notice] 1#1: signal 29 (SIGIO) received
2023/09/27 06:55:47 [notice] 1#1: signal 17 (SIGCHLD) received from 41
2023/09/27 06:55:47 [notice] 1#1: worker process 41 exited with code 0
2023/09/27 06:55:47 [notice] 1#1: signal 29 (SIGIO) received
2023/09/27 06:55:55 [notice] 1#1: signal 3 (SIGQUIT) received, shutting down
2023/09/28 10:06:20 [notice] 1#1: using the "epoll" event method
2023/09/28 10:06:20 [notice] 1#1: nginx/1.25.2
2023/09/28 10:06:20 [notice] 1#1: built by gcc 12.2.0 (Debian 12.2.0-14) 
2023/09/28 10:06:20 [notice] 1#1: OS: Linux 5.15.90.1-microsoft-standard-WSL2
2023/09/28 10:06:20 [notice] 1#1: getrlimit(RLIMIT_NOFILE): 1048576:1048576
2023/09/28 10:06:20 [notice] 1#1: start worker processes
2023/09/28 10:06:20 [notice] 1#1: start worker process 35
2023/09/28 10:06:20 [notice] 1#1: start worker process 36
2023/09/28 10:06:20 [notice] 1#1: start worker process 37
2023/09/28 10:06:20 [notice] 1#1: start worker process 38
2023/09/28 10:06:20 [notice] 1#1: start worker process 39
2023/09/28 10:06:20 [notice] 1#1: start worker process 40
2023/09/28 10:06:20 [notice] 1#1: start worker process 41
2023/09/28 10:06:20 [notice] 1#1: start worker process 42
2023/09/28 10:06:20 [notice] 1#1: start worker process 43
2023/09/28 10:06:20 [notice] 1#1: start worker process 44
2023/09/28 10:06:20 [notice] 1#1: start worker process 45
2023/09/28 10:06:20 [notice] 1#1: start worker process 46
2023/09/28 10:06:20 [notice] 1#1: start worker process 47
2023/09/28 10:06:20 [notice] 1#1: start worker process 48
2023/09/28 10:06:20 [notice] 1#1: start worker process 49
2023/09/28 10:06:20 [notice] 1#1: start worker process 50
2023/09/28 10:06:38 [error] 35#35: *1 open() "/usr/share/nginx/html/favicon.ico" failed (2: No such file or directory), client: 172.19.0.1, server: _, request: "GET /favicon.ico HTTP/1.1", host: "localhost", referrer: "http://localhost/delivery.html"
2023/09/28 11:22:30 [notice] 1#1: signal 3 (SIGQUIT) received, shutting down
2023/09/28 11:22:30 [notice] 35#35: gracefully shutting down
2023/09/28 11:22:30 [notice] 36#36: gracefully shutting down
2023/09/28 11:22:30 [notice] 38#38: gracefully shutting down
2023/09/28 11:22:30 [notice] 38#38: exiting
2023/09/28 11:22:30 [notice] 37#37: gracefully shutting down
2023/09/28 11:22:30 [notice] 43#43: gracefully shutting down
2023/09/28 11:22:30 [notice] 40#40: gracefully shutting down
2023/09/28 11:22:30 [notice] 41#41: gracefully shutting down
2023/09/28 11:22:30 [notice] 42#42: gracefully shutting down
2023/09/28 11:22:30 [notice] 45#45: gracefully shutting down
2023/09/28 11:22:30 [notice] 45#45: exiting
2023/09/28 11:22:30 [notice] 44#44: gracefully shutting down
2023/09/28 11:22:30 [notice] 46#46: gracefully shutting down
2023/09/28 11:22:30 [notice] 46#46: exiting
2023/09/28 11:22:30 [notice] 47#47: gracefully shutting down
2023/09/28 11:22:30 [notice] 47#47: exiting
2023/09/28 11:22:30 [notice] 48#48: gracefully shutting down
2023/09/28 11:22:30 [notice] 48#48: exiting
2023/09/28 11:22:30 [notice] 49#49: gracefully shutting down
2023/09/28 11:22:30 [notice] 50#50: gracefully shutting down
2023/09/28 11:22:30 [notice] 50#50: exiting
2023/09/28 11:22:30 [notice] 39#39: gracefully shutting down
2023/09/28 11:22:30 [notice] 35#35: exiting
2023/09/28 11:22:30 [notice] 36#36: exiting
2023/09/28 11:22:30 [notice] 38#38: exit
2023/09/28 11:22:30 [notice] 37#37: exiting
2023/09/28 11:22:30 [notice] 43#43: exiting
2023/09/28 11:22:30 [notice] 43#43: exit
2023/09/28 11:22:30 [notice] 40#40: exiting
2023/09/28 11:22:30 [notice] 41#41: exiting
2023/09/28 11:22:30 [notice] 42#42: exiting
2023/09/28 11:22:30 [notice] 45#45: exit
2023/09/28 11:22:30 [notice] 44#44: exiting
2023/09/28 11:22:30 [notice] 46#46: exit
2023/09/28 11:22:30 [notice] 47#47: exit
2023/09/28 11:22:30 [notice] 48#48: exit
2023/09/28 11:22:30 [notice] 49#49: exiting
2023/09/28 11:22:30 [notice] 50#50: exit
2023/09/28 11:22:30 [notice] 39#39: exiting
2023/09/28 11:22:30 [notice] 35#35: exit
2023/09/28 11:22:30 [notice] 36#36: exit
2023/09/28 11:22:30 [notice] 37#37: exit
2023/09/28 11:22:30 [notice] 40#40: exit
2023/09/28 11:22:30 [notice] 41#41: exit
2023/09/28 11:22:30 [notice] 42#42: exit
2023/09/28 11:22:30 [notice] 44#44: exit
2023/09/28 11:22:30 [notice] 49#49: exit
2023/09/28 11:22:30 [notice] 39#39: exit
2023/09/28 11:22:30 [notice] 1#1: signal 17 (SIGCHLD) received from 47
2023/09/28 11:22:30 [notice] 1#1: worker process 47 exited with code 0
2023/09/28 11:22:30 [notice] 1#1: signal 29 (SIGIO) received
2023/09/28 11:22:30 [notice] 1#1: signal 17 (SIGCHLD) received from 39
2023/09/28 11:22:30 [notice] 1#1: worker process 39 exited with code 0
2023/09/28 11:22:30 [notice] 1#1: worker process 40 exited with code 0
2023/09/28 11:22:30 [notice] 1#1: worker process 41 exited with code 0
2023/09/28 11:22:30 [notice] 1#1: worker process 44 exited with code 0
2023/09/28 11:22:30 [notice] 1#1: worker process 48 exited with code 0
2023/09/28 11:22:30 [notice] 1#1: signal 29 (SIGIO) received
2023/09/28 11:22:30 [notice] 1#1: signal 17 (SIGCHLD) received from 37
2023/09/28 11:22:30 [notice] 1#1: worker process 37 exited with code 0
2023/09/28 11:22:30 [notice] 1#1: worker process 38 exited with code 0
2023/09/28 11:22:30 [notice] 1#1: worker process 45 exited with code 0
2023/09/28 11:22:30 [notice] 1#1: worker process 49 exited with code 0
2023/09/28 11:22:30 [notice] 1#1: signal 29 (SIGIO) received
2023/09/28 11:22:30 [notice] 1#1: signal 17 (SIGCHLD) received from 49
2023/09/28 11:22:30 [notice] 1#1: signal 17 (SIGCHLD) received from 43
2023/09/28 11:22:30 [notice] 1#1: worker process 36 exited with code 0
2023/09/28 11:22:30 [notice] 1#1: worker process 43 exited with code 0
2023/09/28 11:22:30 [notice] 1#1: worker process 46 exited with code 0
2023/09/28 11:22:30 [notice] 1#1: signal 29 (SIGIO) received
2023/09/28 11:22:30 [notice] 1#1: signal 17 (SIGCHLD) received from 36
2023/09/28 11:22:30 [notice] 1#1: signal 17 (SIGCHLD) received from 50
2023/09/28 11:22:30 [notice] 1#1: worker process 35 exited with code 0
2023/09/28 11:22:30 [notice] 1#1: worker process 42 exited with code 0
2023/09/28 11:22:30 [notice] 1#1: worker process 50 exited with code 0
2023/09/28 11:22:30 [notice] 1#1: exit
2023/10/04 17:27:52 [notice] 1#1: using the "epoll" event method
2023/10/04 17:27:52 [notice] 1#1: nginx/1.25.2
2023/10/04 17:27:52 [notice] 1#1: built by gcc 12.2.0 (Debian 12.2.0-14) 
2023/10/04 17:27:52 [notice] 1#1: OS: Linux 5.15.90.1-microsoft-standard-WSL2
2023/10/04 17:27:52 [notice] 1#1: getrlimit(RLIMIT_NOFILE): 1048576:1048576
2023/10/04 17:27:52 [notice] 1#1: start worker processes
2023/10/04 17:27:52 [notice] 1#1: start worker process 34
2023/10/04 17:27:52 [notice] 1#1: start worker process 35
2023/10/04 17:27:52 [notice] 1#1: start worker process 36
2023/10/04 17:27:52 [notice] 1#1: start worker process 37
2023/10/04 17:27:52 [notice] 1#1: start worker process 38
2023/10/04 17:27:52 [notice] 1#1: start worker process 39
2023/10/04 17:27:52 [notice] 1#1: start worker process 40
2023/10/04 17:27:52 [notice] 1#1: start worker process 41
2023/10/04 17:27:52 [notice] 1#1: start worker process 42
2023/10/04 17:27:52 [notice] 1#1: start worker process 43
2023/10/04 17:27:52 [notice] 1#1: start worker process 44
2023/10/04 17:27:52 [notice] 1#1: start worker process 45
2023/10/04 17:27:52 [notice] 1#1: start worker process 46
2023/10/04 17:27:52 [notice] 1#1: start worker process 47
2023/10/04 17:27:52 [notice] 1#1: start worker process 48
2023/10/04 17:27:52 [notice] 1#1: start worker process 49
2023/10/04 17:28:39 [notice] 1#1: signal 3 (SIGQUIT) received, shutting down
2023/10/04 17:28:39 [notice] 34#34: gracefully shutting down
2023/10/04 17:28:39 [notice] 35#35: gracefully shutting down
2023/10/04 17:28:39 [notice] 35#35: exiting
2023/10/04 17:28:39 [notice] 37#37: gracefully shutting down
2023/10/04 17:28:39 [notice] 37#37: exiting
2023/10/04 17:28:39 [notice] 36#36: gracefully shutting down
2023/10/04 17:28:39 [notice] 36#36: exiting
2023/10/04 17:28:39 [notice] 38#38: gracefully shutting down
2023/10/04 17:28:39 [notice] 38#38: exiting
2023/10/04 17:28:39 [notice] 39#39: gracefully shutting down
2023/10/04 17:28:39 [notice] 39#39: exiting
2023/10/04 17:28:39 [notice] 41#41: gracefully shutting down
2023/10/04 17:28:39 [notice] 41#41: exiting
2023/10/04 17:28:39 [notice] 40#40: gracefully shutting down
2023/10/04 17:28:39 [notice] 40#40: exiting
2023/10/04 17:28:39 [notice] 43#43: gracefully shutting down
2023/10/04 17:28:39 [notice] 43#43: exiting
2023/10/04 17:28:39 [notice] 42#42: gracefully shutting down
2023/10/04 17:28:39 [notice] 42#42: exiting
2023/10/04 17:28:39 [notice] 44#44: gracefully shutting down
2023/10/04 17:28:39 [notice] 45#45: gracefully shutting down
2023/10/04 17:28:39 [notice] 46#46: gracefully shutting down
2023/10/04 17:28:39 [notice] 46#46: exiting
2023/10/04 17:28:39 [notice] 47#47: gracefully shutting down
2023/10/04 17:28:39 [notice] 47#47: exiting
2023/10/04 17:28:39 [notice] 48#48: gracefully shutting down
2023/10/04 17:28:39 [notice] 48#48: exiting
2023/10/04 17:28:39 [notice] 49#49: gracefully shutting down
2023/10/04 17:28:39 [notice] 34#34: exiting
2023/10/04 17:28:39 [notice] 35#35: exit
2023/10/04 17:28:39 [notice] 37#37: exit
2023/10/04 17:28:39 [notice] 36#36: exit
2023/10/04 17:28:39 [notice] 38#38: exit
2023/10/04 17:28:39 [notice] 39#39: exit
2023/10/04 17:28:39 [notice] 41#41: exit
2023/10/04 17:28:39 [notice] 40#40: exit
2023/10/04 17:28:39 [notice] 43#43: exit
2023/10/04 17:28:39 [notice] 42#42: exit
2023/10/04 17:28:39 [notice] 44#44: exiting
2023/10/04 17:28:39 [notice] 45#45: exiting
2023/10/04 17:28:39 [notice] 45#45: exit
2023/10/04 17:28:39 [notice] 46#46: exit
2023/10/04 17:28:39 [notice] 47#47: exit
2023/10/04 17:28:39 [notice] 48#48: exit
2023/10/04 17:28:39 [notice] 49#49: exiting
2023/10/04 17:28:39 [notice] 34#34: exit
2023/10/04 17:28:39 [notice] 44#44: exit
2023/10/04 17:28:39 [notice] 49#49: exit
2023/10/04 17:28:39 [notice] 1#1: signal 17 (SIGCHLD) received from 40
2023/10/04 17:28:39 [notice] 1#1: worker process 40 exited with code 0
2023/10/04 17:28:39 [notice] 1#1: signal 29 (SIGIO) received
2023/10/04 17:28:39 [notice] 1#1: signal 17 (SIGCHLD) received from 38
2023/10/04 17:28:39 [notice] 1#1: worker process 37 exited with code 0
2023/10/04 17:28:39 [notice] 1#1: worker process 38 exited with code 0
2023/10/04 17:28:39 [notice] 1#1: worker process 39 exited with code 0
2023/10/04 17:28:39 [notice] 1#1: worker process 46 exited with code 0
2023/10/04 17:28:39 [notice] 1#1: worker process 47 exited with code 0
2023/10/04 17:28:39 [notice] 1#1: worker process 48 exited with code 0
2023/10/04 17:28:39 [notice] 1#1: signal 29 (SIGIO) received
2023/10/04 17:28:39 [notice] 1#1: signal 17 (SIGCHLD) received from 48
2023/10/04 17:28:39 [notice] 1#1: worker process 34 exited with code 0
2023/10/04 17:28:39 [notice] 1#1: worker process 35 exited with code 0
2023/10/04 17:28:39 [notice] 1#1: worker process 36 exited with code 0
2023/10/04 17:28:39 [notice] 1#1: worker process 41 exited with code 0
2023/10/04 17:28:39 [notice] 1#1: worker process 42 exited with code 0
2023/10/04 17:28:39 [notice] 1#1: worker process 43 exited with code 0
2023/10/04 17:28:39 [notice] 1#1: worker process 44 exited with code 0
2023/10/04 17:28:39 [notice] 1#1: worker process 45 exited with code 0
2023/10/04 17:28:39 [notice] 1#1: worker process 49 exited with code 0
2023/10/04 17:28:39 [notice] 1#1: exit
